
=== Starting experiments for country: GB ===

=== Starting experiments for pred_len: 24 ===

--- Running model for GB, pred_len=24 ---
Args in experiment:
Namespace(random_seed=2021, is_training=1, model_id='GB_no_revin_GB_512_24_GB', model='PatchTST', data='custom', root_path='/vol/fob-vol3/nebenf24/riabchuv/my_work-1/datasets/', data_path='GB_data.csv', features='M', target='OT', freq='h', checkpoints='./checkpoints/', overlapping_windows=True, scaler_type='minmax', if_relu=True, channel_mixing=0, seq_len=512, label_len=48, pred_len=24, inverse=False, loss_fnc='MSE', fc_dropout=0.2, head_dropout=0.0, patch_len=16, stride=8, padding_patch='end', revin=0, affine=0, subtract_last=0, decomposition=0, kernel_size=25, individual=0, embed_type=0, enc_in=5, dec_in=7, c_out=5, d_model=128, n_heads=16, e_layers=3, d_layers=1, d_ff=256, moving_avg=25, factor=1, distil=True, dropout=0.2, embed='timeF', activation='gelu', output_attention=False, do_predict=False, num_workers=10, itr=1, train_epochs=100, batch_size=128, patience=10, learning_rate=0.0001, des='Exp', lradj='type3', pct_start=0.3, use_amp=False, use_gpu=True, gpu=0, use_multi_gpu=False, devices='0,1,2,3', test_flop=False)
Use GPU: cuda:0
>>>>>>>start training : GB_no_revin_GB_512_24_GB_PatchTST_custom_ftM_sl512_ll48_pl24_dm128_nh16_el3_dl1_df256_fc1_ebtimeF_dtTrue_lossMSE_Exp_0>>>>>>>>>>>>>>>>>>>>>>>>>>
train 28601
val 6217
test 6217
	iters: 100, epoch: 1 | loss: 0.1296732
	speed: 0.0740s/iter; left time: 1642.5872s
	iters: 200, epoch: 1 | loss: 0.1225555
	speed: 0.0473s/iter; left time: 1045.5261s
-------------------------------------------------------------------------------------
Epoch: 1
Cost time: 00h:00m:11.18s
Steps: 223 | Train Loss: 0.1316660 Vali Loss: 0.0944922 Test Loss: 0.1096129
Validation loss decreased (inf --> 0.094492).  Saving model ...
Updating learning rate to 0.0001
	iters: 100, epoch: 2 | loss: 0.0377319
	speed: 0.0875s/iter; left time: 1922.6678s
	iters: 200, epoch: 2 | loss: 0.0261822
	speed: 0.0474s/iter; left time: 1037.0308s
-------------------------------------------------------------------------------------
Epoch: 2
Cost time: 00h:00m:10.88s
Steps: 223 | Train Loss: 0.0454864 Vali Loss: 0.0248178 Test Loss: 0.0346409
Validation loss decreased (0.094492 --> 0.024818).  Saving model ...
Updating learning rate to 0.0001
	iters: 100, epoch: 3 | loss: 0.0243949
	speed: 0.0876s/iter; left time: 1905.5515s
	iters: 200, epoch: 3 | loss: 0.0203790
	speed: 0.0471s/iter; left time: 1019.0757s
-------------------------------------------------------------------------------------
Epoch: 3
Cost time: 00h:00m:10.82s
Steps: 223 | Train Loss: 0.0222196 Vali Loss: 0.0212921 Test Loss: 0.0278196
Validation loss decreased (0.024818 --> 0.021292).  Saving model ...
Updating learning rate to 0.0001
	iters: 100, epoch: 4 | loss: 0.0207562
	speed: 0.0881s/iter; left time: 1897.3854s
	iters: 200, epoch: 4 | loss: 0.0200337
	speed: 0.0478s/iter; left time: 1024.9207s
-------------------------------------------------------------------------------------
Epoch: 4
Cost time: 00h:00m:10.91s
Steps: 223 | Train Loss: 0.0183250 Vali Loss: 0.0207108 Test Loss: 0.0272615
Validation loss decreased (0.021292 --> 0.020711).  Saving model ...
Updating learning rate to 9e-05
	iters: 100, epoch: 5 | loss: 0.0151180
	speed: 0.0869s/iter; left time: 1851.8966s
	iters: 200, epoch: 5 | loss: 0.0161550
	speed: 0.0474s/iter; left time: 1006.0479s
-------------------------------------------------------------------------------------
Epoch: 5
Cost time: 00h:00m:10.88s
Steps: 223 | Train Loss: 0.0166715 Vali Loss: 0.0204913 Test Loss: 0.0278639
Validation loss decreased (0.020711 --> 0.020491).  Saving model ...
Updating learning rate to 8.1e-05
	iters: 100, epoch: 6 | loss: 0.0140818
	speed: 0.0869s/iter; left time: 1833.0432s
	iters: 200, epoch: 6 | loss: 0.0173617
	speed: 0.0475s/iter; left time: 997.5723s
-------------------------------------------------------------------------------------
Epoch: 6
Cost time: 00h:00m:10.91s
Steps: 223 | Train Loss: 0.0157911 Vali Loss: 0.0205434 Test Loss: 0.0280114
EarlyStopping counter: 1 out of 10
Updating learning rate to 7.290000000000001e-05
	iters: 100, epoch: 7 | loss: 0.0153887
	speed: 0.0875s/iter; left time: 1826.5269s
	iters: 200, epoch: 7 | loss: 0.0141236
	speed: 0.0476s/iter; left time: 987.4697s
-------------------------------------------------------------------------------------
Epoch: 7
Cost time: 00h:00m:10.88s
Steps: 223 | Train Loss: 0.0154214 Vali Loss: 0.0204262 Test Loss: 0.0280592
Validation loss decreased (0.020491 --> 0.020426).  Saving model ...
Updating learning rate to 6.561e-05
	iters: 100, epoch: 8 | loss: 0.0162005
	speed: 0.0887s/iter; left time: 1831.1464s
	iters: 200, epoch: 8 | loss: 0.0151308
	speed: 0.0476s/iter; left time: 976.8516s
-------------------------------------------------------------------------------------
Epoch: 8
Cost time: 00h:00m:10.92s
Steps: 223 | Train Loss: 0.0151685 Vali Loss: 0.0205546 Test Loss: 0.0274767
EarlyStopping counter: 1 out of 10
Updating learning rate to 5.904900000000001e-05
	iters: 100, epoch: 9 | loss: 0.0159596
	speed: 0.0874s/iter; left time: 1785.1890s
	iters: 200, epoch: 9 | loss: 0.0138793
	speed: 0.0473s/iter; left time: 961.0273s
-------------------------------------------------------------------------------------
Epoch: 9
Cost time: 00h:00m:10.92s
Steps: 223 | Train Loss: 0.0149537 Vali Loss: 0.0201726 Test Loss: 0.0266926
Validation loss decreased (0.020426 --> 0.020173).  Saving model ...
Updating learning rate to 5.3144100000000005e-05
	iters: 100, epoch: 10 | loss: 0.0142701
	speed: 0.0866s/iter; left time: 1749.6645s
	iters: 200, epoch: 10 | loss: 0.0156937
	speed: 0.0475s/iter; left time: 955.0107s
-------------------------------------------------------------------------------------
Epoch: 10
Cost time: 00h:00m:10.89s
Steps: 223 | Train Loss: 0.0147354 Vali Loss: 0.0200238 Test Loss: 0.0267262
Validation loss decreased (0.020173 --> 0.020024).  Saving model ...
Updating learning rate to 4.782969000000001e-05
	iters: 100, epoch: 11 | loss: 0.0162956
	speed: 0.0879s/iter; left time: 1755.7273s
	iters: 200, epoch: 11 | loss: 0.0157453
	speed: 0.0474s/iter; left time: 942.1569s
-------------------------------------------------------------------------------------
Epoch: 11
Cost time: 00h:00m:10.86s
Steps: 223 | Train Loss: 0.0147208 Vali Loss: 0.0202973 Test Loss: 0.0269148
EarlyStopping counter: 1 out of 10
Updating learning rate to 4.304672100000001e-05
	iters: 100, epoch: 12 | loss: 0.0120478
	speed: 0.0876s/iter; left time: 1729.6445s
	iters: 200, epoch: 12 | loss: 0.0157311
	speed: 0.0470s/iter; left time: 924.1245s
-------------------------------------------------------------------------------------
Epoch: 12
Cost time: 00h:00m:10.81s
Steps: 223 | Train Loss: 0.0144875 Vali Loss: 0.0199512 Test Loss: 0.0266800
Validation loss decreased (0.020024 --> 0.019951).  Saving model ...
Updating learning rate to 3.874204890000001e-05
	iters: 100, epoch: 13 | loss: 0.0137041
	speed: 0.0844s/iter; left time: 1648.3102s
	iters: 200, epoch: 13 | loss: 0.0147808
	speed: 0.0477s/iter; left time: 926.0410s
-------------------------------------------------------------------------------------
Epoch: 13
Cost time: 00h:00m:10.90s
Steps: 223 | Train Loss: 0.0143374 Vali Loss: 0.0200135 Test Loss: 0.0267759
EarlyStopping counter: 1 out of 10
Updating learning rate to 3.486784401000001e-05
	iters: 100, epoch: 14 | loss: 0.0139965
	speed: 0.0871s/iter; left time: 1681.9929s
	iters: 200, epoch: 14 | loss: 0.0139776
	speed: 0.0476s/iter; left time: 913.7762s
-------------------------------------------------------------------------------------
Epoch: 14
Cost time: 00h:00m:10.91s
Steps: 223 | Train Loss: 0.0142924 Vali Loss: 0.0201385 Test Loss: 0.0269570
EarlyStopping counter: 2 out of 10
Updating learning rate to 3.138105960900001e-05
	iters: 100, epoch: 15 | loss: 0.0141281
	speed: 0.0869s/iter; left time: 1657.4672s
	iters: 200, epoch: 15 | loss: 0.0135372
	speed: 0.0475s/iter; left time: 901.6724s
-------------------------------------------------------------------------------------
Epoch: 15
Cost time: 00h:00m:10.93s
Steps: 223 | Train Loss: 0.0141842 Vali Loss: 0.0197869 Test Loss: 0.0266150
Validation loss decreased (0.019951 --> 0.019787).  Saving model ...
Updating learning rate to 2.824295364810001e-05
	iters: 100, epoch: 16 | loss: 0.0136077
	speed: 0.0884s/iter; left time: 1666.2931s
	iters: 200, epoch: 16 | loss: 0.0126454
	speed: 0.0476s/iter; left time: 893.6879s
-------------------------------------------------------------------------------------
Epoch: 16
Cost time: 00h:00m:10.94s
Steps: 223 | Train Loss: 0.0141280 Vali Loss: 0.0200392 Test Loss: 0.0273709
EarlyStopping counter: 1 out of 10
Updating learning rate to 2.541865828329001e-05
	iters: 100, epoch: 17 | loss: 0.0148440
	speed: 0.0862s/iter; left time: 1606.8698s
	iters: 200, epoch: 17 | loss: 0.0133331
	speed: 0.0473s/iter; left time: 876.0289s
-------------------------------------------------------------------------------------
Epoch: 17
Cost time: 00h:00m:10.86s
Steps: 223 | Train Loss: 0.0140650 Vali Loss: 0.0198028 Test Loss: 0.0266699
EarlyStopping counter: 2 out of 10
Updating learning rate to 2.287679245496101e-05
	iters: 100, epoch: 18 | loss: 0.0139154
	speed: 0.0871s/iter; left time: 1603.0976s
	iters: 200, epoch: 18 | loss: 0.0142051
	speed: 0.0479s/iter; left time: 877.7034s
-------------------------------------------------------------------------------------
Epoch: 18
Cost time: 00h:00m:10.93s
Steps: 223 | Train Loss: 0.0139809 Vali Loss: 0.0200569 Test Loss: 0.0271863
EarlyStopping counter: 3 out of 10
Updating learning rate to 2.0589113209464907e-05
	iters: 100, epoch: 19 | loss: 0.0132001
	speed: 0.0869s/iter; left time: 1581.0645s
	iters: 200, epoch: 19 | loss: 0.0152973
	speed: 0.0475s/iter; left time: 858.7440s
-------------------------------------------------------------------------------------
Epoch: 19
Cost time: 00h:00m:10.87s
Steps: 223 | Train Loss: 0.0138989 Vali Loss: 0.0201339 Test Loss: 0.0271165
EarlyStopping counter: 4 out of 10
Updating learning rate to 1.8530201888518416e-05
	iters: 100, epoch: 20 | loss: 0.0138798
	speed: 0.0872s/iter; left time: 1566.0552s
	iters: 200, epoch: 20 | loss: 0.0122192
	speed: 0.0472s/iter; left time: 843.5571s
-------------------------------------------------------------------------------------
Epoch: 20
Cost time: 00h:00m:10.86s
Steps: 223 | Train Loss: 0.0138612 Vali Loss: 0.0199807 Test Loss: 0.0271351
EarlyStopping counter: 5 out of 10
Updating learning rate to 1.6677181699666577e-05
	iters: 100, epoch: 21 | loss: 0.0130000
	speed: 0.0868s/iter; left time: 1540.2505s
	iters: 200, epoch: 21 | loss: 0.0156088
	speed: 0.0477s/iter; left time: 841.3036s
-------------------------------------------------------------------------------------
Epoch: 21
Cost time: 00h:00m:10.92s
Steps: 223 | Train Loss: 0.0138289 Vali Loss: 0.0198444 Test Loss: 0.0270159
EarlyStopping counter: 6 out of 10
Updating learning rate to 1.5009463529699919e-05
	iters: 100, epoch: 22 | loss: 0.0137042
	speed: 0.0871s/iter; left time: 1526.4545s
	iters: 200, epoch: 22 | loss: 0.0144793
	speed: 0.0475s/iter; left time: 827.5578s
-------------------------------------------------------------------------------------
Epoch: 22
Cost time: 00h:00m:10.87s
Steps: 223 | Train Loss: 0.0137971 Vali Loss: 0.0200208 Test Loss: 0.0274525
EarlyStopping counter: 7 out of 10
Updating learning rate to 1.3508517176729929e-05
	iters: 100, epoch: 23 | loss: 0.0149143
	speed: 0.0881s/iter; left time: 1523.1815s
	iters: 200, epoch: 23 | loss: 0.0120591
	speed: 0.0475s/iter; left time: 817.4438s
-------------------------------------------------------------------------------------
Epoch: 23
Cost time: 00h:00m:10.91s
Steps: 223 | Train Loss: 0.0137535 Vali Loss: 0.0198494 Test Loss: 0.0272250
EarlyStopping counter: 8 out of 10
Updating learning rate to 1.2157665459056936e-05
	iters: 100, epoch: 24 | loss: 0.0139830
	speed: 0.0878s/iter; left time: 1499.6625s
	iters: 200, epoch: 24 | loss: 0.0142577
	speed: 0.0475s/iter; left time: 805.8607s
-------------------------------------------------------------------------------------
Epoch: 24
Cost time: 00h:00m:10.97s
Steps: 223 | Train Loss: 0.0137470 Vali Loss: 0.0199485 Test Loss: 0.0269865
EarlyStopping counter: 9 out of 10
Updating learning rate to 1.0941898913151242e-05
	iters: 100, epoch: 25 | loss: 0.0144327
	speed: 0.0867s/iter; left time: 1460.5066s
	iters: 200, epoch: 25 | loss: 0.0133431
	speed: 0.0475s/iter; left time: 796.1332s
-------------------------------------------------------------------------------------
Epoch: 25
Cost time: 00h:00m:10.87s
Steps: 223 | Train Loss: 0.0136602 Vali Loss: 0.0199846 Test Loss: 0.0274140
EarlyStopping counter: 10 out of 10
Early stopping
-------------------------------------------------------------------------------------
>>>>>>>testing : GB_no_revin_GB_512_24_GB_PatchTST_custom_ftM_sl512_ll48_pl24_dm128_nh16_el3_dl1_df256_fc1_ebtimeF_dtTrue_lossMSE_Exp_0<<<<<<<<<<<<<<<<<<<<<<<<<<<<<<<<<
test 6217
Scaled mse:0.026614956557750702, rmse:0.1631409078836441, mae:0.10954777151346207, rse:0.5627899169921875
Intermediate time for GB and pred_len 24: 00h:05m:48.71s
=== Starting experiments for pred_len: 96 ===

--- Running model for GB, pred_len=96 ---
Args in experiment:
Namespace(random_seed=2021, is_training=1, model_id='GB_no_revin_GB_512_96_GB', model='PatchTST', data='custom', root_path='/vol/fob-vol3/nebenf24/riabchuv/my_work-1/datasets/', data_path='GB_data.csv', features='M', target='OT', freq='h', checkpoints='./checkpoints/', overlapping_windows=True, scaler_type='minmax', if_relu=True, channel_mixing=0, seq_len=512, label_len=48, pred_len=96, inverse=False, loss_fnc='MSE', fc_dropout=0.2, head_dropout=0.0, patch_len=16, stride=8, padding_patch='end', revin=0, affine=0, subtract_last=0, decomposition=0, kernel_size=25, individual=0, embed_type=0, enc_in=5, dec_in=7, c_out=5, d_model=128, n_heads=16, e_layers=3, d_layers=1, d_ff=256, moving_avg=25, factor=1, distil=True, dropout=0.2, embed='timeF', activation='gelu', output_attention=False, do_predict=False, num_workers=10, itr=1, train_epochs=100, batch_size=128, patience=10, learning_rate=0.0001, des='Exp', lradj='type3', pct_start=0.3, use_amp=False, use_gpu=True, gpu=0, use_multi_gpu=False, devices='0,1,2,3', test_flop=False)
Use GPU: cuda:0
>>>>>>>start training : GB_no_revin_GB_512_96_GB_PatchTST_custom_ftM_sl512_ll48_pl96_dm128_nh16_el3_dl1_df256_fc1_ebtimeF_dtTrue_lossMSE_Exp_0>>>>>>>>>>>>>>>>>>>>>>>>>>
train 28529
val 6145
test 6145
	iters: 100, epoch: 1 | loss: 0.1323240
	speed: 0.0763s/iter; left time: 1686.4147s
	iters: 200, epoch: 1 | loss: 0.1149986
	speed: 0.0475s/iter; left time: 1044.6460s
-------------------------------------------------------------------------------------
Epoch: 1
Cost time: 00h:00m:11.01s
Steps: 222 | Train Loss: 0.1320870 Vali Loss: 0.0994640 Test Loss: 0.1168359
Validation loss decreased (inf --> 0.099464).  Saving model ...
Updating learning rate to 0.0001
	iters: 100, epoch: 2 | loss: 0.0393860
	speed: 0.0897s/iter; left time: 1963.5289s
	iters: 200, epoch: 2 | loss: 0.0319159
	speed: 0.0478s/iter; left time: 1040.1042s
-------------------------------------------------------------------------------------
Epoch: 2
Cost time: 00h:00m:10.87s
Steps: 222 | Train Loss: 0.0481805 Vali Loss: 0.0330101 Test Loss: 0.0472668
Validation loss decreased (0.099464 --> 0.033010).  Saving model ...
Updating learning rate to 0.0001
	iters: 100, epoch: 3 | loss: 0.0261547
	speed: 0.0881s/iter; left time: 1908.2823s
	iters: 200, epoch: 3 | loss: 0.0259022
	speed: 0.0475s/iter; left time: 1024.1054s
-------------------------------------------------------------------------------------
Epoch: 3
Cost time: 00h:00m:10.73s
Steps: 222 | Train Loss: 0.0273623 Vali Loss: 0.0302135 Test Loss: 0.0438073
Validation loss decreased (0.033010 --> 0.030213).  Saving model ...
Updating learning rate to 0.0001
	iters: 100, epoch: 4 | loss: 0.0226433
	speed: 0.0903s/iter; left time: 1935.5955s
	iters: 200, epoch: 4 | loss: 0.0245221
	speed: 0.0477s/iter; left time: 1016.6755s
-------------------------------------------------------------------------------------
Epoch: 4
Cost time: 00h:00m:10.92s
Steps: 222 | Train Loss: 0.0241833 Vali Loss: 0.0304314 Test Loss: 0.0490374
EarlyStopping counter: 1 out of 10
Updating learning rate to 9e-05
	iters: 100, epoch: 5 | loss: 0.0251091
	speed: 0.0869s/iter; left time: 1844.4702s
	iters: 200, epoch: 5 | loss: 0.0233933
	speed: 0.0476s/iter; left time: 1004.7181s
-------------------------------------------------------------------------------------
Epoch: 5
Cost time: 00h:00m:10.82s
Steps: 222 | Train Loss: 0.0231457 Vali Loss: 0.0307405 Test Loss: 0.0483087
EarlyStopping counter: 2 out of 10
Updating learning rate to 8.1e-05
	iters: 100, epoch: 6 | loss: 0.0226541
	speed: 0.0838s/iter; left time: 1758.9097s
	iters: 200, epoch: 6 | loss: 0.0229256
	speed: 0.0480s/iter; left time: 1002.8295s
-------------------------------------------------------------------------------------
Epoch: 6
Cost time: 00h:00m:10.83s
Steps: 222 | Train Loss: 0.0226541 Vali Loss: 0.0304898 Test Loss: 0.0448133
EarlyStopping counter: 3 out of 10
Updating learning rate to 7.290000000000001e-05
	iters: 100, epoch: 7 | loss: 0.0223542
	speed: 0.0878s/iter; left time: 1823.8740s
	iters: 200, epoch: 7 | loss: 0.0214087
	speed: 0.0477s/iter; left time: 986.3182s
-------------------------------------------------------------------------------------
Epoch: 7
Cost time: 00h:00m:10.85s
Steps: 222 | Train Loss: 0.0222953 Vali Loss: 0.0299704 Test Loss: 0.0423198
Validation loss decreased (0.030213 --> 0.029970).  Saving model ...
Updating learning rate to 6.561e-05
	iters: 100, epoch: 8 | loss: 0.0221992
	speed: 0.0883s/iter; left time: 1813.4008s
	iters: 200, epoch: 8 | loss: 0.0222362
	speed: 0.0472s/iter; left time: 964.4174s
-------------------------------------------------------------------------------------
Epoch: 8
Cost time: 00h:00m:10.79s
Steps: 222 | Train Loss: 0.0220033 Vali Loss: 0.0299967 Test Loss: 0.0426890
EarlyStopping counter: 1 out of 10
Updating learning rate to 5.904900000000001e-05
	iters: 100, epoch: 9 | loss: 0.0217263
	speed: 0.0857s/iter; left time: 1742.4903s
	iters: 200, epoch: 9 | loss: 0.0209402
	speed: 0.0480s/iter; left time: 970.0854s
-------------------------------------------------------------------------------------
Epoch: 9
Cost time: 00h:00m:10.93s
Steps: 222 | Train Loss: 0.0217836 Vali Loss: 0.0296291 Test Loss: 0.0417050
Validation loss decreased (0.029970 --> 0.029629).  Saving model ...
Updating learning rate to 5.3144100000000005e-05
	iters: 100, epoch: 10 | loss: 0.0209449
	speed: 0.0894s/iter; left time: 1796.9183s
	iters: 200, epoch: 10 | loss: 0.0209933
	speed: 0.0477s/iter; left time: 953.9196s
-------------------------------------------------------------------------------------
Epoch: 10
Cost time: 00h:00m:10.89s
Steps: 222 | Train Loss: 0.0215704 Vali Loss: 0.0298925 Test Loss: 0.0420922
EarlyStopping counter: 1 out of 10
Updating learning rate to 4.782969000000001e-05
	iters: 100, epoch: 11 | loss: 0.0209658
	speed: 0.0881s/iter; left time: 1750.6300s
	iters: 200, epoch: 11 | loss: 0.0199631
	speed: 0.0471s/iter; left time: 931.4474s
-------------------------------------------------------------------------------------
Epoch: 11
Cost time: 00h:00m:10.76s
Steps: 222 | Train Loss: 0.0214490 Vali Loss: 0.0293610 Test Loss: 0.0405640
Validation loss decreased (0.029629 --> 0.029361).  Saving model ...
Updating learning rate to 4.304672100000001e-05
	iters: 100, epoch: 12 | loss: 0.0216354
	speed: 0.0885s/iter; left time: 1740.0859s
	iters: 200, epoch: 12 | loss: 0.0204532
	speed: 0.0476s/iter; left time: 931.8699s
-------------------------------------------------------------------------------------
Epoch: 12
Cost time: 00h:00m:10.89s
Steps: 222 | Train Loss: 0.0212971 Vali Loss: 0.0297991 Test Loss: 0.0413098
EarlyStopping counter: 1 out of 10
Updating learning rate to 3.874204890000001e-05
	iters: 100, epoch: 13 | loss: 0.0192091
	speed: 0.0883s/iter; left time: 1716.0711s
	iters: 200, epoch: 13 | loss: 0.0213485
	speed: 0.0477s/iter; left time: 922.8742s
-------------------------------------------------------------------------------------
Epoch: 13
Cost time: 00h:00m:10.87s
Steps: 222 | Train Loss: 0.0212116 Vali Loss: 0.0300655 Test Loss: 0.0417966
EarlyStopping counter: 2 out of 10
Updating learning rate to 3.486784401000001e-05
	iters: 100, epoch: 14 | loss: 0.0204063
	speed: 0.0881s/iter; left time: 1692.1524s
	iters: 200, epoch: 14 | loss: 0.0211266
	speed: 0.0476s/iter; left time: 910.1613s
-------------------------------------------------------------------------------------
Epoch: 14
Cost time: 00h:00m:10.87s
Steps: 222 | Train Loss: 0.0211267 Vali Loss: 0.0298509 Test Loss: 0.0411874
EarlyStopping counter: 3 out of 10
Updating learning rate to 3.138105960900001e-05
	iters: 100, epoch: 15 | loss: 0.0234450
	speed: 0.0883s/iter; left time: 1677.4829s
	iters: 200, epoch: 15 | loss: 0.0221137
	speed: 0.0478s/iter; left time: 903.4866s
-------------------------------------------------------------------------------------
Epoch: 15
Cost time: 00h:00m:10.88s
Steps: 222 | Train Loss: 0.0210179 Vali Loss: 0.0296575 Test Loss: 0.0406219
EarlyStopping counter: 4 out of 10
Updating learning rate to 2.824295364810001e-05
	iters: 100, epoch: 16 | loss: 0.0207905
	speed: 0.0882s/iter; left time: 1656.1539s
	iters: 200, epoch: 16 | loss: 0.0185365
	speed: 0.0477s/iter; left time: 890.4702s
-------------------------------------------------------------------------------------
Epoch: 16
Cost time: 00h:00m:10.89s
Steps: 222 | Train Loss: 0.0209206 Vali Loss: 0.0299610 Test Loss: 0.0415653
EarlyStopping counter: 5 out of 10
Updating learning rate to 2.541865828329001e-05
	iters: 100, epoch: 17 | loss: 0.0202313
	speed: 0.0891s/iter; left time: 1652.6109s
	iters: 200, epoch: 17 | loss: 0.0208116
	speed: 0.0477s/iter; left time: 879.5135s
-------------------------------------------------------------------------------------
Epoch: 17
Cost time: 00h:00m:10.85s
Steps: 222 | Train Loss: 0.0208105 Vali Loss: 0.0303820 Test Loss: 0.0420282
EarlyStopping counter: 6 out of 10
Updating learning rate to 2.287679245496101e-05
	iters: 100, epoch: 18 | loss: 0.0221342
	speed: 0.0888s/iter; left time: 1628.1746s
	iters: 200, epoch: 18 | loss: 0.0200218
	speed: 0.0477s/iter; left time: 869.8479s
-------------------------------------------------------------------------------------
Epoch: 18
Cost time: 00h:00m:10.88s
Steps: 222 | Train Loss: 0.0207714 Vali Loss: 0.0299171 Test Loss: 0.0420240
EarlyStopping counter: 7 out of 10
Updating learning rate to 2.0589113209464907e-05
	iters: 100, epoch: 19 | loss: 0.0193397
	speed: 0.0864s/iter; left time: 1564.2127s
	iters: 200, epoch: 19 | loss: 0.0221446
	speed: 0.0473s/iter; left time: 850.9640s
-------------------------------------------------------------------------------------
Epoch: 19
Cost time: 00h:00m:10.71s
Steps: 222 | Train Loss: 0.0206576 Vali Loss: 0.0299749 Test Loss: 0.0419878
EarlyStopping counter: 8 out of 10
Updating learning rate to 1.8530201888518416e-05
	iters: 100, epoch: 20 | loss: 0.0193885
	speed: 0.0879s/iter; left time: 1572.2826s
	iters: 200, epoch: 20 | loss: 0.0205301
	speed: 0.0482s/iter; left time: 856.7414s
-------------------------------------------------------------------------------------
Epoch: 20
Cost time: 00h:00m:10.91s
Steps: 222 | Train Loss: 0.0206312 Vali Loss: 0.0298362 Test Loss: 0.0417427
EarlyStopping counter: 9 out of 10
Updating learning rate to 1.6677181699666577e-05
	iters: 100, epoch: 21 | loss: 0.0197740
	speed: 0.0881s/iter; left time: 1556.1679s
	iters: 200, epoch: 21 | loss: 0.0227434
	speed: 0.0471s/iter; left time: 826.8828s
-------------------------------------------------------------------------------------
Epoch: 21
Cost time: 00h:00m:10.77s
Steps: 222 | Train Loss: 0.0206033 Vali Loss: 0.0300504 Test Loss: 0.0424300
EarlyStopping counter: 10 out of 10
Early stopping
-------------------------------------------------------------------------------------
>>>>>>>testing : GB_no_revin_GB_512_96_GB_PatchTST_custom_ftM_sl512_ll48_pl96_dm128_nh16_el3_dl1_df256_fc1_ebtimeF_dtTrue_lossMSE_Exp_0<<<<<<<<<<<<<<<<<<<<<<<<<<<<<<<<<
test 6145
Scaled mse:0.040564022958278656, rmse:0.2014051228761673, mae:0.1430739164352417, rse:0.6964869499206543
Intermediate time for GB and pred_len 96: 00h:04m:56.24s
=== Starting experiments for pred_len: 168 ===

--- Running model for GB, pred_len=168 ---
Args in experiment:
Namespace(random_seed=2021, is_training=1, model_id='GB_no_revin_GB_512_168_GB', model='PatchTST', data='custom', root_path='/vol/fob-vol3/nebenf24/riabchuv/my_work-1/datasets/', data_path='GB_data.csv', features='M', target='OT', freq='h', checkpoints='./checkpoints/', overlapping_windows=True, scaler_type='minmax', if_relu=True, channel_mixing=0, seq_len=512, label_len=48, pred_len=168, inverse=False, loss_fnc='MSE', fc_dropout=0.2, head_dropout=0.0, patch_len=16, stride=8, padding_patch='end', revin=0, affine=0, subtract_last=0, decomposition=0, kernel_size=25, individual=0, embed_type=0, enc_in=5, dec_in=7, c_out=5, d_model=128, n_heads=16, e_layers=3, d_layers=1, d_ff=256, moving_avg=25, factor=1, distil=True, dropout=0.2, embed='timeF', activation='gelu', output_attention=False, do_predict=False, num_workers=10, itr=1, train_epochs=100, batch_size=128, patience=10, learning_rate=0.0001, des='Exp', lradj='type3', pct_start=0.3, use_amp=False, use_gpu=True, gpu=0, use_multi_gpu=False, devices='0,1,2,3', test_flop=False)
Use GPU: cuda:0
>>>>>>>start training : GB_no_revin_GB_512_168_GB_PatchTST_custom_ftM_sl512_ll48_pl168_dm128_nh16_el3_dl1_df256_fc1_ebtimeF_dtTrue_lossMSE_Exp_0>>>>>>>>>>>>>>>>>>>>>>>>>>
train 28457
val 6073
test 6073
	iters: 100, epoch: 1 | loss: 0.1281811
	speed: 0.0750s/iter; left time: 1656.4701s
	iters: 200, epoch: 1 | loss: 0.1206248
	speed: 0.0480s/iter; left time: 1055.9307s
-------------------------------------------------------------------------------------
Epoch: 1
Cost time: 00h:00m:11.06s
Steps: 222 | Train Loss: 0.1323972 Vali Loss: 0.1000619 Test Loss: 0.1167016
Validation loss decreased (inf --> 0.100062).  Saving model ...
Updating learning rate to 0.0001
	iters: 100, epoch: 2 | loss: 0.0420797
	speed: 0.0913s/iter; left time: 1997.1654s
	iters: 200, epoch: 2 | loss: 0.0311064
	speed: 0.0473s/iter; left time: 1029.3463s
-------------------------------------------------------------------------------------
Epoch: 2
Cost time: 00h:00m:10.84s
Steps: 222 | Train Loss: 0.0486551 Vali Loss: 0.0341354 Test Loss: 0.0488688
Validation loss decreased (0.100062 --> 0.034135).  Saving model ...
Updating learning rate to 0.0001
	iters: 100, epoch: 3 | loss: 0.0288977
	speed: 0.0887s/iter; left time: 1919.9292s
	iters: 200, epoch: 3 | loss: 0.0273455
	speed: 0.0472s/iter; left time: 1018.1812s
-------------------------------------------------------------------------------------
Epoch: 3
Cost time: 00h:00m:10.81s
Steps: 222 | Train Loss: 0.0279936 Vali Loss: 0.0316944 Test Loss: 0.0481999
Validation loss decreased (0.034135 --> 0.031694).  Saving model ...
Updating learning rate to 0.0001
	iters: 100, epoch: 4 | loss: 0.0267540
	speed: 0.0909s/iter; left time: 1948.2807s
	iters: 200, epoch: 4 | loss: 0.0237245
	speed: 0.0475s/iter; left time: 1012.3997s
-------------------------------------------------------------------------------------
Epoch: 4
Cost time: 00h:00m:10.83s
Steps: 222 | Train Loss: 0.0252568 Vali Loss: 0.0321467 Test Loss: 0.0511265
EarlyStopping counter: 1 out of 10
Updating learning rate to 9e-05
	iters: 100, epoch: 5 | loss: 0.0232651
	speed: 0.0885s/iter; left time: 1876.9821s
	iters: 200, epoch: 5 | loss: 0.0249807
	speed: 0.0473s/iter; left time: 997.9422s
-------------------------------------------------------------------------------------
Epoch: 5
Cost time: 00h:00m:10.77s
Steps: 222 | Train Loss: 0.0244643 Vali Loss: 0.0326758 Test Loss: 0.0522774
EarlyStopping counter: 2 out of 10
Updating learning rate to 8.1e-05
	iters: 100, epoch: 6 | loss: 0.0223662
	speed: 0.0831s/iter; left time: 1743.4788s
	iters: 200, epoch: 6 | loss: 0.0243166
	speed: 0.0480s/iter; left time: 1001.9034s
-------------------------------------------------------------------------------------
Epoch: 6
Cost time: 00h:00m:10.79s
Steps: 222 | Train Loss: 0.0239696 Vali Loss: 0.0324708 Test Loss: 0.0497946
EarlyStopping counter: 3 out of 10
Updating learning rate to 7.290000000000001e-05
	iters: 100, epoch: 7 | loss: 0.0234233
	speed: 0.0886s/iter; left time: 1840.0848s
	iters: 200, epoch: 7 | loss: 0.0236040
	speed: 0.0474s/iter; left time: 979.6082s
-------------------------------------------------------------------------------------
Epoch: 7
Cost time: 00h:00m:10.87s
Steps: 222 | Train Loss: 0.0235794 Vali Loss: 0.0324006 Test Loss: 0.0479286
EarlyStopping counter: 4 out of 10
Updating learning rate to 6.561e-05
	iters: 100, epoch: 8 | loss: 0.0232106
	speed: 0.0884s/iter; left time: 1816.4281s
	iters: 200, epoch: 8 | loss: 0.0215790
	speed: 0.0473s/iter; left time: 966.1345s
-------------------------------------------------------------------------------------
Epoch: 8
Cost time: 00h:00m:10.82s
Steps: 222 | Train Loss: 0.0232308 Vali Loss: 0.0325789 Test Loss: 0.0474472
EarlyStopping counter: 5 out of 10
Updating learning rate to 5.904900000000001e-05
	iters: 100, epoch: 9 | loss: 0.0229674
	speed: 0.0903s/iter; left time: 1834.5781s
	iters: 200, epoch: 9 | loss: 0.0228480
	speed: 0.0480s/iter; left time: 970.4687s
-------------------------------------------------------------------------------------
Epoch: 9
Cost time: 00h:00m:10.98s
Steps: 222 | Train Loss: 0.0230120 Vali Loss: 0.0318836 Test Loss: 0.0453121
EarlyStopping counter: 6 out of 10
Updating learning rate to 5.3144100000000005e-05
	iters: 100, epoch: 10 | loss: 0.0225253
	speed: 0.0902s/iter; left time: 1813.0776s
	iters: 200, epoch: 10 | loss: 0.0229859
	speed: 0.0479s/iter; left time: 958.8118s
-------------------------------------------------------------------------------------
Epoch: 10
Cost time: 00h:00m:10.98s
Steps: 222 | Train Loss: 0.0228531 Vali Loss: 0.0317617 Test Loss: 0.0442896
EarlyStopping counter: 7 out of 10
Updating learning rate to 4.782969000000001e-05
	iters: 100, epoch: 11 | loss: 0.0240105
	speed: 0.0884s/iter; left time: 1756.8440s
	iters: 200, epoch: 11 | loss: 0.0231950
	speed: 0.0476s/iter; left time: 942.3438s
-------------------------------------------------------------------------------------
Epoch: 11
Cost time: 00h:00m:10.88s
Steps: 222 | Train Loss: 0.0226830 Vali Loss: 0.0319622 Test Loss: 0.0452901
EarlyStopping counter: 8 out of 10
Updating learning rate to 4.304672100000001e-05
	iters: 100, epoch: 12 | loss: 0.0240522
	speed: 0.0850s/iter; left time: 1671.8097s
	iters: 200, epoch: 12 | loss: 0.0224349
	speed: 0.0473s/iter; left time: 925.5889s
-------------------------------------------------------------------------------------
Epoch: 12
Cost time: 00h:00m:10.71s
Steps: 222 | Train Loss: 0.0225790 Vali Loss: 0.0319162 Test Loss: 0.0447830
EarlyStopping counter: 9 out of 10
Updating learning rate to 3.874204890000001e-05
	iters: 100, epoch: 13 | loss: 0.0210353
	speed: 0.0882s/iter; left time: 1714.4892s
	iters: 200, epoch: 13 | loss: 0.0226072
	speed: 0.0481s/iter; left time: 929.8547s
-------------------------------------------------------------------------------------
Epoch: 13
Cost time: 00h:00m:10.90s
Steps: 222 | Train Loss: 0.0224231 Vali Loss: 0.0321067 Test Loss: 0.0451294
EarlyStopping counter: 10 out of 10
Early stopping
-------------------------------------------------------------------------------------
>>>>>>>testing : GB_no_revin_GB_512_168_GB_PatchTST_custom_ftM_sl512_ll48_pl168_dm128_nh16_el3_dl1_df256_fc1_ebtimeF_dtTrue_lossMSE_Exp_0<<<<<<<<<<<<<<<<<<<<<<<<<<<<<<<<<
test 6073
Scaled mse:0.048199884593486786, rmse:0.21954472362995148, mae:0.15564729273319244, rse:0.7611930966377258
Intermediate time for GB and pred_len 168: 00h:03m:09.72sIntermediate time for GB: 00h:13m:54.67sTotal time: 00h:13m:54.67s