
=== Starting experiments for country: ES ===

=== Starting experiments for pred_len: 24 ===

--- Running model for ES, pred_len=24 ---
Args in experiment:
Namespace(random_seed=2021, is_training=1, model_id='channel_mixing_ES_336_24_ES', model='PatchTST', data='custom', root_path='/vol/fob-vol3/nebenf24/riabchuv/my_work-1/datasets/', data_path='ES_data.csv', features='M', target='OT', freq='h', checkpoints='./checkpoints/', overlapping_windows=True, scaler_type='minmax', if_relu=True, channel_mixing=1, seq_len=336, label_len=48, pred_len=24, inverse=False, loss_fnc='MSE', fc_dropout=0.2, head_dropout=0.0, patch_len=16, stride=8, padding_patch='end', revin=1, affine=0, subtract_last=0, decomposition=0, kernel_size=25, individual=0, embed_type=0, enc_in=3, dec_in=7, c_out=3, d_model=128, n_heads=16, e_layers=3, d_layers=1, d_ff=256, moving_avg=25, factor=1, distil=True, dropout=0.2, embed='timeF', activation='gelu', output_attention=False, do_predict=False, num_workers=10, itr=1, train_epochs=100, batch_size=128, patience=10, learning_rate=0.0001, des='Exp', lradj='type3', pct_start=0.3, use_amp=False, use_gpu=True, gpu=0, use_multi_gpu=False, devices='0,1,2,3', test_flop=False)
Use GPU: cuda:0
>>>>>>>start training : channel_mixing_ES_336_24_ES_PatchTST_custom_ftM_sl336_ll48_pl24_dm128_nh16_el3_dl1_df256_fc1_ebtimeF_dtTrue_lossMSE_Exp_0>>>>>>>>>>>>>>>>>>>>>>>>>>
train 28777
val 6217
test 6217
	iters: 100, epoch: 1 | loss: 0.0222541
	speed: 0.0692s/iter; left time: 1543.7454s
	iters: 200, epoch: 1 | loss: 0.0173791
	speed: 0.0405s/iter; left time: 899.8214s
-------------------------------------------------------------------------------------
Epoch: 1
Cost time: 00h:00m:09.83s
Steps: 224 | Train Loss: 0.0242278 Vali Loss: 0.0146892 Test Loss: 0.0199106
Validation loss decreased (inf --> 0.014689).  Saving model ...
Updating learning rate to 0.0001
	iters: 100, epoch: 2 | loss: 0.0093632
	speed: 0.0764s/iter; left time: 1686.8610s
	iters: 200, epoch: 2 | loss: 0.0095968
	speed: 0.0405s/iter; left time: 890.3930s
-------------------------------------------------------------------------------------
Epoch: 2
Cost time: 00h:00m:09.41s
Steps: 224 | Train Loss: 0.0104013 Vali Loss: 0.0090444 Test Loss: 0.0117678
Validation loss decreased (0.014689 --> 0.009044).  Saving model ...
Updating learning rate to 0.0001
	iters: 100, epoch: 3 | loss: 0.0082353
	speed: 0.0753s/iter; left time: 1646.4720s
	iters: 200, epoch: 3 | loss: 0.0082141
	speed: 0.0409s/iter; left time: 890.6764s
-------------------------------------------------------------------------------------
Epoch: 3
Cost time: 00h:00m:09.35s
Steps: 224 | Train Loss: 0.0086646 Vali Loss: 0.0087289 Test Loss: 0.0114058
Validation loss decreased (0.009044 --> 0.008729).  Saving model ...
Updating learning rate to 0.0001
	iters: 100, epoch: 4 | loss: 0.0081308
	speed: 0.0753s/iter; left time: 1629.0387s
	iters: 200, epoch: 4 | loss: 0.0084052
	speed: 0.0407s/iter; left time: 876.2774s
-------------------------------------------------------------------------------------
Epoch: 4
Cost time: 00h:00m:09.30s
Steps: 224 | Train Loss: 0.0081697 Vali Loss: 0.0094098 Test Loss: 0.0121627
EarlyStopping counter: 1 out of 10
Updating learning rate to 9e-05
	iters: 100, epoch: 5 | loss: 0.0081944
	speed: 0.0710s/iter; left time: 1520.4119s
	iters: 200, epoch: 5 | loss: 0.0074900
	speed: 0.0347s/iter; left time: 739.5252s
-------------------------------------------------------------------------------------
Epoch: 5
Cost time: 00h:00m:08.15s
Steps: 224 | Train Loss: 0.0075967 Vali Loss: 0.0089697 Test Loss: 0.0119432
EarlyStopping counter: 2 out of 10
Updating learning rate to 8.1e-05
	iters: 100, epoch: 6 | loss: 0.0067727
	speed: 0.0651s/iter; left time: 1378.6244s
	iters: 200, epoch: 6 | loss: 0.0068486
	speed: 0.0347s/iter; left time: 731.6540s
-------------------------------------------------------------------------------------
Epoch: 6
Cost time: 00h:00m:08.32s
Steps: 224 | Train Loss: 0.0070614 Vali Loss: 0.0092476 Test Loss: 0.0119057
EarlyStopping counter: 3 out of 10
Updating learning rate to 7.290000000000001e-05
	iters: 100, epoch: 7 | loss: 0.0061740
	speed: 0.0697s/iter; left time: 1460.6921s
	iters: 200, epoch: 7 | loss: 0.0062932
	speed: 0.0353s/iter; left time: 735.3777s
-------------------------------------------------------------------------------------
Epoch: 7
Cost time: 00h:00m:08.24s
Steps: 224 | Train Loss: 0.0064601 Vali Loss: 0.0094871 Test Loss: 0.0122043
EarlyStopping counter: 4 out of 10
Updating learning rate to 6.561e-05
	iters: 100, epoch: 8 | loss: 0.0064154
	speed: 0.0633s/iter; left time: 1312.7713s
	iters: 200, epoch: 8 | loss: 0.0066724
	speed: 0.0258s/iter; left time: 531.8149s
-------------------------------------------------------------------------------------
Epoch: 8
Cost time: 00h:00m:06.83s
Steps: 224 | Train Loss: 0.0058832 Vali Loss: 0.0096027 Test Loss: 0.0125173
EarlyStopping counter: 5 out of 10
Updating learning rate to 5.904900000000001e-05
	iters: 100, epoch: 9 | loss: 0.0051365
	speed: 0.0723s/iter; left time: 1482.0197s
	iters: 200, epoch: 9 | loss: 0.0048415
	speed: 0.0412s/iter; left time: 840.9039s
-------------------------------------------------------------------------------------
Epoch: 9
Cost time: 00h:00m:09.40s
Steps: 224 | Train Loss: 0.0053815 Vali Loss: 0.0100015 Test Loss: 0.0128093
EarlyStopping counter: 6 out of 10
Updating learning rate to 5.3144100000000005e-05
	iters: 100, epoch: 10 | loss: 0.0049133
	speed: 0.0741s/iter; left time: 1503.8411s
	iters: 200, epoch: 10 | loss: 0.0047802
	speed: 0.0411s/iter; left time: 829.0622s
-------------------------------------------------------------------------------------
Epoch: 10
Cost time: 00h:00m:09.43s
Steps: 224 | Train Loss: 0.0049502 Vali Loss: 0.0102042 Test Loss: 0.0132874
EarlyStopping counter: 7 out of 10
Updating learning rate to 4.782969000000001e-05
	iters: 100, epoch: 11 | loss: 0.0047629
	speed: 0.0743s/iter; left time: 1489.7320s
	iters: 200, epoch: 11 | loss: 0.0041915
	speed: 0.0412s/iter; left time: 822.1021s
-------------------------------------------------------------------------------------
Epoch: 11
Cost time: 00h:00m:09.45s
Steps: 224 | Train Loss: 0.0046080 Vali Loss: 0.0105283 Test Loss: 0.0133615
EarlyStopping counter: 8 out of 10
Updating learning rate to 4.304672100000001e-05
	iters: 100, epoch: 12 | loss: 0.0044058
	speed: 0.0754s/iter; left time: 1496.3528s
	iters: 200, epoch: 12 | loss: 0.0043703
	speed: 0.0411s/iter; left time: 811.8491s
-------------------------------------------------------------------------------------
Epoch: 12
Cost time: 00h:00m:09.45s
Steps: 224 | Train Loss: 0.0042848 Vali Loss: 0.0104694 Test Loss: 0.0136671
EarlyStopping counter: 9 out of 10
Updating learning rate to 3.874204890000001e-05
	iters: 100, epoch: 13 | loss: 0.0038280
	speed: 0.0756s/iter; left time: 1483.5228s
	iters: 200, epoch: 13 | loss: 0.0037476
	speed: 0.0409s/iter; left time: 798.3350s
-------------------------------------------------------------------------------------
Epoch: 13
Cost time: 00h:00m:09.46s
Steps: 224 | Train Loss: 0.0040548 Vali Loss: 0.0109012 Test Loss: 0.0137471
EarlyStopping counter: 10 out of 10
Early stopping
-------------------------------------------------------------------------------------
>>>>>>>testing : channel_mixing_ES_336_24_ES_PatchTST_custom_ftM_sl336_ll48_pl24_dm128_nh16_el3_dl1_df256_fc1_ebtimeF_dtTrue_lossMSE_Exp_0<<<<<<<<<<<<<<<<<<<<<<<<<<<<<<<<<
test 6217
Scaled mse:0.011405767872929573, rmse:0.10679779201745987, mae:0.06919430196285248, rse:0.3142929971218109
Intermediate time for ES and pred_len 24: 00h:02m:34.08s
=== Starting experiments for pred_len: 96 ===

--- Running model for ES, pred_len=96 ---
Args in experiment:
Namespace(random_seed=2021, is_training=1, model_id='channel_mixing_ES_336_96_ES', model='PatchTST', data='custom', root_path='/vol/fob-vol3/nebenf24/riabchuv/my_work-1/datasets/', data_path='ES_data.csv', features='M', target='OT', freq='h', checkpoints='./checkpoints/', overlapping_windows=True, scaler_type='minmax', if_relu=True, channel_mixing=1, seq_len=336, label_len=48, pred_len=96, inverse=False, loss_fnc='MSE', fc_dropout=0.2, head_dropout=0.0, patch_len=16, stride=8, padding_patch='end', revin=1, affine=0, subtract_last=0, decomposition=0, kernel_size=25, individual=0, embed_type=0, enc_in=3, dec_in=7, c_out=3, d_model=128, n_heads=16, e_layers=3, d_layers=1, d_ff=256, moving_avg=25, factor=1, distil=True, dropout=0.2, embed='timeF', activation='gelu', output_attention=False, do_predict=False, num_workers=10, itr=1, train_epochs=100, batch_size=128, patience=10, learning_rate=0.0001, des='Exp', lradj='type3', pct_start=0.3, use_amp=False, use_gpu=True, gpu=0, use_multi_gpu=False, devices='0,1,2,3', test_flop=False)
Use GPU: cuda:0
>>>>>>>start training : channel_mixing_ES_336_96_ES_PatchTST_custom_ftM_sl336_ll48_pl96_dm128_nh16_el3_dl1_df256_fc1_ebtimeF_dtTrue_lossMSE_Exp_0>>>>>>>>>>>>>>>>>>>>>>>>>>
train 28705
val 6145
test 6145
	iters: 100, epoch: 1 | loss: 0.0249662
	speed: 0.0705s/iter; left time: 1572.1023s
	iters: 200, epoch: 1 | loss: 0.0213045
	speed: 0.0416s/iter; left time: 922.8767s
-------------------------------------------------------------------------------------
Epoch: 1
Cost time: 00h:00m:09.92s
Steps: 224 | Train Loss: 0.0275395 Vali Loss: 0.0199210 Test Loss: 0.0259587
Validation loss decreased (inf --> 0.019921).  Saving model ...
Updating learning rate to 0.0001
	iters: 100, epoch: 2 | loss: 0.0154199
	speed: 0.0788s/iter; left time: 1738.5796s
	iters: 200, epoch: 2 | loss: 0.0147711
	speed: 0.0418s/iter; left time: 918.1243s
-------------------------------------------------------------------------------------
Epoch: 2
Cost time: 00h:00m:09.62s
Steps: 224 | Train Loss: 0.0159194 Vali Loss: 0.0164074 Test Loss: 0.0206553
Validation loss decreased (0.019921 --> 0.016407).  Saving model ...
Updating learning rate to 0.0001
	iters: 100, epoch: 3 | loss: 0.0128123
	speed: 0.0781s/iter; left time: 1706.5496s
	iters: 200, epoch: 3 | loss: 0.0120069
	speed: 0.0418s/iter; left time: 908.2248s
-------------------------------------------------------------------------------------
Epoch: 3
Cost time: 00h:00m:09.58s
Steps: 224 | Train Loss: 0.0133727 Vali Loss: 0.0177141 Test Loss: 0.0220083
EarlyStopping counter: 1 out of 10
Updating learning rate to 0.0001
	iters: 100, epoch: 4 | loss: 0.0110963
	speed: 0.0765s/iter; left time: 1655.2324s
	iters: 200, epoch: 4 | loss: 0.0101504
	speed: 0.0421s/iter; left time: 905.4984s
-------------------------------------------------------------------------------------
Epoch: 4
Cost time: 00h:00m:09.71s
Steps: 224 | Train Loss: 0.0110040 Vali Loss: 0.0177026 Test Loss: 0.0225919
EarlyStopping counter: 2 out of 10
Updating learning rate to 9e-05
	iters: 100, epoch: 5 | loss: 0.0089270
	speed: 0.0769s/iter; left time: 1646.7984s
	iters: 200, epoch: 5 | loss: 0.0081671
	speed: 0.0424s/iter; left time: 902.7354s
-------------------------------------------------------------------------------------
Epoch: 5
Cost time: 00h:00m:09.70s
Steps: 224 | Train Loss: 0.0087992 Vali Loss: 0.0184645 Test Loss: 0.0240935
EarlyStopping counter: 3 out of 10
Updating learning rate to 8.1e-05
	iters: 100, epoch: 6 | loss: 0.0072723
	speed: 0.0777s/iter; left time: 1646.1968s
	iters: 200, epoch: 6 | loss: 0.0064863
	speed: 0.0418s/iter; left time: 881.8835s
-------------------------------------------------------------------------------------
Epoch: 6
Cost time: 00h:00m:09.72s
Steps: 224 | Train Loss: 0.0072933 Vali Loss: 0.0184985 Test Loss: 0.0245565
EarlyStopping counter: 4 out of 10
Updating learning rate to 7.290000000000001e-05
	iters: 100, epoch: 7 | loss: 0.0064227
	speed: 0.0771s/iter; left time: 1615.2366s
	iters: 200, epoch: 7 | loss: 0.0061511
	speed: 0.0422s/iter; left time: 879.3431s
-------------------------------------------------------------------------------------
Epoch: 7
Cost time: 00h:00m:09.70s
Steps: 224 | Train Loss: 0.0063212 Vali Loss: 0.0185263 Test Loss: 0.0238103
EarlyStopping counter: 5 out of 10
Updating learning rate to 6.561e-05
	iters: 100, epoch: 8 | loss: 0.0058017
	speed: 0.0774s/iter; left time: 1603.7068s
	iters: 200, epoch: 8 | loss: 0.0057851
	speed: 0.0383s/iter; left time: 790.0378s
-------------------------------------------------------------------------------------
Epoch: 8
Cost time: 00h:00m:09.18s
Steps: 224 | Train Loss: 0.0056385 Vali Loss: 0.0192424 Test Loss: 0.0244339
EarlyStopping counter: 6 out of 10
Updating learning rate to 5.904900000000001e-05
	iters: 100, epoch: 9 | loss: 0.0049183
	speed: 0.0733s/iter; left time: 1502.9099s
	iters: 200, epoch: 9 | loss: 0.0051946
	speed: 0.0357s/iter; left time: 727.6786s
-------------------------------------------------------------------------------------
Epoch: 9
Cost time: 00h:00m:08.33s
Steps: 224 | Train Loss: 0.0051166 Vali Loss: 0.0190300 Test Loss: 0.0246217
EarlyStopping counter: 7 out of 10
Updating learning rate to 5.3144100000000005e-05
	iters: 100, epoch: 10 | loss: 0.0049855
	speed: 0.0695s/iter; left time: 1409.4918s
	iters: 200, epoch: 10 | loss: 0.0045004
	speed: 0.0354s/iter; left time: 714.1857s
-------------------------------------------------------------------------------------
Epoch: 10
Cost time: 00h:00m:08.11s
Steps: 224 | Train Loss: 0.0047357 Vali Loss: 0.0190064 Test Loss: 0.0247210
EarlyStopping counter: 8 out of 10
Updating learning rate to 4.782969000000001e-05
	iters: 100, epoch: 11 | loss: 0.0043923
	speed: 0.0682s/iter; left time: 1367.9024s
	iters: 200, epoch: 11 | loss: 0.0043126
	speed: 0.0313s/iter; left time: 625.2021s
-------------------------------------------------------------------------------------
Epoch: 11
Cost time: 00h:00m:07.62s
Steps: 224 | Train Loss: 0.0044053 Vali Loss: 0.0192821 Test Loss: 0.0248229
EarlyStopping counter: 9 out of 10
Updating learning rate to 4.304672100000001e-05
	iters: 100, epoch: 12 | loss: 0.0039878
	speed: 0.0670s/iter; left time: 1328.4522s
	iters: 200, epoch: 12 | loss: 0.0041882
	speed: 0.0419s/iter; left time: 827.2692s
-------------------------------------------------------------------------------------
Epoch: 12
Cost time: 00h:00m:09.84s
Steps: 224 | Train Loss: 0.0041530 Vali Loss: 0.0190465 Test Loss: 0.0247059
EarlyStopping counter: 10 out of 10
Early stopping
-------------------------------------------------------------------------------------
>>>>>>>testing : channel_mixing_ES_336_96_ES_PatchTST_custom_ftM_sl336_ll48_pl96_dm128_nh16_el3_dl1_df256_fc1_ebtimeF_dtTrue_lossMSE_Exp_0<<<<<<<<<<<<<<<<<<<<<<<<<<<<<<<<<
test 6145
Scaled mse:0.020655285567045212, rmse:0.14371946454048157, mae:0.0965302586555481, rse:0.42220455408096313
Intermediate time for ES and pred_len 96: 00h:02m:28.51s
=== Starting experiments for pred_len: 168 ===

--- Running model for ES, pred_len=168 ---
Args in experiment:
Namespace(random_seed=2021, is_training=1, model_id='channel_mixing_ES_336_168_ES', model='PatchTST', data='custom', root_path='/vol/fob-vol3/nebenf24/riabchuv/my_work-1/datasets/', data_path='ES_data.csv', features='M', target='OT', freq='h', checkpoints='./checkpoints/', overlapping_windows=True, scaler_type='minmax', if_relu=True, channel_mixing=1, seq_len=336, label_len=48, pred_len=168, inverse=False, loss_fnc='MSE', fc_dropout=0.2, head_dropout=0.0, patch_len=16, stride=8, padding_patch='end', revin=1, affine=0, subtract_last=0, decomposition=0, kernel_size=25, individual=0, embed_type=0, enc_in=3, dec_in=7, c_out=3, d_model=128, n_heads=16, e_layers=3, d_layers=1, d_ff=256, moving_avg=25, factor=1, distil=True, dropout=0.2, embed='timeF', activation='gelu', output_attention=False, do_predict=False, num_workers=10, itr=1, train_epochs=100, batch_size=128, patience=10, learning_rate=0.0001, des='Exp', lradj='type3', pct_start=0.3, use_amp=False, use_gpu=True, gpu=0, use_multi_gpu=False, devices='0,1,2,3', test_flop=False)
Use GPU: cuda:0
>>>>>>>start training : channel_mixing_ES_336_168_ES_PatchTST_custom_ftM_sl336_ll48_pl168_dm128_nh16_el3_dl1_df256_fc1_ebtimeF_dtTrue_lossMSE_Exp_0>>>>>>>>>>>>>>>>>>>>>>>>>>
train 28633
val 6073
test 6073
	iters: 100, epoch: 1 | loss: 0.0244475
	speed: 0.0692s/iter; left time: 1535.8019s
	iters: 200, epoch: 1 | loss: 0.0229005
	speed: 0.0415s/iter; left time: 917.4026s
-------------------------------------------------------------------------------------
Epoch: 1
Cost time: 00h:00m:09.86s
Steps: 223 | Train Loss: 0.0284261 Vali Loss: 0.0214357 Test Loss: 0.0273612
Validation loss decreased (inf --> 0.021436).  Saving model ...
Updating learning rate to 0.0001
	iters: 100, epoch: 2 | loss: 0.0168547
	speed: 0.0789s/iter; left time: 1734.4176s
	iters: 200, epoch: 2 | loss: 0.0166410
	speed: 0.0429s/iter; left time: 939.2233s
-------------------------------------------------------------------------------------
Epoch: 2
Cost time: 00h:00m:09.68s
Steps: 223 | Train Loss: 0.0171577 Vali Loss: 0.0180411 Test Loss: 0.0229071
Validation loss decreased (0.021436 --> 0.018041).  Saving model ...
Updating learning rate to 0.0001
	iters: 100, epoch: 3 | loss: 0.0136818
	speed: 0.0811s/iter; left time: 1764.4034s
	iters: 200, epoch: 3 | loss: 0.0134842
	speed: 0.0432s/iter; left time: 936.5068s
-------------------------------------------------------------------------------------
Epoch: 3
Cost time: 00h:00m:09.75s
Steps: 223 | Train Loss: 0.0141816 Vali Loss: 0.0183799 Test Loss: 0.0234680
EarlyStopping counter: 1 out of 10
Updating learning rate to 0.0001
	iters: 100, epoch: 4 | loss: 0.0115397
	speed: 0.0771s/iter; left time: 1660.0036s
	iters: 200, epoch: 4 | loss: 0.0105017
	speed: 0.0430s/iter; left time: 921.4794s
-------------------------------------------------------------------------------------
Epoch: 4
Cost time: 00h:00m:09.72s
Steps: 223 | Train Loss: 0.0117780 Vali Loss: 0.0189678 Test Loss: 0.0249497
EarlyStopping counter: 2 out of 10
Updating learning rate to 9e-05
	iters: 100, epoch: 5 | loss: 0.0095834
	speed: 0.0778s/iter; left time: 1656.7796s
	iters: 200, epoch: 5 | loss: 0.0090101
	speed: 0.0424s/iter; left time: 899.9767s
-------------------------------------------------------------------------------------
Epoch: 5
Cost time: 00h:00m:09.75s
Steps: 223 | Train Loss: 0.0094315 Vali Loss: 0.0192081 Test Loss: 0.0266327
EarlyStopping counter: 3 out of 10
Updating learning rate to 8.1e-05
	iters: 100, epoch: 6 | loss: 0.0077858
	speed: 0.0779s/iter; left time: 1641.7413s
	iters: 200, epoch: 6 | loss: 0.0073812
	speed: 0.0433s/iter; left time: 908.7539s
-------------------------------------------------------------------------------------
Epoch: 6
Cost time: 00h:00m:09.80s
Steps: 223 | Train Loss: 0.0079274 Vali Loss: 0.0197801 Test Loss: 0.0270143
EarlyStopping counter: 4 out of 10
Updating learning rate to 7.290000000000001e-05
	iters: 100, epoch: 7 | loss: 0.0065276
	speed: 0.0773s/iter; left time: 1611.8397s
	iters: 200, epoch: 7 | loss: 0.0063776
	speed: 0.0434s/iter; left time: 901.0493s
-------------------------------------------------------------------------------------
Epoch: 7
Cost time: 00h:00m:09.74s
Steps: 223 | Train Loss: 0.0069369 Vali Loss: 0.0198990 Test Loss: 0.0276234
EarlyStopping counter: 5 out of 10
Updating learning rate to 6.561e-05
	iters: 100, epoch: 8 | loss: 0.0062215
	speed: 0.0771s/iter; left time: 1590.4080s
	iters: 200, epoch: 8 | loss: 0.0059965
	speed: 0.0426s/iter; left time: 875.0903s
-------------------------------------------------------------------------------------
Epoch: 8
Cost time: 00h:00m:09.78s
Steps: 223 | Train Loss: 0.0062075 Vali Loss: 0.0199308 Test Loss: 0.0275127
EarlyStopping counter: 6 out of 10
Updating learning rate to 5.904900000000001e-05
	iters: 100, epoch: 9 | loss: 0.0058798
	speed: 0.0765s/iter; left time: 1562.7335s
	iters: 200, epoch: 9 | loss: 0.0054274
	speed: 0.0425s/iter; left time: 864.3827s
-------------------------------------------------------------------------------------
Epoch: 9
Cost time: 00h:00m:09.64s
Steps: 223 | Train Loss: 0.0056564 Vali Loss: 0.0199600 Test Loss: 0.0280890
EarlyStopping counter: 7 out of 10
Updating learning rate to 5.3144100000000005e-05
	iters: 100, epoch: 10 | loss: 0.0053195
	speed: 0.0775s/iter; left time: 1565.5544s
	iters: 200, epoch: 10 | loss: 0.0049607
	speed: 0.0432s/iter; left time: 867.8779s
-------------------------------------------------------------------------------------
Epoch: 10
Cost time: 00h:00m:09.83s
Steps: 223 | Train Loss: 0.0052265 Vali Loss: 0.0201242 Test Loss: 0.0278490
EarlyStopping counter: 8 out of 10
Updating learning rate to 4.782969000000001e-05
	iters: 100, epoch: 11 | loss: 0.0049777
	speed: 0.0781s/iter; left time: 1560.6724s
	iters: 200, epoch: 11 | loss: 0.0049066
	speed: 0.0430s/iter; left time: 853.4661s
-------------------------------------------------------------------------------------
Epoch: 11
Cost time: 00h:00m:09.72s
Steps: 223 | Train Loss: 0.0048739 Vali Loss: 0.0201201 Test Loss: 0.0282332
EarlyStopping counter: 9 out of 10
Updating learning rate to 4.304672100000001e-05
	iters: 100, epoch: 12 | loss: 0.0045771
	speed: 0.0735s/iter; left time: 1452.1810s
	iters: 200, epoch: 12 | loss: 0.0044787
	speed: 0.0364s/iter; left time: 715.1342s
-------------------------------------------------------------------------------------
Epoch: 12
Cost time: 00h:00m:08.51s
Steps: 223 | Train Loss: 0.0045925 Vali Loss: 0.0199313 Test Loss: 0.0279702
EarlyStopping counter: 10 out of 10
Early stopping
-------------------------------------------------------------------------------------
>>>>>>>testing : channel_mixing_ES_336_168_ES_PatchTST_custom_ftM_sl336_ll48_pl168_dm128_nh16_el3_dl1_df256_fc1_ebtimeF_dtTrue_lossMSE_Exp_0<<<<<<<<<<<<<<<<<<<<<<<<<<<<<<<<<
test 6073
Scaled mse:0.02290712110698223, rmse:0.1513509899377823, mae:0.10324922204017639, rse:0.4446555972099304
Intermediate time for ES and pred_len 168: 00h:02m:34.38sIntermediate time for ES: 00h:07m:36.97sTotal time: 00h:07m:36.97s