
=== Starting experiments for loss function: LogCosh ===

=== Starting experiments for pred_len: 24 ===
Args in experiment:
Namespace(random_seed=2021, is_training=1, model_id='IT_96_24_loss_choice_for_IT', model='Informer', data='custom', root_path='/vol/fob-vol3/nebenf24/riabchuv/my_work-1/datasets/', data_path='IT_data.csv', features='M', target='OT', freq='h', checkpoints='./checkpoints/', overlapping_windows=True, scaler_type='standard', seq_len=96, label_len=5, pred_len=24, inverse=True, loss_fnc='LogCosh', if_relu=False, fc_dropout=0.05, head_dropout=0.0, patch_len=16, stride=8, padding_patch='end', revin=1, affine=0, subtract_last=0, decomposition=0, kernel_size=25, individual=0, embed_type=0, enc_in=3, dec_in=3, c_out=3, d_model=512, n_heads=8, e_layers=2, d_layers=1, d_ff=2048, moving_avg=25, factor=5, distil=True, dropout=0.05, embed='timeF', activation='gelu', output_attention=False, do_predict=False, num_workers=10, itr=2, train_epochs=20, batch_size=32, patience=3, learning_rate=1e-05, des='Exp', lradj='type3', pct_start=0.3, use_amp=False, use_gpu=True, gpu=0, use_multi_gpu=False, devices='0,1,2,3', test_flop=False)
Use GPU: cuda:0
>>>>>>>start training : IT_96_24_loss_choice_for_IT_Informer_custom_ftM_sl96_ll5_pl24_dm512_nh8_el2_dl1_df2048_fc5_ebtimeF_dtTrue_lossLogCosh_Exp_0>>>>>>>>>>>>>>>>>>>>>>>>>>
train 29017
val 6217
test 6217
	iters: 100, epoch: 1 | loss: 0.4526504
	speed: 0.0557s/iter; left time: 1003.2940s
	iters: 200, epoch: 1 | loss: 0.4114297
	speed: 0.0298s/iter; left time: 533.8487s
	iters: 300, epoch: 1 | loss: 0.3855090
	speed: 0.0298s/iter; left time: 530.7236s
	iters: 400, epoch: 1 | loss: 0.4030680
	speed: 0.0298s/iter; left time: 528.4950s
	iters: 500, epoch: 1 | loss: 0.3715680
	speed: 0.0298s/iter; left time: 525.2076s
	iters: 600, epoch: 1 | loss: 0.3552551
	speed: 0.0298s/iter; left time: 521.7719s
	iters: 700, epoch: 1 | loss: 0.3099083
	speed: 0.0298s/iter; left time: 519.3575s
	iters: 800, epoch: 1 | loss: 0.3347220
	speed: 0.0298s/iter; left time: 516.2650s
	iters: 900, epoch: 1 | loss: 0.3357284
	speed: 0.0298s/iter; left time: 513.6946s
-------------------------------------------------------------------------------------
Epoch: 1
Cost time: 00h:00m:28.01s
Steps: 906 | Train Loss: 0.3788186 Vali Loss: 0.3251012 Test Loss: 0.3638350
Validation loss decreased (inf --> 0.325101).  Saving model ...
Updating learning rate to 1e-05
	iters: 100, epoch: 2 | loss: 0.2454887
	speed: 0.0915s/iter; left time: 1565.9948s
	iters: 200, epoch: 2 | loss: 0.1724649
	speed: 0.0297s/iter; left time: 506.1211s
	iters: 300, epoch: 2 | loss: 0.1330365
	speed: 0.0297s/iter; left time: 502.8851s
	iters: 400, epoch: 2 | loss: 0.1178637
	speed: 0.0298s/iter; left time: 500.4288s
	iters: 500, epoch: 2 | loss: 0.1434035
	speed: 0.0297s/iter; left time: 496.7927s
	iters: 600, epoch: 2 | loss: 0.1261584
	speed: 0.0298s/iter; left time: 494.3208s
	iters: 700, epoch: 2 | loss: 0.1195587
	speed: 0.0297s/iter; left time: 490.7747s
	iters: 800, epoch: 2 | loss: 0.1217550
	speed: 0.0297s/iter; left time: 487.2906s
	iters: 900, epoch: 2 | loss: 0.1219339
	speed: 0.0297s/iter; left time: 483.9161s
-------------------------------------------------------------------------------------
Epoch: 2
Cost time: 00h:00m:27.19s
Steps: 906 | Train Loss: 0.1454215 Vali Loss: 0.1024519 Test Loss: 0.1155375
Validation loss decreased (0.325101 --> 0.102452).  Saving model ...
Updating learning rate to 1e-05
	iters: 100, epoch: 3 | loss: 0.1088474
	speed: 0.0875s/iter; left time: 1419.0322s
	iters: 200, epoch: 3 | loss: 0.0912736
	speed: 0.0297s/iter; left time: 478.0863s
	iters: 300, epoch: 3 | loss: 0.1080654
	speed: 0.0297s/iter; left time: 474.9508s
	iters: 400, epoch: 3 | loss: 0.0886309
	speed: 0.0297s/iter; left time: 471.8795s
	iters: 500, epoch: 3 | loss: 0.1234527
	speed: 0.0297s/iter; left time: 469.4484s
	iters: 600, epoch: 3 | loss: 0.1099548
	speed: 0.0297s/iter; left time: 467.2762s
	iters: 700, epoch: 3 | loss: 0.0809245
	speed: 0.0297s/iter; left time: 464.2168s
	iters: 800, epoch: 3 | loss: 0.0922662
	speed: 0.0298s/iter; left time: 461.8310s
	iters: 900, epoch: 3 | loss: 0.0866024
	speed: 0.0297s/iter; left time: 458.2523s
-------------------------------------------------------------------------------------
Epoch: 3
Cost time: 00h:00m:27.22s
Steps: 906 | Train Loss: 0.0991245 Vali Loss: 0.0904175 Test Loss: 0.1034240
Validation loss decreased (0.102452 --> 0.090418).  Saving model ...
Updating learning rate to 1e-05
	iters: 100, epoch: 4 | loss: 0.0844390
	speed: 0.0864s/iter; left time: 1321.8771s
	iters: 200, epoch: 4 | loss: 0.0795552
	speed: 0.0298s/iter; left time: 452.5747s
	iters: 300, epoch: 4 | loss: 0.0858982
	speed: 0.0297s/iter; left time: 449.0708s
	iters: 400, epoch: 4 | loss: 0.0861252
	speed: 0.0297s/iter; left time: 446.1372s
	iters: 500, epoch: 4 | loss: 0.0835782
	speed: 0.0297s/iter; left time: 443.2882s
	iters: 600, epoch: 4 | loss: 0.1218078
	speed: 0.0297s/iter; left time: 440.2019s
	iters: 700, epoch: 4 | loss: 0.1048794
	speed: 0.0297s/iter; left time: 436.5786s
	iters: 800, epoch: 4 | loss: 0.1011478
	speed: 0.0297s/iter; left time: 433.3555s
	iters: 900, epoch: 4 | loss: 0.1124815
	speed: 0.0297s/iter; left time: 430.4713s
-------------------------------------------------------------------------------------
Epoch: 4
Cost time: 00h:00m:27.21s
Steps: 906 | Train Loss: 0.0901370 Vali Loss: 0.0852191 Test Loss: 0.0980315
Validation loss decreased (0.090418 --> 0.085219).  Saving model ...
Updating learning rate to 9e-06
	iters: 100, epoch: 5 | loss: 0.0761918
	speed: 0.0873s/iter; left time: 1257.4801s
	iters: 200, epoch: 5 | loss: 0.0691164
	speed: 0.0298s/iter; left time: 425.6941s
	iters: 300, epoch: 5 | loss: 0.0712340
	speed: 0.0297s/iter; left time: 422.0679s
	iters: 400, epoch: 5 | loss: 0.0741844
	speed: 0.0298s/iter; left time: 419.5353s
	iters: 500, epoch: 5 | loss: 0.0943388
	speed: 0.0297s/iter; left time: 416.1986s
	iters: 600, epoch: 5 | loss: 0.0765303
	speed: 0.0298s/iter; left time: 413.6844s
	iters: 700, epoch: 5 | loss: 0.0972506
	speed: 0.0297s/iter; left time: 410.1997s
	iters: 800, epoch: 5 | loss: 0.0703610
	speed: 0.0297s/iter; left time: 407.3404s
	iters: 900, epoch: 5 | loss: 0.0964772
	speed: 0.0297s/iter; left time: 404.4487s
-------------------------------------------------------------------------------------
Epoch: 5
Cost time: 00h:00m:27.25s
Steps: 906 | Train Loss: 0.0847433 Vali Loss: 0.0830467 Test Loss: 0.0951561
Validation loss decreased (0.085219 --> 0.083047).  Saving model ...
Updating learning rate to 8.1e-06
	iters: 100, epoch: 6 | loss: 0.0816022
	speed: 0.0867s/iter; left time: 1169.1802s
	iters: 200, epoch: 6 | loss: 0.0835254
	speed: 0.0297s/iter; left time: 398.1961s
	iters: 300, epoch: 6 | loss: 0.1071883
	speed: 0.0297s/iter; left time: 395.0547s
	iters: 400, epoch: 6 | loss: 0.0957502
	speed: 0.0297s/iter; left time: 392.0943s
	iters: 500, epoch: 6 | loss: 0.0762820
	speed: 0.0297s/iter; left time: 389.1380s
	iters: 600, epoch: 6 | loss: 0.0956972
	speed: 0.0297s/iter; left time: 385.8772s
	iters: 700, epoch: 6 | loss: 0.1029015
	speed: 0.0297s/iter; left time: 383.1784s
	iters: 800, epoch: 6 | loss: 0.0734220
	speed: 0.0297s/iter; left time: 380.0599s
	iters: 900, epoch: 6 | loss: 0.0873853
	speed: 0.0297s/iter; left time: 376.4094s
-------------------------------------------------------------------------------------
Epoch: 6
Cost time: 00h:00m:27.20s
Steps: 906 | Train Loss: 0.0812203 Vali Loss: 0.0803576 Test Loss: 0.0923670
Validation loss decreased (0.083047 --> 0.080358).  Saving model ...
Updating learning rate to 7.290000000000001e-06
	iters: 100, epoch: 7 | loss: 0.0813925
	speed: 0.0889s/iter; left time: 1118.4239s
	iters: 200, epoch: 7 | loss: 0.0604578
	speed: 0.0297s/iter; left time: 370.9510s
	iters: 300, epoch: 7 | loss: 0.0694139
	speed: 0.0298s/iter; left time: 368.7907s
	iters: 400, epoch: 7 | loss: 0.0683132
	speed: 0.0297s/iter; left time: 365.1823s
	iters: 500, epoch: 7 | loss: 0.0758274
	speed: 0.0298s/iter; left time: 362.7918s
	iters: 600, epoch: 7 | loss: 0.0627165
	speed: 0.0297s/iter; left time: 359.3163s
	iters: 700, epoch: 7 | loss: 0.0711533
	speed: 0.0297s/iter; left time: 356.3531s
	iters: 800, epoch: 7 | loss: 0.0989523
	speed: 0.0297s/iter; left time: 353.3689s
	iters: 900, epoch: 7 | loss: 0.0735460
	speed: 0.0297s/iter; left time: 350.3190s
-------------------------------------------------------------------------------------
Epoch: 7
Cost time: 00h:00m:27.23s
Steps: 906 | Train Loss: 0.0784855 Vali Loss: 0.0796865 Test Loss: 0.0919036
Validation loss decreased (0.080358 --> 0.079686).  Saving model ...
Updating learning rate to 6.561e-06
	iters: 100, epoch: 8 | loss: 0.0675804
	speed: 0.0882s/iter; left time: 1030.5086s
	iters: 200, epoch: 8 | loss: 0.0605162
	speed: 0.0298s/iter; left time: 344.8377s
	iters: 300, epoch: 8 | loss: 0.0868586
	speed: 0.0298s/iter; left time: 341.9457s
	iters: 400, epoch: 8 | loss: 0.0731002
	speed: 0.0298s/iter; left time: 338.8103s
	iters: 500, epoch: 8 | loss: 0.0837145
	speed: 0.0298s/iter; left time: 335.8789s
	iters: 600, epoch: 8 | loss: 0.0789398
	speed: 0.0298s/iter; left time: 332.9255s
	iters: 700, epoch: 8 | loss: 0.0657332
	speed: 0.0298s/iter; left time: 329.8410s
	iters: 800, epoch: 8 | loss: 0.0728682
	speed: 0.0298s/iter; left time: 326.8911s
	iters: 900, epoch: 8 | loss: 0.0866053
	speed: 0.0298s/iter; left time: 324.6778s
-------------------------------------------------------------------------------------
Epoch: 8
Cost time: 00h:00m:27.30s
Steps: 906 | Train Loss: 0.0760764 Vali Loss: 0.0800055 Test Loss: 0.0923965
EarlyStopping counter: 1 out of 3
Updating learning rate to 5.904900000000001e-06
	iters: 100, epoch: 9 | loss: 0.0724651
	speed: 0.0830s/iter; left time: 894.5033s
	iters: 200, epoch: 9 | loss: 0.0810767
	speed: 0.0298s/iter; left time: 317.5634s
	iters: 300, epoch: 9 | loss: 0.0727122
	speed: 0.0297s/iter; left time: 314.4158s
	iters: 400, epoch: 9 | loss: 0.0934094
	speed: 0.0297s/iter; left time: 311.4087s
	iters: 500, epoch: 9 | loss: 0.0802062
	speed: 0.0297s/iter; left time: 307.6958s
	iters: 600, epoch: 9 | loss: 0.0795524
	speed: 0.0297s/iter; left time: 304.8526s
	iters: 700, epoch: 9 | loss: 0.0731490
	speed: 0.0297s/iter; left time: 301.8137s
	iters: 800, epoch: 9 | loss: 0.0765900
	speed: 0.0297s/iter; left time: 298.9084s
	iters: 900, epoch: 9 | loss: 0.0710315
	speed: 0.0297s/iter; left time: 295.8500s
-------------------------------------------------------------------------------------
Epoch: 9
Cost time: 00h:00m:27.15s
Steps: 906 | Train Loss: 0.0742289 Vali Loss: 0.0791505 Test Loss: 0.0926508
Validation loss decreased (0.079686 --> 0.079151).  Saving model ...
Updating learning rate to 5.314410000000001e-06
	iters: 100, epoch: 10 | loss: 0.0824995
	speed: 0.0874s/iter; left time: 862.3142s
	iters: 200, epoch: 10 | loss: 0.0679480
	speed: 0.0298s/iter; left time: 291.1156s
	iters: 300, epoch: 10 | loss: 0.0813933
	speed: 0.0298s/iter; left time: 287.9861s
	iters: 400, epoch: 10 | loss: 0.0691399
	speed: 0.0298s/iter; left time: 284.9169s
	iters: 500, epoch: 10 | loss: 0.0703857
	speed: 0.0298s/iter; left time: 281.8335s
	iters: 600, epoch: 10 | loss: 0.0662259
	speed: 0.0298s/iter; left time: 278.8708s
	iters: 700, epoch: 10 | loss: 0.0751242
	speed: 0.0298s/iter; left time: 276.0298s
	iters: 800, epoch: 10 | loss: 0.0699978
	speed: 0.0298s/iter; left time: 272.8704s
	iters: 900, epoch: 10 | loss: 0.0868530
	speed: 0.0298s/iter; left time: 269.9497s
-------------------------------------------------------------------------------------
Epoch: 10
Cost time: 00h:00m:27.30s
Steps: 906 | Train Loss: 0.0726924 Vali Loss: 0.0787351 Test Loss: 0.0905891
Validation loss decreased (0.079151 --> 0.078735).  Saving model ...
Updating learning rate to 4.782969000000001e-06
	iters: 100, epoch: 11 | loss: 0.0620964
	speed: 0.0861s/iter; left time: 771.5118s
	iters: 200, epoch: 11 | loss: 0.0550535
	speed: 0.0297s/iter; left time: 263.3116s
	iters: 300, epoch: 11 | loss: 0.0809732
	speed: 0.0297s/iter; left time: 260.3381s
	iters: 400, epoch: 11 | loss: 0.0676221
	speed: 0.0297s/iter; left time: 257.4984s
	iters: 500, epoch: 11 | loss: 0.0592483
	speed: 0.0298s/iter; left time: 254.7445s
	iters: 600, epoch: 11 | loss: 0.0745333
	speed: 0.0298s/iter; left time: 252.0483s
	iters: 700, epoch: 11 | loss: 0.0662778
	speed: 0.0298s/iter; left time: 249.2591s
	iters: 800, epoch: 11 | loss: 0.0734507
	speed: 0.0298s/iter; left time: 246.2995s
	iters: 900, epoch: 11 | loss: 0.0794924
	speed: 0.0298s/iter; left time: 243.2590s
-------------------------------------------------------------------------------------
Epoch: 11
Cost time: 00h:00m:27.23s
Steps: 906 | Train Loss: 0.0714136 Vali Loss: 0.0777028 Test Loss: 0.0902698
Validation loss decreased (0.078735 --> 0.077703).  Saving model ...
Updating learning rate to 4.304672100000001e-06
	iters: 100, epoch: 12 | loss: 0.0883821
	speed: 0.0860s/iter; left time: 692.9134s
	iters: 200, epoch: 12 | loss: 0.0793084
	speed: 0.0298s/iter; left time: 237.0253s
	iters: 300, epoch: 12 | loss: 0.0880319
	speed: 0.0298s/iter; left time: 233.9582s
	iters: 400, epoch: 12 | loss: 0.0614657
	speed: 0.0298s/iter; left time: 231.1083s
	iters: 500, epoch: 12 | loss: 0.0529608
	speed: 0.0298s/iter; left time: 228.1153s
	iters: 600, epoch: 12 | loss: 0.0686684
	speed: 0.0298s/iter; left time: 225.0020s
	iters: 700, epoch: 12 | loss: 0.0777067
	speed: 0.0298s/iter; left time: 222.0333s
	iters: 800, epoch: 12 | loss: 0.0622639
	speed: 0.0298s/iter; left time: 219.0897s
	iters: 900, epoch: 12 | loss: 0.0536278
	speed: 0.0298s/iter; left time: 216.1977s
-------------------------------------------------------------------------------------
Epoch: 12
Cost time: 00h:00m:27.26s
Steps: 906 | Train Loss: 0.0702362 Vali Loss: 0.0768625 Test Loss: 0.0903696
Validation loss decreased (0.077703 --> 0.076862).  Saving model ...
Updating learning rate to 3.8742048900000015e-06
	iters: 100, epoch: 13 | loss: 0.0828627
	speed: 0.0905s/iter; left time: 646.7852s
	iters: 200, epoch: 13 | loss: 0.0672925
	speed: 0.0298s/iter; left time: 210.3926s
	iters: 300, epoch: 13 | loss: 0.0721971
	speed: 0.0298s/iter; left time: 207.1065s
	iters: 400, epoch: 13 | loss: 0.0805397
	speed: 0.0298s/iter; left time: 204.1426s
	iters: 500, epoch: 13 | loss: 0.0595786
	speed: 0.0298s/iter; left time: 201.1086s
	iters: 600, epoch: 13 | loss: 0.0744953
	speed: 0.0297s/iter; left time: 197.7697s
	iters: 700, epoch: 13 | loss: 0.0710526
	speed: 0.0297s/iter; left time: 194.7547s
	iters: 800, epoch: 13 | loss: 0.0546365
	speed: 0.0297s/iter; left time: 191.8385s
	iters: 900, epoch: 13 | loss: 0.0807848
	speed: 0.0297s/iter; left time: 188.8206s
-------------------------------------------------------------------------------------
Epoch: 13
Cost time: 00h:00m:27.27s
Steps: 906 | Train Loss: 0.0692031 Vali Loss: 0.0763004 Test Loss: 0.0898577
Validation loss decreased (0.076862 --> 0.076300).  Saving model ...
Updating learning rate to 3.486784401000001e-06
	iters: 100, epoch: 14 | loss: 0.0807784
	speed: 0.0890s/iter; left time: 555.9324s
	iters: 200, epoch: 14 | loss: 0.0715424
	speed: 0.0299s/iter; left time: 183.4327s
	iters: 300, epoch: 14 | loss: 0.0713831
	speed: 0.0299s/iter; left time: 180.6250s
	iters: 400, epoch: 14 | loss: 0.0643375
	speed: 0.0299s/iter; left time: 177.5117s
	iters: 500, epoch: 14 | loss: 0.0710926
	speed: 0.0299s/iter; left time: 174.4529s
	iters: 600, epoch: 14 | loss: 0.0768857
	speed: 0.0298s/iter; left time: 171.3602s
	iters: 700, epoch: 14 | loss: 0.0597073
	speed: 0.0298s/iter; left time: 168.2737s
	iters: 800, epoch: 14 | loss: 0.0553055
	speed: 0.0298s/iter; left time: 165.3590s
	iters: 900, epoch: 14 | loss: 0.0587326
	speed: 0.0299s/iter; left time: 162.7193s
-------------------------------------------------------------------------------------
Epoch: 14
Cost time: 00h:00m:27.36s
Steps: 906 | Train Loss: 0.0683695 Vali Loss: 0.0765282 Test Loss: 0.0897467
EarlyStopping counter: 1 out of 3
Updating learning rate to 3.138105960900001e-06
	iters: 100, epoch: 15 | loss: 0.0579888
	speed: 0.0828s/iter; left time: 442.1697s
	iters: 200, epoch: 15 | loss: 0.0544438
	speed: 0.0299s/iter; left time: 156.5488s
	iters: 300, epoch: 15 | loss: 0.0621308
	speed: 0.0299s/iter; left time: 153.4286s
	iters: 400, epoch: 15 | loss: 0.0658644
	speed: 0.0299s/iter; left time: 150.4359s
	iters: 500, epoch: 15 | loss: 0.0751240
	speed: 0.0299s/iter; left time: 147.4581s
	iters: 600, epoch: 15 | loss: 0.0587488
	speed: 0.0299s/iter; left time: 144.8243s
	iters: 700, epoch: 15 | loss: 0.0665463
	speed: 0.0299s/iter; left time: 141.6133s
	iters: 800, epoch: 15 | loss: 0.0828851
	speed: 0.0299s/iter; left time: 138.5102s
	iters: 900, epoch: 15 | loss: 0.0601839
	speed: 0.0299s/iter; left time: 135.5372s
-------------------------------------------------------------------------------------
Epoch: 15
Cost time: 00h:00m:27.32s
Steps: 906 | Train Loss: 0.0675523 Vali Loss: 0.0762614 Test Loss: 0.0895596
Validation loss decreased (0.076300 --> 0.076261).  Saving model ...
Updating learning rate to 2.8242953648100014e-06
	iters: 100, epoch: 16 | loss: 0.0705636
	speed: 0.0858s/iter; left time: 380.2275s
	iters: 200, epoch: 16 | loss: 0.0564412
	speed: 0.0299s/iter; left time: 129.6216s
	iters: 300, epoch: 16 | loss: 0.0706642
	speed: 0.0298s/iter; left time: 126.2395s
	iters: 400, epoch: 16 | loss: 0.0491402
	speed: 0.0298s/iter; left time: 123.2412s
	iters: 500, epoch: 16 | loss: 0.0667815
	speed: 0.0298s/iter; left time: 120.1642s
	iters: 600, epoch: 16 | loss: 0.0725728
	speed: 0.0298s/iter; left time: 117.2113s
	iters: 700, epoch: 16 | loss: 0.0486489
	speed: 0.0297s/iter; left time: 113.8106s
	iters: 800, epoch: 16 | loss: 0.0825104
	speed: 0.0297s/iter; left time: 110.7696s
	iters: 900, epoch: 16 | loss: 0.0628609
	speed: 0.0308s/iter; left time: 111.9905s
-------------------------------------------------------------------------------------
Epoch: 16
Cost time: 00h:00m:27.38s
Steps: 906 | Train Loss: 0.0668644 Vali Loss: 0.0766449 Test Loss: 0.0903029
EarlyStopping counter: 1 out of 3
Updating learning rate to 2.541865828329001e-06
	iters: 100, epoch: 17 | loss: 0.0726497
	speed: 0.0878s/iter; left time: 309.5411s
	iters: 200, epoch: 17 | loss: 0.0706075
	speed: 0.0297s/iter; left time: 101.7833s
	iters: 300, epoch: 17 | loss: 0.0607068
	speed: 0.0298s/iter; left time: 99.1169s
	iters: 400, epoch: 17 | loss: 0.0776162
	speed: 0.0297s/iter; left time: 95.8328s
	iters: 500, epoch: 17 | loss: 0.0524389
	speed: 0.0302s/iter; left time: 94.2464s
	iters: 600, epoch: 17 | loss: 0.0675210
	speed: 0.0299s/iter; left time: 90.3676s
	iters: 700, epoch: 17 | loss: 0.0518132
	speed: 0.0300s/iter; left time: 87.6275s
	iters: 800, epoch: 17 | loss: 0.0641682
	speed: 0.0299s/iter; left time: 84.4271s
	iters: 900, epoch: 17 | loss: 0.0681628
	speed: 0.0299s/iter; left time: 81.3421s
-------------------------------------------------------------------------------------
Epoch: 17
Cost time: 00h:00m:27.30s
Steps: 906 | Train Loss: 0.0663172 Vali Loss: 0.0763988 Test Loss: 0.0906507
EarlyStopping counter: 2 out of 3
Updating learning rate to 2.287679245496101e-06
	iters: 100, epoch: 18 | loss: 0.0631115
	speed: 0.0838s/iter; left time: 219.5924s
	iters: 200, epoch: 18 | loss: 0.0910473
	speed: 0.0298s/iter; left time: 75.1764s
	iters: 300, epoch: 18 | loss: 0.0710222
	speed: 0.0298s/iter; left time: 72.0808s
	iters: 400, epoch: 18 | loss: 0.0547096
	speed: 0.0298s/iter; left time: 69.1629s
	iters: 500, epoch: 18 | loss: 0.0554756
	speed: 0.0298s/iter; left time: 66.1063s
	iters: 600, epoch: 18 | loss: 0.0693752
	speed: 0.0298s/iter; left time: 63.2299s
	iters: 700, epoch: 18 | loss: 0.0605156
	speed: 0.0298s/iter; left time: 60.1359s
	iters: 800, epoch: 18 | loss: 0.0758320
	speed: 0.0298s/iter; left time: 57.1641s
	iters: 900, epoch: 18 | loss: 0.0680843
	speed: 0.0298s/iter; left time: 54.1991s
-------------------------------------------------------------------------------------
Epoch: 18
Cost time: 00h:00m:27.34s
Steps: 906 | Train Loss: 0.0656433 Vali Loss: 0.0771582 Test Loss: 0.0907336
EarlyStopping counter: 3 out of 3
Early stopping
-------------------------------------------------------------------------------------
>>>>>>>testing : IT_96_24_loss_choice_for_IT_Informer_custom_ftM_sl96_ll5_pl24_dm512_nh8_el2_dl1_df2048_fc5_ebtimeF_dtTrue_lossLogCosh_Exp_0<<<<<<<<<<<<<<<<<<<<<<<<<<<<<<<<<
test 6217
Scaled mse:0.2194143831729889, rmse:0.46841689944267273, mae:0.28272610902786255, rse:0.42899376153945923
Original data scale mse:1596544.0, rmse:1263.544189453125, mae:824.199951171875, rse:0.08879222720861435
Use GPU: cuda:0
>>>>>>>start training : IT_96_24_loss_choice_for_IT_Informer_custom_ftM_sl96_ll5_pl24_dm512_nh8_el2_dl1_df2048_fc5_ebtimeF_dtTrue_lossLogCosh_Exp_1>>>>>>>>>>>>>>>>>>>>>>>>>>
train 29017
val 6217
test 6217
	iters: 100, epoch: 1 | loss: 0.3971636
	speed: 0.0325s/iter; left time: 585.2487s
	iters: 200, epoch: 1 | loss: 0.4191612
	speed: 0.0298s/iter; left time: 534.8641s
	iters: 300, epoch: 1 | loss: 0.4041344
	speed: 0.0297s/iter; left time: 529.1952s
	iters: 400, epoch: 1 | loss: 0.3592557
	speed: 0.0297s/iter; left time: 526.3620s
	iters: 500, epoch: 1 | loss: 0.3704170
	speed: 0.0297s/iter; left time: 524.1797s
	iters: 600, epoch: 1 | loss: 0.3792109
	speed: 0.0298s/iter; left time: 521.3979s
	iters: 700, epoch: 1 | loss: 0.3460130
	speed: 0.0299s/iter; left time: 521.5356s
	iters: 800, epoch: 1 | loss: 0.3496483
	speed: 0.0299s/iter; left time: 518.0989s
	iters: 900, epoch: 1 | loss: 0.2936975
	speed: 0.0298s/iter; left time: 513.5577s
-------------------------------------------------------------------------------------
Epoch: 1
Cost time: 00h:00m:27.32s
Steps: 906 | Train Loss: 0.3717741 Vali Loss: 0.3169602 Test Loss: 0.3579752
Validation loss decreased (inf --> 0.316960).  Saving model ...
Updating learning rate to 1e-05
	iters: 100, epoch: 2 | loss: 0.2216795
	speed: 0.0883s/iter; left time: 1511.5836s
	iters: 200, epoch: 2 | loss: 0.1570435
	speed: 0.0298s/iter; left time: 507.1673s
	iters: 300, epoch: 2 | loss: 0.1136185
	speed: 0.0298s/iter; left time: 504.1581s
	iters: 400, epoch: 2 | loss: 0.1440779
	speed: 0.0298s/iter; left time: 500.6582s
	iters: 500, epoch: 2 | loss: 0.0997055
	speed: 0.0298s/iter; left time: 497.9121s
	iters: 600, epoch: 2 | loss: 0.0935548
	speed: 0.0298s/iter; left time: 494.5869s
	iters: 700, epoch: 2 | loss: 0.1147088
	speed: 0.0298s/iter; left time: 491.5531s
	iters: 800, epoch: 2 | loss: 0.1303709
	speed: 0.0298s/iter; left time: 488.5313s
	iters: 900, epoch: 2 | loss: 0.1076557
	speed: 0.0298s/iter; left time: 485.5338s
-------------------------------------------------------------------------------------
Epoch: 2
Cost time: 00h:00m:27.29s
Steps: 906 | Train Loss: 0.1411959 Vali Loss: 0.1012553 Test Loss: 0.1108706
Validation loss decreased (0.316960 --> 0.101255).  Saving model ...
Updating learning rate to 1e-05
	iters: 100, epoch: 3 | loss: 0.1071651
	speed: 0.0938s/iter; left time: 1520.6274s
	iters: 200, epoch: 3 | loss: 0.0918867
	speed: 0.0307s/iter; left time: 494.0723s
	iters: 300, epoch: 3 | loss: 0.0917631
	speed: 0.0303s/iter; left time: 484.8155s
	iters: 400, epoch: 3 | loss: 0.0977571
	speed: 0.0298s/iter; left time: 474.3861s
	iters: 500, epoch: 3 | loss: 0.0831516
	speed: 0.0298s/iter; left time: 470.7067s
	iters: 600, epoch: 3 | loss: 0.1135331
	speed: 0.0298s/iter; left time: 468.2970s
	iters: 700, epoch: 3 | loss: 0.0960485
	speed: 0.0298s/iter; left time: 465.6782s
	iters: 800, epoch: 3 | loss: 0.0753069
	speed: 0.0299s/iter; left time: 464.1770s
	iters: 900, epoch: 3 | loss: 0.0863255
	speed: 0.0298s/iter; left time: 459.4275s
-------------------------------------------------------------------------------------
Epoch: 3
Cost time: 00h:00m:27.48s
Steps: 906 | Train Loss: 0.0982486 Vali Loss: 0.0915889 Test Loss: 0.1024978
Validation loss decreased (0.101255 --> 0.091589).  Saving model ...
Updating learning rate to 1e-05
	iters: 100, epoch: 4 | loss: 0.1094696
	speed: 0.0874s/iter; left time: 1336.8433s
	iters: 200, epoch: 4 | loss: 0.0758608
	speed: 0.0297s/iter; left time: 452.2493s
	iters: 300, epoch: 4 | loss: 0.0895379
	speed: 0.0298s/iter; left time: 449.3270s
	iters: 400, epoch: 4 | loss: 0.0854467
	speed: 0.0297s/iter; left time: 446.3183s
	iters: 500, epoch: 4 | loss: 0.0782192
	speed: 0.0297s/iter; left time: 443.2268s
	iters: 600, epoch: 4 | loss: 0.0721014
	speed: 0.0298s/iter; left time: 440.4256s
	iters: 700, epoch: 4 | loss: 0.0910467
	speed: 0.0297s/iter; left time: 437.2790s
	iters: 800, epoch: 4 | loss: 0.0866130
	speed: 0.0297s/iter; left time: 434.2794s
	iters: 900, epoch: 4 | loss: 0.0740030
	speed: 0.0297s/iter; left time: 431.3574s
-------------------------------------------------------------------------------------
Epoch: 4
Cost time: 00h:00m:27.25s
Steps: 906 | Train Loss: 0.0895115 Vali Loss: 0.0863971 Test Loss: 0.0984672
Validation loss decreased (0.091589 --> 0.086397).  Saving model ...
Updating learning rate to 9e-06
	iters: 100, epoch: 5 | loss: 0.0844177
	speed: 0.0888s/iter; left time: 1277.9251s
	iters: 200, epoch: 5 | loss: 0.0811562
	speed: 0.0300s/iter; left time: 429.2499s
	iters: 300, epoch: 5 | loss: 0.0941667
	speed: 0.0307s/iter; left time: 435.4960s
	iters: 400, epoch: 5 | loss: 0.1014833
	speed: 0.0302s/iter; left time: 425.7986s
	iters: 500, epoch: 5 | loss: 0.0814222
	speed: 0.0298s/iter; left time: 416.5832s
	iters: 600, epoch: 5 | loss: 0.1065658
	speed: 0.0298s/iter; left time: 413.4729s
	iters: 700, epoch: 5 | loss: 0.1056008
	speed: 0.0298s/iter; left time: 410.8561s
	iters: 800, epoch: 5 | loss: 0.0981042
	speed: 0.0299s/iter; left time: 409.6752s
	iters: 900, epoch: 5 | loss: 0.0893992
	speed: 0.0302s/iter; left time: 410.4025s
-------------------------------------------------------------------------------------
Epoch: 5
Cost time: 00h:00m:27.50s
Steps: 906 | Train Loss: 0.0841995 Vali Loss: 0.0823307 Test Loss: 0.0952569
Validation loss decreased (0.086397 --> 0.082331).  Saving model ...
Updating learning rate to 8.1e-06
	iters: 100, epoch: 6 | loss: 0.0759282
	speed: 0.0907s/iter; left time: 1223.0425s
	iters: 200, epoch: 6 | loss: 0.1082444
	speed: 0.0298s/iter; left time: 399.1686s
	iters: 300, epoch: 6 | loss: 0.0996173
	speed: 0.0298s/iter; left time: 396.3439s
	iters: 400, epoch: 6 | loss: 0.0848152
	speed: 0.0298s/iter; left time: 393.5385s
	iters: 500, epoch: 6 | loss: 0.0753228
	speed: 0.0298s/iter; left time: 390.3362s
	iters: 600, epoch: 6 | loss: 0.0644004
	speed: 0.0298s/iter; left time: 387.3755s
	iters: 700, epoch: 6 | loss: 0.0762292
	speed: 0.0298s/iter; left time: 384.5495s
	iters: 800, epoch: 6 | loss: 0.0830729
	speed: 0.0298s/iter; left time: 381.3104s
	iters: 900, epoch: 6 | loss: 0.0778726
	speed: 0.0298s/iter; left time: 378.3110s
-------------------------------------------------------------------------------------
Epoch: 6
Cost time: 00h:00m:27.35s
Steps: 906 | Train Loss: 0.0804032 Vali Loss: 0.0795060 Test Loss: 0.0929364
Validation loss decreased (0.082331 --> 0.079506).  Saving model ...
Updating learning rate to 7.290000000000001e-06
	iters: 100, epoch: 7 | loss: 0.0757450
	speed: 0.0901s/iter; left time: 1134.3041s
	iters: 200, epoch: 7 | loss: 0.0670354
	speed: 0.0307s/iter; left time: 382.7815s
	iters: 300, epoch: 7 | loss: 0.0595618
	speed: 0.0305s/iter; left time: 377.6638s
	iters: 400, epoch: 7 | loss: 0.1078510
	speed: 0.0298s/iter; left time: 366.0458s
	iters: 500, epoch: 7 | loss: 0.0728240
	speed: 0.0297s/iter; left time: 362.4946s
	iters: 600, epoch: 7 | loss: 0.0625123
	speed: 0.0298s/iter; left time: 359.6730s
	iters: 700, epoch: 7 | loss: 0.0877926
	speed: 0.0298s/iter; left time: 357.6747s
	iters: 800, epoch: 7 | loss: 0.0679751
	speed: 0.0300s/iter; left time: 356.7662s
	iters: 900, epoch: 7 | loss: 0.0900001
	speed: 0.0302s/iter; left time: 355.8128s
-------------------------------------------------------------------------------------
Epoch: 7
Cost time: 00h:00m:27.64s
Steps: 906 | Train Loss: 0.0776911 Vali Loss: 0.0799812 Test Loss: 0.0933159
EarlyStopping counter: 1 out of 3
Updating learning rate to 6.561e-06
	iters: 100, epoch: 8 | loss: 0.0661212
	speed: 0.0846s/iter; left time: 988.5705s
	iters: 200, epoch: 8 | loss: 0.0905148
	speed: 0.0297s/iter; left time: 344.3679s
	iters: 300, epoch: 8 | loss: 0.0771909
	speed: 0.0297s/iter; left time: 341.2300s
	iters: 400, epoch: 8 | loss: 0.0596049
	speed: 0.0297s/iter; left time: 338.4123s
	iters: 500, epoch: 8 | loss: 0.0718042
	speed: 0.0297s/iter; left time: 335.3429s
	iters: 600, epoch: 8 | loss: 0.0789835
	speed: 0.0297s/iter; left time: 332.3947s
	iters: 700, epoch: 8 | loss: 0.0645774
	speed: 0.0297s/iter; left time: 329.3541s
	iters: 800, epoch: 8 | loss: 0.0690988
	speed: 0.0297s/iter; left time: 326.3988s
	iters: 900, epoch: 8 | loss: 0.0654256
	speed: 0.0297s/iter; left time: 323.3917s
-------------------------------------------------------------------------------------
Epoch: 8
Cost time: 00h:00m:27.28s
Steps: 906 | Train Loss: 0.0755102 Vali Loss: 0.0787153 Test Loss: 0.0900979
Validation loss decreased (0.079506 --> 0.078715).  Saving model ...
Updating learning rate to 5.904900000000001e-06
	iters: 100, epoch: 9 | loss: 0.0770985
	speed: 0.0897s/iter; left time: 966.8190s
	iters: 200, epoch: 9 | loss: 0.0716766
	speed: 0.0300s/iter; left time: 320.2714s
	iters: 300, epoch: 9 | loss: 0.0793560
	speed: 0.0298s/iter; left time: 315.5998s
	iters: 400, epoch: 9 | loss: 0.0884059
	speed: 0.0298s/iter; left time: 312.2276s
	iters: 500, epoch: 9 | loss: 0.0724895
	speed: 0.0306s/iter; left time: 317.0086s
	iters: 600, epoch: 9 | loss: 0.0648897
	speed: 0.0303s/iter; left time: 311.2312s
	iters: 700, epoch: 9 | loss: 0.0998029
	speed: 0.0297s/iter; left time: 302.6184s
	iters: 800, epoch: 9 | loss: 0.0812611
	speed: 0.0298s/iter; left time: 300.0399s
	iters: 900, epoch: 9 | loss: 0.0664581
	speed: 0.0298s/iter; left time: 297.4771s
-------------------------------------------------------------------------------------
Epoch: 9
Cost time: 00h:00m:27.54s
Steps: 906 | Train Loss: 0.0739317 Vali Loss: 0.0768296 Test Loss: 0.0889853
Validation loss decreased (0.078715 --> 0.076830).  Saving model ...
Updating learning rate to 5.314410000000001e-06
	iters: 100, epoch: 10 | loss: 0.0710655
	speed: 0.0889s/iter; left time: 877.0262s
	iters: 200, epoch: 10 | loss: 0.0843269
	speed: 0.0298s/iter; left time: 290.7928s
	iters: 300, epoch: 10 | loss: 0.0611304
	speed: 0.0298s/iter; left time: 288.1339s
	iters: 400, epoch: 10 | loss: 0.0729806
	speed: 0.0298s/iter; left time: 285.4223s
	iters: 500, epoch: 10 | loss: 0.0836105
	speed: 0.0298s/iter; left time: 281.7907s
	iters: 600, epoch: 10 | loss: 0.0877846
	speed: 0.0298s/iter; left time: 278.8647s
	iters: 700, epoch: 10 | loss: 0.0642552
	speed: 0.0299s/iter; left time: 277.1457s
	iters: 800, epoch: 10 | loss: 0.0793325
	speed: 0.0300s/iter; left time: 275.3453s
	iters: 900, epoch: 10 | loss: 0.0869470
	speed: 0.0304s/iter; left time: 276.0204s
-------------------------------------------------------------------------------------
Epoch: 10
Cost time: 00h:00m:27.49s
Steps: 906 | Train Loss: 0.0722908 Vali Loss: 0.0767432 Test Loss: 0.0907555
Validation loss decreased (0.076830 --> 0.076743).  Saving model ...
Updating learning rate to 4.782969000000001e-06
	iters: 100, epoch: 11 | loss: 0.0671257
	speed: 0.0895s/iter; left time: 802.0959s
	iters: 200, epoch: 11 | loss: 0.0477569
	speed: 0.0298s/iter; left time: 263.9974s
	iters: 300, epoch: 11 | loss: 0.0718592
	speed: 0.0298s/iter; left time: 261.3968s
	iters: 400, epoch: 11 | loss: 0.0612262
	speed: 0.0308s/iter; left time: 266.5313s
	iters: 500, epoch: 11 | loss: 0.0658110
	speed: 0.0298s/iter; left time: 255.1266s
	iters: 600, epoch: 11 | loss: 0.0754765
	speed: 0.0298s/iter; left time: 252.0197s
	iters: 700, epoch: 11 | loss: 0.0802040
	speed: 0.0298s/iter; left time: 248.9807s
	iters: 800, epoch: 11 | loss: 0.0627324
	speed: 0.0298s/iter; left time: 246.0346s
	iters: 900, epoch: 11 | loss: 0.0930374
	speed: 0.0298s/iter; left time: 243.3479s
-------------------------------------------------------------------------------------
Epoch: 11
Cost time: 00h:00m:27.41s
Steps: 906 | Train Loss: 0.0712312 Vali Loss: 0.0762784 Test Loss: 0.0905533
Validation loss decreased (0.076743 --> 0.076278).  Saving model ...
Updating learning rate to 4.304672100000001e-06
	iters: 100, epoch: 12 | loss: 0.0678506
	speed: 0.0882s/iter; left time: 710.8254s
	iters: 200, epoch: 12 | loss: 0.0701500
	speed: 0.0298s/iter; left time: 237.1553s
	iters: 300, epoch: 12 | loss: 0.0635691
	speed: 0.0298s/iter; left time: 233.7400s
	iters: 400, epoch: 12 | loss: 0.0806172
	speed: 0.0297s/iter; left time: 230.6456s
	iters: 500, epoch: 12 | loss: 0.0643747
	speed: 0.0299s/iter; left time: 229.1261s
	iters: 600, epoch: 12 | loss: 0.0558693
	speed: 0.0297s/iter; left time: 224.7538s
	iters: 700, epoch: 12 | loss: 0.0826667
	speed: 0.0309s/iter; left time: 230.1053s
	iters: 800, epoch: 12 | loss: 0.0628733
	speed: 0.0302s/iter; left time: 222.0058s
	iters: 900, epoch: 12 | loss: 0.0582622
	speed: 0.0300s/iter; left time: 217.7169s
-------------------------------------------------------------------------------------
Epoch: 12
Cost time: 00h:00m:27.46s
Steps: 906 | Train Loss: 0.0700596 Vali Loss: 0.0772016 Test Loss: 0.0894077
EarlyStopping counter: 1 out of 3
Updating learning rate to 3.8742048900000015e-06
	iters: 100, epoch: 13 | loss: 0.0755911
	speed: 0.0846s/iter; left time: 605.0344s
	iters: 200, epoch: 13 | loss: 0.0672618
	speed: 0.0299s/iter; left time: 210.6863s
	iters: 300, epoch: 13 | loss: 0.0641041
	speed: 0.0304s/iter; left time: 211.2127s
	iters: 400, epoch: 13 | loss: 0.0606701
	speed: 0.0298s/iter; left time: 204.3609s
	iters: 500, epoch: 13 | loss: 0.0890712
	speed: 0.0298s/iter; left time: 201.4279s
	iters: 600, epoch: 13 | loss: 0.0778844
	speed: 0.0298s/iter; left time: 198.3600s
	iters: 700, epoch: 13 | loss: 0.0569261
	speed: 0.0298s/iter; left time: 195.3743s
	iters: 800, epoch: 13 | loss: 0.0542179
	speed: 0.0298s/iter; left time: 192.3813s
	iters: 900, epoch: 13 | loss: 0.0919351
	speed: 0.0298s/iter; left time: 189.5163s
-------------------------------------------------------------------------------------
Epoch: 13
Cost time: 00h:00m:27.53s
Steps: 906 | Train Loss: 0.0692655 Vali Loss: 0.0758644 Test Loss: 0.0884248
Validation loss decreased (0.076278 --> 0.075864).  Saving model ...
Updating learning rate to 3.486784401000001e-06
	iters: 100, epoch: 14 | loss: 0.0575545
	speed: 0.0872s/iter; left time: 544.1497s
	iters: 200, epoch: 14 | loss: 0.0703240
	speed: 0.0298s/iter; left time: 183.0069s
	iters: 300, epoch: 14 | loss: 0.0630578
	speed: 0.0298s/iter; left time: 179.9148s
	iters: 400, epoch: 14 | loss: 0.0847864
	speed: 0.0300s/iter; left time: 178.5830s
	iters: 500, epoch: 14 | loss: 0.0634788
	speed: 0.0303s/iter; left time: 176.8693s
	iters: 600, epoch: 14 | loss: 0.0662559
	speed: 0.0305s/iter; left time: 175.0981s
	iters: 700, epoch: 14 | loss: 0.0731127
	speed: 0.0300s/iter; left time: 169.1075s
	iters: 800, epoch: 14 | loss: 0.0550113
	speed: 0.0298s/iter; left time: 165.2160s
	iters: 900, epoch: 14 | loss: 0.0533894
	speed: 0.0297s/iter; left time: 161.7619s
-------------------------------------------------------------------------------------
Epoch: 14
Cost time: 00h:00m:27.45s
Steps: 906 | Train Loss: 0.0683583 Vali Loss: 0.0752040 Test Loss: 0.0879394
Validation loss decreased (0.075864 --> 0.075204).  Saving model ...
Updating learning rate to 3.138105960900001e-06
	iters: 100, epoch: 15 | loss: 0.0625323
	speed: 0.0883s/iter; left time: 471.2331s
	iters: 200, epoch: 15 | loss: 0.0649095
	speed: 0.0302s/iter; left time: 157.8960s
	iters: 300, epoch: 15 | loss: 0.0632606
	speed: 0.0297s/iter; left time: 152.5865s
	iters: 400, epoch: 15 | loss: 0.0775710
	speed: 0.0297s/iter; left time: 149.6522s
	iters: 500, epoch: 15 | loss: 0.0854817
	speed: 0.0297s/iter; left time: 146.6905s
	iters: 600, epoch: 15 | loss: 0.0541045
	speed: 0.0297s/iter; left time: 143.7111s
	iters: 700, epoch: 15 | loss: 0.0783452
	speed: 0.0297s/iter; left time: 140.7684s
	iters: 800, epoch: 15 | loss: 0.0522422
	speed: 0.0297s/iter; left time: 137.7467s
	iters: 900, epoch: 15 | loss: 0.0431404
	speed: 0.0297s/iter; left time: 134.8647s
-------------------------------------------------------------------------------------
Epoch: 15
Cost time: 00h:00m:27.33s
Steps: 906 | Train Loss: 0.0676964 Vali Loss: 0.0759180 Test Loss: 0.0898690
EarlyStopping counter: 1 out of 3
Updating learning rate to 2.8242953648100014e-06
	iters: 100, epoch: 16 | loss: 0.0659920
	speed: 0.0843s/iter; left time: 373.7365s
	iters: 200, epoch: 16 | loss: 0.0707061
	speed: 0.0298s/iter; left time: 129.1456s
	iters: 300, epoch: 16 | loss: 0.0601451
	speed: 0.0300s/iter; left time: 126.9005s
	iters: 400, epoch: 16 | loss: 0.0754697
	speed: 0.0298s/iter; left time: 123.1780s
	iters: 500, epoch: 16 | loss: 0.0789825
	speed: 0.0308s/iter; left time: 124.3268s
	iters: 600, epoch: 16 | loss: 0.0665076
	speed: 0.0301s/iter; left time: 118.4185s
	iters: 700, epoch: 16 | loss: 0.0685397
	speed: 0.0299s/iter; left time: 114.4811s
	iters: 800, epoch: 16 | loss: 0.0591502
	speed: 0.0298s/iter; left time: 111.0643s
	iters: 900, epoch: 16 | loss: 0.0882321
	speed: 0.0298s/iter; left time: 108.1278s
-------------------------------------------------------------------------------------
Epoch: 16
Cost time: 00h:00m:27.48s
Steps: 906 | Train Loss: 0.0669732 Vali Loss: 0.0755674 Test Loss: 0.0887555
EarlyStopping counter: 2 out of 3
Updating learning rate to 2.541865828329001e-06
	iters: 100, epoch: 17 | loss: 0.0513821
	speed: 0.0855s/iter; left time: 301.4632s
	iters: 200, epoch: 17 | loss: 0.0816153
	speed: 0.0297s/iter; left time: 101.8613s
	iters: 300, epoch: 17 | loss: 0.0895512
	speed: 0.0297s/iter; left time: 98.7887s
	iters: 400, epoch: 17 | loss: 0.0717602
	speed: 0.0297s/iter; left time: 95.8194s
	iters: 500, epoch: 17 | loss: 0.0685735
	speed: 0.0297s/iter; left time: 92.8273s
	iters: 600, epoch: 17 | loss: 0.0774679
	speed: 0.0297s/iter; left time: 89.8718s
	iters: 700, epoch: 17 | loss: 0.0482805
	speed: 0.0297s/iter; left time: 86.8893s
	iters: 800, epoch: 17 | loss: 0.0867551
	speed: 0.0297s/iter; left time: 83.9315s
	iters: 900, epoch: 17 | loss: 0.0750699
	speed: 0.0297s/iter; left time: 80.9601s
-------------------------------------------------------------------------------------
Epoch: 17
Cost time: 00h:00m:27.25s
Steps: 906 | Train Loss: 0.0665998 Vali Loss: 0.0770525 Test Loss: 0.0890950
EarlyStopping counter: 3 out of 3
Early stopping
-------------------------------------------------------------------------------------
>>>>>>>testing : IT_96_24_loss_choice_for_IT_Informer_custom_ftM_sl96_ll5_pl24_dm512_nh8_el2_dl1_df2048_fc5_ebtimeF_dtTrue_lossLogCosh_Exp_1<<<<<<<<<<<<<<<<<<<<<<<<<<<<<<<<<
test 6217
Scaled mse:0.21397387981414795, rmse:0.4625731110572815, mae:0.2835257053375244, rse:0.42364180088043213
Original data scale mse:1588924.0, rmse:1260.5252685546875, mae:827.340576171875, rse:0.08858008682727814

Extracted Metrics for IT, pred_len=24, iteration=1:
Scaled Metrics - MSE: 0.2194143831729889, RMSE: 0.46841689944267273, MAE: 0.28272610902786255, RSE: 0.42899376153945923
Unscaled Metrics - MSE: 1596544.0, RMSE: 1263.544189453125, MAE: 824.199951171875, RSE: 0.08879222720861435

Extracted Metrics for IT, pred_len=24, iteration=2:
Scaled Metrics - MSE: 0.21397387981414795, RMSE: 0.4625731110572815, MAE: 0.2835257053375244, RSE: 0.42364180088043213
Unscaled Metrics - MSE: 1588924.0, RMSE: 1260.5252685546875, MAE: 827.340576171875, RSE: 0.08858008682727814

=== Starting experiments for pred_len: 96 ===
Args in experiment:
Namespace(random_seed=2021, is_training=1, model_id='IT_96_96_loss_choice_for_IT', model='Informer', data='custom', root_path='/vol/fob-vol3/nebenf24/riabchuv/my_work-1/datasets/', data_path='IT_data.csv', features='M', target='OT', freq='h', checkpoints='./checkpoints/', overlapping_windows=True, scaler_type='standard', seq_len=96, label_len=5, pred_len=96, inverse=True, loss_fnc='LogCosh', if_relu=False, fc_dropout=0.05, head_dropout=0.0, patch_len=16, stride=8, padding_patch='end', revin=1, affine=0, subtract_last=0, decomposition=0, kernel_size=25, individual=0, embed_type=0, enc_in=3, dec_in=3, c_out=3, d_model=512, n_heads=8, e_layers=2, d_layers=1, d_ff=2048, moving_avg=25, factor=5, distil=True, dropout=0.05, embed='timeF', activation='gelu', output_attention=False, do_predict=False, num_workers=10, itr=2, train_epochs=20, batch_size=32, patience=3, learning_rate=0.0001, des='Exp', lradj='type3', pct_start=0.3, use_amp=False, use_gpu=True, gpu=0, use_multi_gpu=False, devices='0,1,2,3', test_flop=False)
Use GPU: cuda:0
>>>>>>>start training : IT_96_96_loss_choice_for_IT_Informer_custom_ftM_sl96_ll5_pl96_dm512_nh8_el2_dl1_df2048_fc5_ebtimeF_dtTrue_lossLogCosh_Exp_0>>>>>>>>>>>>>>>>>>>>>>>>>>
train 28945
val 6145
test 6145
	iters: 100, epoch: 1 | loss: 0.3920158
	speed: 0.0613s/iter; left time: 1101.4748s
	iters: 200, epoch: 1 | loss: 0.3650886
	speed: 0.0374s/iter; left time: 668.8665s
	iters: 300, epoch: 1 | loss: 0.3085128
	speed: 0.0374s/iter; left time: 665.1668s
	iters: 400, epoch: 1 | loss: 0.2938516
	speed: 0.0375s/iter; left time: 662.5451s
	iters: 500, epoch: 1 | loss: 0.2749634
	speed: 0.0378s/iter; left time: 664.1713s
	iters: 600, epoch: 1 | loss: 0.2527118
	speed: 0.0375s/iter; left time: 654.8562s
	iters: 700, epoch: 1 | loss: 0.2328308
	speed: 0.0374s/iter; left time: 650.4177s
	iters: 800, epoch: 1 | loss: 0.2296015
	speed: 0.0374s/iter; left time: 646.6467s
	iters: 900, epoch: 1 | loss: 0.2382350
	speed: 0.0374s/iter; left time: 643.2398s
-------------------------------------------------------------------------------------
Epoch: 1
Cost time: 00h:00m:34.61s
Steps: 904 | Train Loss: 0.2944478 Vali Loss: 0.2163766 Test Loss: 0.2410855
Validation loss decreased (inf --> 0.216377).  Saving model ...
Updating learning rate to 0.0001
	iters: 100, epoch: 2 | loss: 0.1988569
	speed: 0.1078s/iter; left time: 1841.4977s
	iters: 200, epoch: 2 | loss: 0.2008904
	speed: 0.0374s/iter; left time: 635.0047s
	iters: 300, epoch: 2 | loss: 0.1593602
	speed: 0.0375s/iter; left time: 633.5219s
	iters: 400, epoch: 2 | loss: 0.1557070
	speed: 0.0377s/iter; left time: 632.2103s
	iters: 500, epoch: 2 | loss: 0.1485025
	speed: 0.0376s/iter; left time: 627.0237s
	iters: 600, epoch: 2 | loss: 0.1569556
	speed: 0.0375s/iter; left time: 621.2295s
	iters: 700, epoch: 2 | loss: 0.1440968
	speed: 0.0375s/iter; left time: 617.2461s
	iters: 800, epoch: 2 | loss: 0.1436892
	speed: 0.0375s/iter; left time: 613.9008s
	iters: 900, epoch: 2 | loss: 0.1319761
	speed: 0.0376s/iter; left time: 611.9322s
-------------------------------------------------------------------------------------
Epoch: 2
Cost time: 00h:00m:34.20s
Steps: 904 | Train Loss: 0.1613152 Vali Loss: 0.1345433 Test Loss: 0.1486310
Validation loss decreased (0.216377 --> 0.134543).  Saving model ...
Updating learning rate to 0.0001
	iters: 100, epoch: 3 | loss: 0.1345183
	speed: 0.1068s/iter; left time: 1727.4351s
	iters: 200, epoch: 3 | loss: 0.1362820
	speed: 0.0375s/iter; left time: 603.1311s
	iters: 300, epoch: 3 | loss: 0.1398901
	speed: 0.0375s/iter; left time: 599.0249s
	iters: 400, epoch: 3 | loss: 0.1384847
	speed: 0.0375s/iter; left time: 595.0347s
	iters: 500, epoch: 3 | loss: 0.1197377
	speed: 0.0375s/iter; left time: 591.8549s
	iters: 600, epoch: 3 | loss: 0.1227034
	speed: 0.0375s/iter; left time: 587.9796s
	iters: 700, epoch: 3 | loss: 0.1167131
	speed: 0.0375s/iter; left time: 584.4731s
	iters: 800, epoch: 3 | loss: 0.1446098
	speed: 0.0375s/iter; left time: 580.2654s
	iters: 900, epoch: 3 | loss: 0.1361621
	speed: 0.0375s/iter; left time: 576.3144s
-------------------------------------------------------------------------------------
Epoch: 3
Cost time: 00h:00m:34.18s
Steps: 904 | Train Loss: 0.1287201 Vali Loss: 0.1272092 Test Loss: 0.1473719
Validation loss decreased (0.134543 --> 0.127209).  Saving model ...
Updating learning rate to 0.0001
	iters: 100, epoch: 4 | loss: 0.1118946
	speed: 0.1156s/iter; left time: 1764.8227s
	iters: 200, epoch: 4 | loss: 0.1164963
	speed: 0.0374s/iter; left time: 567.8035s
	iters: 300, epoch: 4 | loss: 0.1055535
	speed: 0.0375s/iter; left time: 564.8865s
	iters: 400, epoch: 4 | loss: 0.1250770
	speed: 0.0375s/iter; left time: 560.5976s
	iters: 500, epoch: 4 | loss: 0.1228706
	speed: 0.0375s/iter; left time: 557.0141s
	iters: 600, epoch: 4 | loss: 0.1197468
	speed: 0.0375s/iter; left time: 553.4512s
	iters: 700, epoch: 4 | loss: 0.1025711
	speed: 0.0375s/iter; left time: 550.0206s
	iters: 800, epoch: 4 | loss: 0.1149818
	speed: 0.0375s/iter; left time: 546.5796s
	iters: 900, epoch: 4 | loss: 0.0958431
	speed: 0.0375s/iter; left time: 542.1239s
-------------------------------------------------------------------------------------
Epoch: 4
Cost time: 00h:00m:34.17s
Steps: 904 | Train Loss: 0.1164200 Vali Loss: 0.1345951 Test Loss: 0.1589372
EarlyStopping counter: 1 out of 3
Updating learning rate to 9e-05
	iters: 100, epoch: 5 | loss: 0.0952333
	speed: 0.1034s/iter; left time: 1485.3462s
	iters: 200, epoch: 5 | loss: 0.1119480
	speed: 0.0375s/iter; left time: 534.3934s
	iters: 300, epoch: 5 | loss: 0.1050271
	speed: 0.0375s/iter; left time: 530.9357s
	iters: 400, epoch: 5 | loss: 0.1344295
	speed: 0.0375s/iter; left time: 527.3822s
	iters: 500, epoch: 5 | loss: 0.1017456
	speed: 0.0375s/iter; left time: 523.7058s
	iters: 600, epoch: 5 | loss: 0.1035543
	speed: 0.0375s/iter; left time: 520.3716s
	iters: 700, epoch: 5 | loss: 0.1093345
	speed: 0.0375s/iter; left time: 516.2224s
	iters: 800, epoch: 5 | loss: 0.1120745
	speed: 0.0375s/iter; left time: 512.5287s
	iters: 900, epoch: 5 | loss: 0.0918702
	speed: 0.0376s/iter; left time: 509.6505s
-------------------------------------------------------------------------------------
Epoch: 5
Cost time: 00h:00m:34.14s
Steps: 904 | Train Loss: 0.1056276 Vali Loss: 0.1376958 Test Loss: 0.1525933
EarlyStopping counter: 2 out of 3
Updating learning rate to 8.1e-05
	iters: 100, epoch: 6 | loss: 0.0766324
	speed: 0.1039s/iter; left time: 1399.0761s
	iters: 200, epoch: 6 | loss: 0.1050524
	speed: 0.0375s/iter; left time: 501.2952s
	iters: 300, epoch: 6 | loss: 0.1029680
	speed: 0.0375s/iter; left time: 497.3490s
	iters: 400, epoch: 6 | loss: 0.1157313
	speed: 0.0375s/iter; left time: 493.3450s
	iters: 500, epoch: 6 | loss: 0.0848244
	speed: 0.0375s/iter; left time: 489.6155s
	iters: 600, epoch: 6 | loss: 0.0894640
	speed: 0.0375s/iter; left time: 485.9690s
	iters: 700, epoch: 6 | loss: 0.0736066
	speed: 0.0375s/iter; left time: 482.4402s
	iters: 800, epoch: 6 | loss: 0.1060184
	speed: 0.0375s/iter; left time: 478.2580s
	iters: 900, epoch: 6 | loss: 0.0946662
	speed: 0.0376s/iter; left time: 475.6458s
-------------------------------------------------------------------------------------
Epoch: 6
Cost time: 00h:00m:34.16s
Steps: 904 | Train Loss: 0.0952530 Vali Loss: 0.1405425 Test Loss: 0.1566719
EarlyStopping counter: 3 out of 3
Early stopping
-------------------------------------------------------------------------------------
>>>>>>>testing : IT_96_96_loss_choice_for_IT_Informer_custom_ftM_sl96_ll5_pl96_dm512_nh8_el2_dl1_df2048_fc5_ebtimeF_dtTrue_lossLogCosh_Exp_0<<<<<<<<<<<<<<<<<<<<<<<<<<<<<<<<<
test 6145
Scaled mse:0.3779916763305664, rmse:0.6148102879524231, mae:0.4021858274936676, rse:0.5629231929779053
Original data scale mse:3284276.25, rmse:1812.2572021484375, mae:1229.5313720703125, rse:0.12753593921661377
Use GPU: cuda:0
>>>>>>>start training : IT_96_96_loss_choice_for_IT_Informer_custom_ftM_sl96_ll5_pl96_dm512_nh8_el2_dl1_df2048_fc5_ebtimeF_dtTrue_lossLogCosh_Exp_1>>>>>>>>>>>>>>>>>>>>>>>>>>
train 28945
val 6145
test 6145
	iters: 100, epoch: 1 | loss: 0.3601882
	speed: 0.0408s/iter; left time: 732.9543s
	iters: 200, epoch: 1 | loss: 0.3541308
	speed: 0.0375s/iter; left time: 671.3359s
	iters: 300, epoch: 1 | loss: 0.3340231
	speed: 0.0375s/iter; left time: 666.3392s
	iters: 400, epoch: 1 | loss: 0.2919869
	speed: 0.0375s/iter; left time: 662.7269s
	iters: 500, epoch: 1 | loss: 0.2897259
	speed: 0.0375s/iter; left time: 658.9910s
	iters: 600, epoch: 1 | loss: 0.2319962
	speed: 0.0374s/iter; left time: 654.1644s
	iters: 700, epoch: 1 | loss: 0.2527199
	speed: 0.0374s/iter; left time: 650.7193s
	iters: 800, epoch: 1 | loss: 0.2421578
	speed: 0.0374s/iter; left time: 647.1113s
	iters: 900, epoch: 1 | loss: 0.2348373
	speed: 0.0375s/iter; left time: 643.5447s
-------------------------------------------------------------------------------------
Epoch: 1
Cost time: 00h:00m:34.26s
Steps: 904 | Train Loss: 0.2946323 Vali Loss: 0.2181074 Test Loss: 0.2468387
Validation loss decreased (inf --> 0.218107).  Saving model ...
Updating learning rate to 0.0001
	iters: 100, epoch: 2 | loss: 0.2248652
	speed: 0.1099s/iter; left time: 1876.1397s
	iters: 200, epoch: 2 | loss: 0.2172267
	speed: 0.0374s/iter; left time: 634.8928s
	iters: 300, epoch: 2 | loss: 0.1574079
	speed: 0.0376s/iter; left time: 635.1790s
	iters: 400, epoch: 2 | loss: 0.1413937
	speed: 0.0380s/iter; left time: 637.0919s
	iters: 500, epoch: 2 | loss: 0.1390030
	speed: 0.0375s/iter; left time: 625.3493s
	iters: 600, epoch: 2 | loss: 0.1697131
	speed: 0.0375s/iter; left time: 621.5544s
	iters: 700, epoch: 2 | loss: 0.1381270
	speed: 0.0375s/iter; left time: 617.9658s
	iters: 800, epoch: 2 | loss: 0.1264240
	speed: 0.0374s/iter; left time: 613.0769s
	iters: 900, epoch: 2 | loss: 0.1244422
	speed: 0.0375s/iter; left time: 610.3278s
-------------------------------------------------------------------------------------
Epoch: 2
Cost time: 00h:00m:34.24s
Steps: 904 | Train Loss: 0.1612769 Vali Loss: 0.1326796 Test Loss: 0.1481785
Validation loss decreased (0.218107 --> 0.132680).  Saving model ...
Updating learning rate to 0.0001
	iters: 100, epoch: 3 | loss: 0.1339733
	speed: 0.1090s/iter; left time: 1762.4363s
	iters: 200, epoch: 3 | loss: 0.1362889
	speed: 0.0374s/iter; left time: 601.5446s
	iters: 300, epoch: 3 | loss: 0.1334901
	speed: 0.0375s/iter; left time: 598.8161s
	iters: 400, epoch: 3 | loss: 0.1282925
	speed: 0.0375s/iter; left time: 594.5740s
	iters: 500, epoch: 3 | loss: 0.1264854
	speed: 0.0374s/iter; left time: 590.6179s
	iters: 600, epoch: 3 | loss: 0.1389250
	speed: 0.0375s/iter; left time: 587.0460s
	iters: 700, epoch: 3 | loss: 0.1401553
	speed: 0.0374s/iter; left time: 583.0066s
	iters: 800, epoch: 3 | loss: 0.1219772
	speed: 0.0375s/iter; left time: 579.8786s
	iters: 900, epoch: 3 | loss: 0.1013623
	speed: 0.0374s/iter; left time: 575.6190s
-------------------------------------------------------------------------------------
Epoch: 3
Cost time: 00h:00m:34.15s
Steps: 904 | Train Loss: 0.1288559 Vali Loss: 0.1301440 Test Loss: 0.1419763
Validation loss decreased (0.132680 --> 0.130144).  Saving model ...
Updating learning rate to 0.0001
	iters: 100, epoch: 4 | loss: 0.1105669
	speed: 0.1098s/iter; left time: 1676.7799s
	iters: 200, epoch: 4 | loss: 0.1101248
	speed: 0.0380s/iter; left time: 576.7089s
	iters: 300, epoch: 4 | loss: 0.1064029
	speed: 0.0375s/iter; left time: 565.0632s
	iters: 400, epoch: 4 | loss: 0.1211673
	speed: 0.0375s/iter; left time: 560.6800s
	iters: 500, epoch: 4 | loss: 0.1084539
	speed: 0.0375s/iter; left time: 557.1882s
	iters: 600, epoch: 4 | loss: 0.1283478
	speed: 0.0375s/iter; left time: 553.5919s
	iters: 700, epoch: 4 | loss: 0.1185534
	speed: 0.0375s/iter; left time: 549.8852s
	iters: 800, epoch: 4 | loss: 0.1061581
	speed: 0.0375s/iter; left time: 545.6841s
	iters: 900, epoch: 4 | loss: 0.1077541
	speed: 0.0374s/iter; left time: 541.6162s
-------------------------------------------------------------------------------------
Epoch: 4
Cost time: 00h:00m:34.39s
Steps: 904 | Train Loss: 0.1174968 Vali Loss: 0.1378797 Test Loss: 0.1476420
EarlyStopping counter: 1 out of 3
Updating learning rate to 9e-05
	iters: 100, epoch: 5 | loss: 0.1081266
	speed: 0.1051s/iter; left time: 1509.0900s
	iters: 200, epoch: 5 | loss: 0.1120014
	speed: 0.0375s/iter; left time: 534.2937s
	iters: 300, epoch: 5 | loss: 0.1234251
	speed: 0.0375s/iter; left time: 530.9561s
	iters: 400, epoch: 5 | loss: 0.1031967
	speed: 0.0375s/iter; left time: 526.8593s
	iters: 500, epoch: 5 | loss: 0.1146083
	speed: 0.0375s/iter; left time: 523.0019s
	iters: 600, epoch: 5 | loss: 0.0973976
	speed: 0.0375s/iter; left time: 519.5619s
	iters: 700, epoch: 5 | loss: 0.1049538
	speed: 0.0374s/iter; left time: 515.3626s
	iters: 800, epoch: 5 | loss: 0.1028857
	speed: 0.0375s/iter; left time: 511.8890s
