Args in experiment:
Namespace(random_seed=2021, is_training=1, model_id='_', model='PatchTST', data='custom', root_path='/vol/cs-hu/riabchuv/my_work/datasets/', data_path='IT_data.csv', features='M', target='OT', freq='h', checkpoints='./checkpoints/', seq_len=336, label_len=48, pred_len=96, fc_dropout=0.2, head_dropout=0.0, patch_len=16, stride=8, padding_patch='end', revin=1, affine=0, subtract_last=0, decomposition=0, kernel_size=25, individual=0, embed_type=0, enc_in=3, dec_in=3, c_out=3, d_model=128, n_heads=16, e_layers=2, d_layers=1, d_ff=256, moving_avg=25, factor=3, distil=True, dropout=0.2, embed='timeF', activation='gelu', output_attention=False, do_predict=False, num_workers=10, itr=1, train_epochs=1, batch_size=128, patience=1, learning_rate=0.0001, des='Exp', loss='mse', lradj='type3', pct_start=0.3, use_amp=False, use_gpu=True, gpu=0, use_multi_gpu=False, devices='0,1,2,3', test_flop=False)
Use GPU: cuda:0
>>>>>>>start training : __PatchTST_custom_ftM_sl336_ll48_pl96_dm128_nh16_el2_dl1_df256_fc3_ebtimeF_dtTrue_Exp_0>>>>>>>>>>>>>>>>>>>>>>>>>>
train 29809
val 6409
test 6385
	iters: 100, epoch: 1 | loss: 0.6513268
	speed: 0.0399s/iter; left time: 5.3011s
	iters: 200, epoch: 1 | loss: 0.5811874
	speed: 0.0150s/iter; left time: 0.4956s
Epoch: 1 cost time: 3.9901366233825684
Epoch: 1, Steps: 232 | Train Loss: 0.7535416 Vali Loss: 0.4447050 Test Loss: 0.4857319
Validation loss decreased (inf --> 0.444705).  Saving model ...
Updating learning rate to 0.0001
>>>>>>>testing : __PatchTST_custom_ftM_sl336_ll48_pl96_dm128_nh16_el2_dl1_df256_fc3_ebtimeF_dtTrue_Exp_0<<<<<<<<<<<<<<<<<<<<<<<<<<<<<<<<<
test 6385
preds [[[[-1.589345   -0.65932465  0.32491982]
   [-1.6999805  -0.6214148  -0.03611928]
   [-1.7027662  -0.81498754  0.45873845]
   ...
   [-0.7983726  -0.5803835   0.680812  ]
   [-1.2941402  -0.39371154  0.87848324]
   [-1.5903614  -0.6410447   0.20468736]]

  [[-1.6458015  -0.8126226   0.50833434]
   [-1.6765996  -0.8697784  -0.16119379]
   [-1.6829059  -0.82377565  0.32394397]
   ...
   [-1.0800909  -0.40838277  0.8041391 ]
   [-1.5153029  -0.47796267  0.7973294 ]
   [-1.7588135  -0.5120936   0.06209868]]

  [[-1.666548   -0.9222581   0.560351  ]
   [-1.547611   -1.0564173  -0.23451376]
   [-1.6463182  -0.74434066  0.50773567]
   ...
   [-1.4604716  -0.41672474  1.0024252 ]
   [-1.7474763  -0.72430015  0.83762884]
   [-1.9101355  -0.53833556 -0.04965085]]

  ...

  [[-0.7132912  -0.7950769   0.17081338]
   [-0.5204969  -0.31206158  1.0133727 ]
   [-0.38191926 -0.12966521  0.45196053]
   ...
   [-1.8561866  -0.8453215   0.9172245 ]
   [-1.5493934  -0.84183186  1.5385077 ]
   [-1.7026958  -0.8560638   0.9867718 ]]

  [[-0.3104348  -0.5395978   0.35533002]
   [-0.44423196 -0.08834679  1.0595906 ]
   [-0.15697002  0.04343253  0.35457698]
   ...
   [-1.8231163  -0.9371107   1.0029522 ]
   [-1.2133583  -0.7035401   1.3910458 ]
   [-1.3808813  -0.6620654   1.0256404 ]]

  [[-0.03817523 -0.23950437  0.51352286]
   [-0.34775028  0.24089026  1.0341027 ]
   [-0.09072816  0.21739918  0.2852622 ]
   ...
   [-1.5452693  -0.9324607   1.1223155 ]
   [-0.86280787 -0.5260959   1.3631657 ]
   [-0.9272136  -0.3998541   1.1530792 ]]]


 [[[ 0.09786659  0.13100195  0.38699   ]
   [-0.15511924  0.53845775  0.90090406]
   [ 0.0582791   0.42328027  0.17083484]
   ...
   [-1.1499751  -0.7827785   1.2141256 ]
   [-0.6512933  -0.3041734   1.50158   ]
   [-0.5225347  -0.14529161  1.3712809 ]]

  [[ 0.2166788   0.550401    0.09508163]
   [-0.10570723  0.6627515   0.6806385 ]
   [ 0.08660364  0.60719043  0.19368732]
   ...
   [-0.719764   -0.4853422   1.3014492 ]
   [-0.54556644 -0.03200105  1.5373893 ]
   [-0.21964234  0.18405524  1.4262706 ]]

  [[ 0.26343858  0.86391175 -0.09486544]
   [-0.08192706  0.75170875  0.43738583]
   [ 0.07790995  0.757334    0.24019441]
   ...
   [-0.22536963 -0.12065579  1.2025975 ]
   [-0.3367867   0.28486642  1.492912  ]
   [-0.18658838  0.563174    1.2990518 ]]

  ...

  [[ 0.5172224   0.5390619  -0.36637896]
   [ 0.08492586  0.41925725 -0.24184017]
   [ 0.2236146  -0.16361508  0.01504356]
   ...
   [ 0.61666584  0.99905527 -0.05278838]
   [ 0.3915263   1.0357281  -0.5863297 ]
   [-0.41543266  0.94119966  0.38447088]]

  [[ 0.5620912   0.13094112 -0.3684582 ]
   [ 0.03839675 -0.09136209 -0.14045691]
   [ 0.367167   -0.48720735  0.0767058 ]
   ...
   [ 0.45423335  0.9131545  -0.18991145]
   [ 0.43382168  0.93243587 -0.6207664 ]
   [-0.47153944  0.60036945  0.3744546 ]]

  [[ 0.84384805 -0.36685026 -0.25353727]
   [ 0.20591313 -0.54037595 -0.00540201]
   [ 0.4461645  -0.751828   -0.01293237]
   ...
   [ 0.3695485   0.68176603 -0.27811533]
   [ 0.5716277   0.592819   -0.41877234]
   [-0.29469693  0.15640664  0.42336679]]]


 [[[ 1.0848007  -0.8138283  -0.1529914 ]
   [ 0.44116324 -0.85640645  0.09653763]
   [ 0.46660244 -0.84962106 -0.0738931 ]
   ...
   [ 0.41679442  0.34352988 -0.34032577]
   [ 0.6909679   0.09286103 -0.27573448]
   [-0.17734683 -0.2433215   0.58075535]]

  [[ 1.1838149  -1.0161146  -0.08702422]
   [ 0.5332005  -1.0765259   0.21132395]
   [ 0.29664338 -0.83639705  0.0341614 ]
   ...
   [ 0.6034034   0.01043025 -0.30177772]
   [ 0.90680254 -0.34213272 -0.17544207]
   [ 0.01909359 -0.5011348   0.68154883]]

  [[ 1.1119131  -1.00499    -0.20072785]
   [ 0.5853234  -1.0788952   0.2250663 ]
   [ 0.13677539 -0.78229547  0.06556503]
   ...
   [ 0.68152577 -0.34111112 -0.33194816]
   [ 1.007123   -0.7389967  -0.13603997]
   [ 0.1534305  -0.6041199   0.6055894 ]]

  ...

  [[-0.636277   -0.66949236  0.102882  ]
   [-0.9221772  -0.40232065 -0.19028193]
   [-1.2606066  -0.73664916  0.03100342]
   ...
   [ 1.3544617  -0.99257207 -0.60862935]
   [ 1.2671405  -0.9701754  -0.52855253]
   [ 0.61940736 -0.63942665 -0.6060623 ]]

  [[-1.1562406  -0.56310344  0.1501201 ]
   [-1.4349536  -0.55641127 -0.15930238]
   [-1.5320946  -0.70466375  0.09226514]
   ...
   [ 1.1968176  -1.009927   -0.48163617]
   [ 0.9900691  -0.8828463  -0.38217235]
   [ 0.11595796 -0.5929337  -0.62616974]]

  [[-1.6416938  -0.5183773   0.2017421 ]
   [-1.9827448  -0.7579708  -0.04379071]
   [-1.7754277  -0.80065215  0.16626103]
   ...
   [ 0.901311   -0.8441213  -0.4109828 ]
   [ 0.46877086 -0.6908151  -0.35056525]
   [-0.4210714  -0.6403897  -0.65258104]]]


 ...


 [[[ 0.59012216  1.6087724  -0.53275234]
   [ 0.53168935  1.9920924  -0.7453756 ]
   [ 0.3448278   2.0695221  -0.41055626]
   ...
   [-0.16785076 -0.335574   -0.53224856]
   [ 0.4315132   0.5796107  -0.6300318 ]
   [ 0.7890073   1.1031313  -0.62502706]]

  [[ 0.6343994   2.1166766  -0.47871244]
   [ 0.57422066  2.459778   -0.5699574 ]
   [ 0.34802598  2.08247    -0.249978  ]
   ...
   [ 0.3092238   0.47185114 -0.63470715]
   [ 0.66534925  1.3790139  -0.48828852]
   [ 0.972774    1.7680209  -0.62799436]]

  [[ 0.54805976  2.3700852  -0.21994258]
   [ 0.5209897   2.6648815  -0.41441667]
   [ 0.37837386  1.7744036  -0.02159543]
   ...
   [ 0.49768084  1.400388   -0.75204206]
   [ 0.7512571   1.9089398  -0.48791426]
   [ 1.0019516   2.2474914  -0.5808288 ]]

  ...

  [[ 0.8834461   1.6744554  -0.50914603]
   [ 0.7238165   1.2541971  -0.22289197]
   [ 1.096746    0.7568244  -0.19059476]
   ...
   [ 0.63212425  2.2053185  -0.30079186]
   [ 0.6937576   2.1660767   0.11733612]
   [ 0.48446468  1.9989514  -0.54441196]]

  [[ 1.0360389   1.0225258  -0.45524436]
   [ 0.8297314   0.74571586 -0.16871986]
   [ 0.9868972   0.25768715 -0.20690489]
   ...
   [ 0.72386473  2.2217712  -0.307905  ]
   [ 0.6575977   2.085018    0.34879446]
   [ 0.5005157   1.6000023  -0.5155199 ]]

  [[ 1.2118118   0.5155183  -0.42834494]
   [ 0.87527484  0.19561276 -0.13873905]
   [ 0.89677626 -0.22492951 -0.29277787]
   ...
   [ 0.77212465  2.173337   -0.18846668]
   [ 0.58276093  1.5645858   0.477195  ]
   [ 0.45041138  1.1532826  -0.5973688 ]]]


 [[[ 1.2068344   0.0373825  -0.43808532]
   [ 0.91187406 -0.31495288 -0.19567262]
   [ 0.7995424  -0.7184706  -0.26624483]
   ...
   [ 0.5929516   1.8633107   0.10969013]
   [ 0.4833014   0.9670148   0.50352454]
   [ 0.43643087  0.62933064 -0.575307  ]]

  [[ 1.1444002  -0.35193512 -0.54412216]
   [ 0.863014   -0.6865761  -0.25805777]
   [ 0.7144004  -0.9411092  -0.32017386]
   ...
   [ 0.44825095  1.325761    0.20139417]
   [ 0.4649783   0.32036033  0.44530985]
   [ 0.40340692 -0.07823026 -0.5790071 ]]

  [[ 0.99620813 -0.78308415 -0.51171327]
   [ 0.6894821  -0.94567835 -0.45470613]
   [ 0.5772321  -1.0043741  -0.32491407]
   ...
   [ 0.46212456  0.55822325  0.27081954]
   [ 0.5140417  -0.14808914  0.37506735]
   [ 0.32066068 -0.666542   -0.707234  ]]

  ...

  [[ 0.12627065 -0.7273373  -0.85718673]
   [-0.61925405 -0.5235779  -0.43597478]
   [-0.7106763  -0.79713136 -0.6952416 ]
   ...
   [ 0.40977186 -0.6910321  -0.5228289 ]
   [-0.02003308 -0.6253552  -0.3424514 ]
   [-0.3699593  -0.8088508  -0.49184355]]

  [[-0.20264134 -0.48819834 -0.83819115]
   [-0.8843577  -0.44023472 -0.36972526]
   [-0.90302646 -0.94645244 -0.702246  ]
   ...
   [ 0.22571045 -0.6444855  -0.6028993 ]
   [-0.343493   -0.5611519  -0.36492336]
   [-0.59042203 -0.64006466 -0.52562726]]

  [[-0.53046936 -0.4128309  -0.8181147 ]
   [-1.0082964  -0.56220555 -0.39068756]
   [-0.84307665 -0.9774311  -0.716151  ]
   ...
   [-0.16878875 -0.67235166 -0.5952244 ]
   [-0.6741178  -0.57950807 -0.37997296]
   [-0.82097346 -0.5398936  -0.479656  ]]]


 [[[-0.7913539  -0.49486643 -0.6943604 ]
   [-0.98582613 -0.7474349  -0.29706335]
   [-0.68815136 -0.82537    -0.6973749 ]
   ...
   [-0.5068899  -0.6274852  -0.6114129 ]
   [-0.9110632  -0.68131864 -0.27562398]
   [-1.0989615  -0.6132379  -0.37970856]]

  [[-0.8827351  -0.6851446  -0.67594963]
   [-0.8125338  -0.8205641  -0.20039442]
   [-0.54907227 -0.5295879  -0.64597315]
   ...
   [-0.87208897 -0.64746505 -0.6911276 ]
   [-1.0728465  -0.60322595 -0.19529402]
   [-1.2387481  -0.7379288  -0.43488413]]

  [[-0.6829047  -0.8682832  -0.76240027]
   [-0.5309148  -0.7509864  -0.27295488]
   [-0.28862855 -0.1636155  -0.69902635]
   ...
   [-1.0628392  -0.6558427  -0.71935534]
   [-1.1924019  -0.4328922  -0.10244939]
   [-1.1888385  -0.77152556 -0.5135927 ]]

  ...

  [[-0.26736963 -0.34269023 -0.8350349 ]
   [-0.06699613  0.2421861  -0.52741605]
   [ 0.3062052   0.7040074  -0.3250042 ]
   ...
   [-0.88424444 -0.77422017 -0.12567377]
   [-0.36995924 -0.73482066 -0.04288019]
   [-0.42888463 -0.7387312  -0.1125235 ]]

  [[ 0.00401402  0.15287629 -0.9714621 ]
   [ 0.22240248  0.8958553  -0.6098531 ]
   [ 0.631866    1.282376   -0.30850834]
   ...
   [-0.74691784 -1.0414534  -0.25442728]
   [-0.10324234 -0.65635467 -0.11840144]
   [-0.19254574 -0.42435503 -0.12916927]]

  [[ 0.3864718   0.8619852  -0.9970046 ]
   [ 0.36973828  1.412135   -0.46921492]
   [ 0.77328706  1.7488971  -0.29498535]
   ...
   [-0.41414917 -0.92932355 -0.46687827]
   [ 0.12092033 -0.23837546 -0.22694002]
   [ 0.17435451  0.19114801 -0.10964689]]]]
trues [[[[-1.5494968  -0.7076689   0.9209252 ]
   [-1.6729221  -0.7073216   0.9169812 ]
   [-1.7289404  -0.7076689   0.8604509 ]
   ...
   [ 0.03119583 -0.7073216   0.04273364]
   [-0.48356223 -0.7073216   0.19326198]
   [-0.8714517  -0.7073216   0.28528804]]

  [[-1.6729221  -0.7073216   0.9169812 ]
   [-1.7289404  -0.7076689   0.8604509 ]
   [-1.7175514  -0.7076689   0.7901167 ]
   ...
   [-0.48356223 -0.7073216   0.19326198]
   [-0.8714517  -0.7073216   0.28528804]
   [-1.0988352  -0.7076689   0.32801443]]

  [[-1.7289404  -0.7076689   0.8604509 ]
   [-1.7175514  -0.7076689   0.7901167 ]
   [-1.5867099  -0.7076689   0.67771345]
   ...
   [-0.8714517  -0.7073216   0.28528804]
   [-1.0988352  -0.7076689   0.32801443]
   [-1.2111363  -0.7073216   0.3523356 ]]

  ...

  [[-0.05024904 -0.7076689  -0.815738  ]
   [ 0.8982195  -0.6882193  -0.8794989 ]
   [ 1.4987926  -0.32423374 -0.9366866 ]
   ...
   [-1.5585021  -0.7076689  -0.9090787 ]
   [-1.4542792  -0.7076689  -0.91105074]
   [-1.1404184  -0.7076689  -0.9084214 ]]

  [[ 0.8982195  -0.6882193  -0.8794989 ]
   [ 1.4987926  -0.32423374 -0.9366866 ]
   [ 1.6369178   0.36726934 -1.0477751 ]
   ...
   [-1.4542792  -0.7076689  -0.91105074]
   [-1.1404184  -0.7076689  -0.9084214 ]
   [-0.22757372 -0.7076689  -0.9077641 ]]

  [[ 1.4987926  -0.32423374 -0.9366866 ]
   [ 1.6369178   0.36726934 -1.0477751 ]
   [ 1.5194519   0.9389489  -1.1279693 ]
   ...
   [-1.1404184  -0.7076689  -0.9084214 ]
   [-0.22757372 -0.7076689  -0.9077641 ]
   [ 0.79174525 -0.7024592  -0.90184814]]]


 [[[ 1.6369178   0.36726934 -1.0477751 ]
   [ 1.5194519   0.9389489  -1.1279693 ]
   [ 1.3733808   1.2595202  -1.1279693 ]
   ...
   [-0.22757372 -0.7076689  -0.9077641 ]
   [ 0.79174525 -0.7024592  -0.90184814]
   [ 1.3770889  -0.46350685 -0.92551196]]

  [[ 1.5194519   0.9389489  -1.1279693 ]
   [ 1.3733808   1.2595202  -1.1279693 ]
   [ 1.0213801   1.4088653  -1.1187667 ]
   ...
   [ 0.79174525 -0.7024592  -0.90184814]
   [ 1.3770889  -0.46350685 -0.92551196]
   [ 1.549646    0.16339573 -0.9642944 ]]

  [[ 1.3733808   1.2595202  -1.1279693 ]
   [ 1.0213801   1.4088653  -1.1187667 ]
   [ 0.9845643   1.3383605  -1.0997041 ]
   ...
   [ 1.3770889  -0.46350685 -0.92551196]
   [ 1.549646    0.16339573 -0.9642944 ]
   [ 1.4409205   0.7746692  -1.0346285 ]]

  ...

  [[ 1.3047817   0.22799623 -1.0543485 ]
   [ 1.4399934  -0.26449567 -1.0891869 ]
   [ 1.5865942  -0.62952316 -1.1148227 ]
   ...
   [ 0.3120813   0.5013327   0.97022486]
   [ 0.06019815  0.477368    1.4086633 ]
   [-0.12944259  0.41103095  1.6709375 ]]

  [[ 1.4399934  -0.26449567 -1.0891869 ]
   [ 1.5865942  -0.62952316 -1.1148227 ]
   [ 1.8084155  -0.7076689  -1.1417732 ]
   ...
   [ 0.06019815  0.477368    1.4086633 ]
   [-0.12944259  0.41103095  1.6709375 ]
   [-0.18215     0.15575482  1.807662  ]]

  [[ 1.5865942  -0.62952316 -1.1148227 ]
   [ 1.8084155  -0.7076689  -1.1417732 ]
   [ 1.7151843  -0.7076689  -1.1798983 ]
   ...
   [-0.12944259  0.41103095  1.6709375 ]
   [-0.18215     0.15575482  1.807662  ]
   [-0.15566386 -0.21865016  1.6735668 ]]]


 [[[ 1.8084155  -0.7076689  -1.1417732 ]
   [ 1.7151843  -0.7076689  -1.1798983 ]
   [ 1.5725565  -0.7076689  -1.1825275 ]
   ...
   [-0.18215     0.15575482  1.807662  ]
   [-0.15566386 -0.21865016  1.6735668 ]
   [-0.02389533 -0.6347329   1.4527043 ]]

  [[ 1.7151843  -0.7076689  -1.1798983 ]
   [ 1.5725565  -0.7076689  -1.1825275 ]
   [ 1.2236017  -0.7076689  -1.1825275 ]
   ...
   [-0.15566386 -0.21865016  1.6735668 ]
   [-0.02389533 -0.6347329   1.4527043 ]
   [ 0.39246672 -0.7073216   1.2029194 ]]

  [[ 1.5725565  -0.7076689  -1.1825275 ]
   [ 1.2236017  -0.7076689  -1.1825275 ]
   [ 0.7975722  -0.7073216  -1.1785836 ]
   ...
   [-0.02389533 -0.6347329   1.4527043 ]
   [ 0.39246672 -0.7073216   1.2029194 ]
   [ 0.5647591  -0.7076689   0.9196105 ]]

  ...

  [[-0.6032796  -0.7073216   1.1214105 ]
   [-0.9713044  -0.7076689   1.09446   ]
   [-1.294965   -0.7073216   1.160193  ]
   ...
   [ 1.5810322  -0.7076689  -0.5929035 ]
   [ 1.249823   -0.7076689  -0.5731836 ]
   [ 0.802737   -0.7076689  -0.47458428]]

  [[-0.9713044  -0.7076689   1.09446   ]
   [-1.294965   -0.7073216   1.160193  ]
   [-1.4783815  -0.7076689   1.2923161 ]
   ...
   [ 1.249823   -0.7076689  -0.5731836 ]
   [ 0.802737   -0.7076689  -0.47458428]
   [ 0.23818499 -0.7073216  -0.37861425]]

  [[-1.294965   -0.7073216   1.160193  ]
   [-1.4783815  -0.7076689   1.2923161 ]
   [-1.5704209  -0.7073216   1.4842561 ]
   ...
   [ 0.802737   -0.7076689  -0.47458428]
   [ 0.23818499 -0.7073216  -0.37861425]
   [-0.26121113 -0.7076689  -0.36349568]]]


 ...


 [[[-0.18440132  2.1229439  -1.0221393 ]
   [-0.24982208  2.5393739  -1.0556631 ]
   [-0.353118    2.731786   -1.0103074 ]
   ...
   [ 0.32055688 -0.44718307 -0.46998295]
   [ 0.9262948   0.43117517 -0.6264273 ]
   [ 1.1787077   1.3946254  -0.69413215]]

  [[-0.24982208  2.5393739  -1.0556631 ]
   [-0.353118    2.731786   -1.0103074 ]
   [-0.48674056  2.746026   -0.93405724]
   ...
   [ 0.9262948   0.43117517 -0.6264273 ]
   [ 1.1787077   1.3946254  -0.69413215]
   [ 1.2393609   2.0625112  -0.7703823 ]]

  [[-0.353118    2.731786   -1.0103074 ]
   [-0.48674056  2.746026   -0.93405724]
   [-0.5266022   2.5817463  -0.80719274]
   ...
   [ 1.1787077   1.3946254  -0.69413215]
   [ 1.2393609   2.0625112  -0.7703823 ]
   [ 1.2678336   2.4879713  -0.8065354 ]]

  ...

  [[ 1.501971    1.6429553  -0.59158885]
   [ 1.4924359   0.99451923 -0.40293542]
   [ 1.2907441   0.28356653 -0.24780577]
   ...
   [ 1.0448203   2.4028792  -0.1439478 ]
   [ 1.0511769   2.3855135  -0.19653411]
   [ 1.2069154   2.1416988  -0.26555365]]

  [[ 1.4924359   0.99451923 -0.40293542]
   [ 1.2907441   0.28356653 -0.24780577]
   [ 1.119776   -0.39682248 -0.3030214 ]
   ...
   [ 1.0511769   2.3855135  -0.19653411]
   [ 1.2069154   2.1416988  -0.26555365]
   [ 1.3136545   1.7714616  -0.28527352]]

  [[ 1.2907441   0.28356653 -0.24780577]
   [ 1.119776   -0.39682248 -0.3030214 ]
   [ 1.2463797  -0.6972495  -0.54426116]
   ...
   [ 1.2069154   2.1416988  -0.26555365]
   [ 1.3136545   1.7714616  -0.28527352]
   [ 1.3189517   1.1133008  -0.22085528]]]


 [[[ 1.119776   -0.39682248 -0.3030214 ]
   [ 1.2463797  -0.6972495  -0.54426116]
   [ 1.1749996  -0.7076689  -0.6500911 ]
   ...
   [ 1.3136545   1.7714616  -0.28527352]
   [ 1.3189517   1.1133008  -0.22085528]
   [ 1.1992345   0.33844224 -0.17221293]]

  [[ 1.2463797  -0.6972495  -0.54426116]
   [ 1.1749996  -0.7076689  -0.6500911 ]
   [ 0.7753238  -0.7076689  -0.7296279 ]
   ...
   [ 1.3189517   1.1133008  -0.22085528]
   [ 1.1992345   0.33844224 -0.17221293]
   [ 1.0768685  -0.40411606 -0.2826442 ]]

  [[ 1.1749996  -0.7076689  -0.6500911 ]
   [ 0.7753238  -0.7076689  -0.7296279 ]
   [ 0.310757   -0.7076689  -0.7585504 ]
   ...
   [ 1.1992345   0.33844224 -0.17221293]
   [ 1.0768685  -0.40411606 -0.2826442 ]
   [ 1.200956   -0.7052377  -0.4614377 ]]

  ...

  [[-0.08441616 -0.7076689  -0.8801563 ]
   [-0.39483368 -0.7076689  -0.865695  ]
   [-0.6089741  -0.7076689  -0.7947035 ]
   ...
   [ 0.23964173 -0.7076689  -0.97086763]
   [-0.11381577 -0.7076689  -1.0412018 ]
   [-0.4217171  -0.7076689  -1.0727537 ]]

  [[-0.39483368 -0.7076689  -0.865695  ]
   [-0.6089741  -0.7076689  -0.7947035 ]
   [-0.73451835 -0.7076689  -0.68953085]
   ...
   [-0.11381577 -0.7076689  -1.0412018 ]
   [-0.4217171  -0.7076689  -1.0727537 ]
   [-0.6863136  -0.7076689  -1.0911589 ]]

  [[-0.6089741  -0.7076689  -0.7947035 ]
   [-0.73451835 -0.7076689  -0.68953085]
   [-0.7898744  -0.7076689  -0.62182593]
   ...
   [-0.4217171  -0.7076689  -1.0727537 ]
   [-0.6863136  -0.7076689  -1.0911589 ]
   [-0.9573992  -0.7076689  -1.0924735 ]]]


 [[[-0.73451835 -0.7076689  -0.68953085]
   [-0.7898744  -0.7076689  -0.62182593]
   [-0.7705395  -0.7076689  -0.65732175]
   ...
   [-0.6863136  -0.7076689  -1.0911589 ]
   [-0.9573992  -0.7076689  -1.0924735 ]
   [-1.1439941  -0.7076689  -1.0648657 ]]

  [[-0.7898744  -0.7076689  -0.62182593]
   [-0.7705395  -0.7076689  -0.65732175]
   [-0.5729529  -0.7076689  -0.71713865]
   ...
   [-0.9573992  -0.7076689  -1.0924735 ]
   [-1.1439941  -0.7076689  -1.0648657 ]
   [-1.273776   -0.7076689  -1.081299  ]]

  [[-0.7705395  -0.7076689  -0.65732175]
   [-0.5729529  -0.7076689  -0.71713865]
   [-0.01475762 -0.7076689  -0.7362012 ]
   ...
   [-1.1439941  -0.7076689  -1.0648657 ]
   [-1.273776   -0.7076689  -1.081299  ]
   [-1.3529696  -0.7076689  -1.0766976 ]]

  ...

  [[ 0.15051587 -0.57916254 -1.1003615 ]
   [ 0.7921425   0.14359881 -1.1706957 ]
   [ 1.0374042   0.8951873  -1.2167087 ]
   ...
   [-0.96071    -0.7076689   1.9200653 ]
   [-0.78391504 -0.7076689   2.147501  ]
   [-0.23273852 -0.7073216   2.1659062 ]]

  [[ 0.7921425   0.14359881 -1.1706957 ]
   [ 1.0374042   0.8951873  -1.2167087 ]
   [ 1.1189815   1.520006   -1.1923876 ]
   ...
   [-0.78391504 -0.7076689   2.147501  ]
   [-0.23273852 -0.7073216   2.1659062 ]
   [ 0.3314162  -0.6343856   2.0357552 ]]

  [[ 1.0374042   0.8951873  -1.2167087 ]
   [ 1.1189815   1.520006   -1.1923876 ]
   [ 1.132357    1.7617369  -1.1529478 ]
   ...
   [-0.23273852 -0.7073216   2.1659062 ]
   [ 0.3314162  -0.6343856   2.0357552 ]
   [ 0.86484694 -0.06409523  1.9338691 ]]]]
mse:0.48573198914527893, mae:0.5046907067298889, rse:0.6403275728225708
