
=== Starting experiments for loss function: MSE ===

=== Starting experiments for pred_len: 24 ===
Args in experiment:
Namespace(random_seed=2021, is_training=1, model_id='IT_96_24_scaler_choice_for_IT', model='Informer', data='custom', root_path='/vol/fob-vol3/nebenf24/riabchuv/my_work-1/datasets/', data_path='IT_data.csv', features='M', target='OT', freq='h', checkpoints='./checkpoints/', overlapping_windows=True, scaler_type='standard', if_relu=False, channel_mixing=0, seq_len=96, label_len=48, pred_len=24, inverse=True, loss_fnc='MSE', fc_dropout=0.05, head_dropout=0.0, patch_len=16, stride=8, padding_patch='end', revin=1, affine=0, subtract_last=0, decomposition=0, kernel_size=25, individual=0, embed_type=0, enc_in=3, dec_in=3, c_out=3, d_model=512, n_heads=8, e_layers=2, d_layers=1, d_ff=2048, moving_avg=25, factor=5, distil=True, dropout=0.1, embed='timeF', activation='gelu', output_attention=False, do_predict=False, num_workers=10, itr=1, train_epochs=20, batch_size=32, patience=5, learning_rate=0.0001, des='Exp', lradj='type3', pct_start=0.3, use_amp=False, use_gpu=True, gpu=0, use_multi_gpu=False, devices='0,1,2,3', test_flop=False)
Use GPU: cuda:0
>>>>>>>start training : IT_96_24_scaler_choice_for_IT_Informer_custom_ftM_sl96_ll48_pl24_dm512_nh8_el2_dl1_df2048_fc5_ebtimeF_dtTrue_lossMSE_Exp_0>>>>>>>>>>>>>>>>>>>>>>>>>>
train 29017
val 6217
test 6217
	iters: 100, epoch: 1 | loss: 1.0316310
	speed: 0.0790s/iter; left time: 1423.6841s
	iters: 200, epoch: 1 | loss: 0.8924497
	speed: 0.0507s/iter; left time: 907.9624s
	iters: 300, epoch: 1 | loss: 0.8221110
	speed: 0.0508s/iter; left time: 905.0940s
	iters: 400, epoch: 1 | loss: 0.7922397
	speed: 0.0506s/iter; left time: 897.5050s
	iters: 500, epoch: 1 | loss: 0.6204698
	speed: 0.0506s/iter; left time: 891.4758s
	iters: 600, epoch: 1 | loss: 0.6392817
	speed: 0.0508s/iter; left time: 889.4901s
	iters: 700, epoch: 1 | loss: 0.4341050
	speed: 0.0507s/iter; left time: 882.4134s
	iters: 800, epoch: 1 | loss: 0.4927379
	speed: 0.0504s/iter; left time: 873.1627s
	iters: 900, epoch: 1 | loss: 0.5263697
	speed: 0.0506s/iter; left time: 870.7026s
-------------------------------------------------------------------------------------
Epoch: 1
Cost time: 00h:00m:46.72s
Steps: 906 | Train Loss: 0.7269765 Vali Loss: 0.4586591 Test Loss: 0.5278808
Validation loss decreased (inf --> 0.458659).  Saving model ...
Updating learning rate to 0.0001
	iters: 100, epoch: 2 | loss: 0.4034863
	speed: 0.1073s/iter; left time: 1836.2787s
	iters: 200, epoch: 2 | loss: 0.3227167
	speed: 0.0504s/iter; left time: 858.1356s
	iters: 300, epoch: 2 | loss: 0.2167729
	speed: 0.0506s/iter; left time: 855.5059s
	iters: 400, epoch: 2 | loss: 0.2467622
	speed: 0.0506s/iter; left time: 850.3592s
	iters: 500, epoch: 2 | loss: 0.2275388
	speed: 0.0507s/iter; left time: 846.8193s
	iters: 600, epoch: 2 | loss: 0.3089961
	speed: 0.0507s/iter; left time: 842.1465s
	iters: 700, epoch: 2 | loss: 0.2458843
	speed: 0.0506s/iter; left time: 835.2096s
	iters: 800, epoch: 2 | loss: 0.2655441
	speed: 0.0507s/iter; left time: 832.2937s
	iters: 900, epoch: 2 | loss: 0.2456793
	speed: 0.0499s/iter; left time: 814.5358s
-------------------------------------------------------------------------------------
Epoch: 2
Cost time: 00h:00m:46.06s
Steps: 906 | Train Loss: 0.2822418 Vali Loss: 0.2269442 Test Loss: 0.2700601
Validation loss decreased (0.458659 --> 0.226944).  Saving model ...
Updating learning rate to 0.0001
	iters: 100, epoch: 3 | loss: 0.1849614
	speed: 0.1103s/iter; left time: 1787.9789s
	iters: 200, epoch: 3 | loss: 0.1827399
	speed: 0.0507s/iter; left time: 816.3584s
	iters: 300, epoch: 3 | loss: 0.2200058
	speed: 0.0504s/iter; left time: 807.5809s
	iters: 400, epoch: 3 | loss: 0.1627856
	speed: 0.0506s/iter; left time: 804.5560s
	iters: 500, epoch: 3 | loss: 0.1899888
	speed: 0.0508s/iter; left time: 802.5345s
	iters: 600, epoch: 3 | loss: 0.2350548
	speed: 0.0504s/iter; left time: 792.2311s
	iters: 700, epoch: 3 | loss: 0.2169113
	speed: 0.0504s/iter; left time: 786.2585s
	iters: 800, epoch: 3 | loss: 0.2479716
	speed: 0.0504s/iter; left time: 782.2688s
	iters: 900, epoch: 3 | loss: 0.1756518
	speed: 0.0503s/iter; left time: 774.8159s
-------------------------------------------------------------------------------------
Epoch: 3
Cost time: 00h:00m:46.11s
Steps: 906 | Train Loss: 0.2084415 Vali Loss: 0.2057285 Test Loss: 0.2414494
Validation loss decreased (0.226944 --> 0.205728).  Saving model ...
Updating learning rate to 0.0001
	iters: 100, epoch: 4 | loss: 0.2156612
	speed: 0.1113s/iter; left time: 1703.3923s
	iters: 200, epoch: 4 | loss: 0.1546005
	speed: 0.0506s/iter; left time: 769.4344s
	iters: 300, epoch: 4 | loss: 0.1641864
	speed: 0.0506s/iter; left time: 763.8111s
	iters: 400, epoch: 4 | loss: 0.2271351
	speed: 0.0507s/iter; left time: 760.1450s
	iters: 500, epoch: 4 | loss: 0.1795364
	speed: 0.0501s/iter; left time: 746.6356s
	iters: 600, epoch: 4 | loss: 0.1779367
	speed: 0.0496s/iter; left time: 734.9436s
	iters: 700, epoch: 4 | loss: 0.1565044
	speed: 0.0501s/iter; left time: 737.2044s
	iters: 800, epoch: 4 | loss: 0.2001050
	speed: 0.0506s/iter; left time: 739.6401s
	iters: 900, epoch: 4 | loss: 0.2238363
	speed: 0.0507s/iter; left time: 735.7452s
-------------------------------------------------------------------------------------
Epoch: 4
Cost time: 00h:00m:45.95s
Steps: 906 | Train Loss: 0.1883810 Vali Loss: 0.2095959 Test Loss: 0.2369153
EarlyStopping counter: 1 out of 5
Updating learning rate to 9e-05
	iters: 100, epoch: 5 | loss: 0.1555237
	speed: 0.1022s/iter; left time: 1471.8945s
	iters: 200, epoch: 5 | loss: 0.2117636
	speed: 0.0502s/iter; left time: 718.0646s
	iters: 300, epoch: 5 | loss: 0.2162236
	speed: 0.0501s/iter; left time: 711.8249s
	iters: 400, epoch: 5 | loss: 0.1503055
	speed: 0.0501s/iter; left time: 706.5424s
	iters: 500, epoch: 5 | loss: 0.1649206
	speed: 0.0501s/iter; left time: 701.5428s
	iters: 600, epoch: 5 | loss: 0.1569832
	speed: 0.0502s/iter; left time: 698.1861s
	iters: 700, epoch: 5 | loss: 0.2454147
	speed: 0.0501s/iter; left time: 691.5033s
	iters: 800, epoch: 5 | loss: 0.1237849
	speed: 0.0499s/iter; left time: 684.0331s
	iters: 900, epoch: 5 | loss: 0.1612593
	speed: 0.0501s/iter; left time: 681.8461s
-------------------------------------------------------------------------------------
Epoch: 5
Cost time: 00h:00m:45.67s
Steps: 906 | Train Loss: 0.1701086 Vali Loss: 0.1987211 Test Loss: 0.2412589
Validation loss decreased (0.205728 --> 0.198721).  Saving model ...
Updating learning rate to 8.1e-05
	iters: 100, epoch: 6 | loss: 0.1855901
	speed: 0.1077s/iter; left time: 1452.9168s
	iters: 200, epoch: 6 | loss: 0.1696668
	speed: 0.0500s/iter; left time: 670.1560s
	iters: 300, epoch: 6 | loss: 0.2339516
	speed: 0.0497s/iter; left time: 660.0007s
	iters: 400, epoch: 6 | loss: 0.1227236
	speed: 0.0498s/iter; left time: 656.4009s
	iters: 500, epoch: 6 | loss: 0.1021472
	speed: 0.0499s/iter; left time: 653.7666s
	iters: 600, epoch: 6 | loss: 0.1541440
	speed: 0.0500s/iter; left time: 650.1743s
	iters: 700, epoch: 6 | loss: 0.2081679
	speed: 0.0502s/iter; left time: 647.4345s
	iters: 800, epoch: 6 | loss: 0.1355353
	speed: 0.0502s/iter; left time: 642.6501s
	iters: 900, epoch: 6 | loss: 0.1422778
	speed: 0.0501s/iter; left time: 636.3004s
-------------------------------------------------------------------------------------
Epoch: 6
Cost time: 00h:00m:45.64s
Steps: 906 | Train Loss: 0.1573889 Vali Loss: 0.1970492 Test Loss: 0.2377323
Validation loss decreased (0.198721 --> 0.197049).  Saving model ...
Updating learning rate to 7.290000000000001e-05
	iters: 100, epoch: 7 | loss: 0.1288484
	speed: 0.1056s/iter; left time: 1328.9422s
	iters: 200, epoch: 7 | loss: 0.1668594
	speed: 0.0503s/iter; left time: 627.4991s
	iters: 300, epoch: 7 | loss: 0.1261204
	speed: 0.0500s/iter; left time: 619.3119s
	iters: 400, epoch: 7 | loss: 0.1667181
	speed: 0.0501s/iter; left time: 615.9967s
	iters: 500, epoch: 7 | loss: 0.1452182
	speed: 0.0498s/iter; left time: 606.7520s
	iters: 600, epoch: 7 | loss: 0.1088573
	speed: 0.0473s/iter; left time: 572.1031s
	iters: 700, epoch: 7 | loss: 0.1446692
	speed: 0.0471s/iter; left time: 564.2122s
	iters: 800, epoch: 7 | loss: 0.1485261
	speed: 0.0462s/iter; left time: 549.0099s
	iters: 900, epoch: 7 | loss: 0.1337977
	speed: 0.0469s/iter; left time: 552.4355s
-------------------------------------------------------------------------------------
Epoch: 7
Cost time: 00h:00m:44.41s
Steps: 906 | Train Loss: 0.1462945 Vali Loss: 0.2067386 Test Loss: 0.2396837
EarlyStopping counter: 1 out of 5
Updating learning rate to 6.561e-05
	iters: 100, epoch: 8 | loss: 0.0927421
	speed: 0.0997s/iter; left time: 1164.5615s
	iters: 200, epoch: 8 | loss: 0.1006707
	speed: 0.0469s/iter; left time: 542.7078s
	iters: 300, epoch: 8 | loss: 0.1167498
	speed: 0.0455s/iter; left time: 522.0240s
	iters: 400, epoch: 8 | loss: 0.1339692
	speed: 0.0456s/iter; left time: 518.4756s
	iters: 500, epoch: 8 | loss: 0.1319740
	speed: 0.0452s/iter; left time: 510.3111s
	iters: 600, epoch: 8 | loss: 0.1420134
	speed: 0.0455s/iter; left time: 508.4812s
	iters: 700, epoch: 8 | loss: 0.1047732
	speed: 0.0456s/iter; left time: 504.8171s
	iters: 800, epoch: 8 | loss: 0.1361858
	speed: 0.0456s/iter; left time: 500.1178s
	iters: 900, epoch: 8 | loss: 0.1444074
	speed: 0.0455s/iter; left time: 494.5154s
-------------------------------------------------------------------------------------
Epoch: 8
Cost time: 00h:00m:42.14s
Steps: 906 | Train Loss: 0.1338023 Vali Loss: 0.1966827 Test Loss: 0.2461240
Validation loss decreased (0.197049 --> 0.196683).  Saving model ...
Updating learning rate to 5.904900000000001e-05
	iters: 100, epoch: 9 | loss: 0.0846957
	speed: 0.1043s/iter; left time: 1123.8272s
	iters: 200, epoch: 9 | loss: 0.1550560
	speed: 0.0489s/iter; left time: 521.5001s
	iters: 300, epoch: 9 | loss: 0.1646176
	speed: 0.0492s/iter; left time: 520.1492s
	iters: 400, epoch: 9 | loss: 0.1244546
	speed: 0.0492s/iter; left time: 515.7401s
	iters: 500, epoch: 9 | loss: 0.1033260
	speed: 0.0491s/iter; left time: 509.2604s
	iters: 600, epoch: 9 | loss: 0.1585059
	speed: 0.0496s/iter; left time: 509.1888s
	iters: 700, epoch: 9 | loss: 0.1169235
	speed: 0.0493s/iter; left time: 501.6143s
	iters: 800, epoch: 9 | loss: 0.0956298
	speed: 0.0493s/iter; left time: 496.3773s
	iters: 900, epoch: 9 | loss: 0.0997296
	speed: 0.0492s/iter; left time: 491.0250s
-------------------------------------------------------------------------------------
Epoch: 9
Cost time: 00h:00m:44.77s
Steps: 906 | Train Loss: 0.1235738 Vali Loss: 0.2272157 Test Loss: 0.2594654
EarlyStopping counter: 1 out of 5
Updating learning rate to 5.3144100000000005e-05
	iters: 100, epoch: 10 | loss: 0.1164403
	speed: 0.1034s/iter; left time: 1019.7873s
	iters: 200, epoch: 10 | loss: 0.1317146
	speed: 0.0491s/iter; left time: 479.4843s
	iters: 300, epoch: 10 | loss: 0.1148992
	speed: 0.0492s/iter; left time: 475.9576s
	iters: 400, epoch: 10 | loss: 0.1210067
	speed: 0.0491s/iter; left time: 470.2079s
	iters: 500, epoch: 10 | loss: 0.0858889
	speed: 0.0490s/iter; left time: 464.2520s
	iters: 600, epoch: 10 | loss: 0.1298886
	speed: 0.0491s/iter; left time: 459.8328s
	iters: 700, epoch: 10 | loss: 0.1060434
	speed: 0.0490s/iter; left time: 454.2363s
	iters: 800, epoch: 10 | loss: 0.1048332
	speed: 0.0491s/iter; left time: 449.9757s
	iters: 900, epoch: 10 | loss: 0.1041241
	speed: 0.0491s/iter; left time: 444.8733s
-------------------------------------------------------------------------------------
Epoch: 10
Cost time: 00h:00m:44.78s
Steps: 906 | Train Loss: 0.1143394 Vali Loss: 0.2093962 Test Loss: 0.2623040
EarlyStopping counter: 2 out of 5
Updating learning rate to 4.782969000000001e-05
	iters: 100, epoch: 11 | loss: 0.1073215
	speed: 0.1035s/iter; left time: 927.8348s
	iters: 200, epoch: 11 | loss: 0.0938183
	speed: 0.0492s/iter; left time: 436.1408s
	iters: 300, epoch: 11 | loss: 0.1069875
	speed: 0.0494s/iter; left time: 433.0739s
	iters: 400, epoch: 11 | loss: 0.1008828
	speed: 0.0491s/iter; left time: 425.5331s
	iters: 500, epoch: 11 | loss: 0.1198396
	speed: 0.0496s/iter; left time: 424.2260s
	iters: 600, epoch: 11 | loss: 0.1205902
	speed: 0.0493s/iter; left time: 416.9104s
	iters: 700, epoch: 11 | loss: 0.1044135
	speed: 0.0491s/iter; left time: 410.7397s
	iters: 800, epoch: 11 | loss: 0.1197494
	speed: 0.0493s/iter; left time: 407.2388s
	iters: 900, epoch: 11 | loss: 0.0974338
	speed: 0.0486s/iter; left time: 396.7938s
-------------------------------------------------------------------------------------
Epoch: 11
Cost time: 00h:00m:44.87s
Steps: 906 | Train Loss: 0.1054826 Vali Loss: 0.2153554 Test Loss: 0.2711528
EarlyStopping counter: 3 out of 5
Updating learning rate to 4.304672100000001e-05
	iters: 100, epoch: 12 | loss: 0.0859880
	speed: 0.1052s/iter; left time: 847.7020s
	iters: 200, epoch: 12 | loss: 0.1081913
	speed: 0.0490s/iter; left time: 389.9691s
	iters: 300, epoch: 12 | loss: 0.0846110
	speed: 0.0491s/iter; left time: 386.0069s
	iters: 400, epoch: 12 | loss: 0.1025017
	speed: 0.0492s/iter; left time: 381.6555s
	iters: 500, epoch: 12 | loss: 0.1515075
	speed: 0.0497s/iter; left time: 380.2929s
	iters: 600, epoch: 12 | loss: 0.0897325
	speed: 0.0497s/iter; left time: 375.7711s
	iters: 700, epoch: 12 | loss: 0.0808695
	speed: 0.0496s/iter; left time: 369.5729s
	iters: 800, epoch: 12 | loss: 0.1155443
	speed: 0.0491s/iter; left time: 360.9095s
	iters: 900, epoch: 12 | loss: 0.0916021
	speed: 0.0493s/iter; left time: 357.5122s
-------------------------------------------------------------------------------------
Epoch: 12
Cost time: 00h:00m:45.05s
Steps: 906 | Train Loss: 0.0981688 Vali Loss: 0.2335731 Test Loss: 0.2948381
EarlyStopping counter: 4 out of 5
Updating learning rate to 3.874204890000001e-05
	iters: 100, epoch: 13 | loss: 0.0830040
	speed: 0.1051s/iter; left time: 751.3685s
	iters: 200, epoch: 13 | loss: 0.1011155
	speed: 0.0494s/iter; left time: 348.4240s
	iters: 300, epoch: 13 | loss: 0.0702539
	speed: 0.0492s/iter; left time: 342.1681s
	iters: 400, epoch: 13 | loss: 0.0862625
	speed: 0.0492s/iter; left time: 337.1834s
	iters: 500, epoch: 13 | loss: 0.0823857
	speed: 0.0497s/iter; left time: 335.5179s
	iters: 600, epoch: 13 | loss: 0.0750791
	speed: 0.0494s/iter; left time: 328.4409s
	iters: 700, epoch: 13 | loss: 0.0991566
	speed: 0.0494s/iter; left time: 323.3899s
	iters: 800, epoch: 13 | loss: 0.0885527
	speed: 0.0495s/iter; left time: 318.9356s
	iters: 900, epoch: 13 | loss: 0.1014303
	speed: 0.0493s/iter; left time: 312.6968s
-------------------------------------------------------------------------------------
Epoch: 13
Cost time: 00h:00m:45.05s
Steps: 906 | Train Loss: 0.0910340 Vali Loss: 0.2294364 Test Loss: 0.2778772
EarlyStopping counter: 5 out of 5
Early stopping
-------------------------------------------------------------------------------------
>>>>>>>testing : IT_96_24_scaler_choice_for_IT_Informer_custom_ftM_sl96_ll48_pl24_dm512_nh8_el2_dl1_df2048_fc5_ebtimeF_dtTrue_lossMSE_Exp_0<<<<<<<<<<<<<<<<<<<<<<<<<<<<<<<<<
test 6217
Scaled mse:0.2462237924337387, rmse:0.49620941281318665, mae:0.30451908707618713, rse:0.4544472098350525
Original data scale mse:2325943.5, rmse:1525.1043701171875, mae:940.2656860351562, rse:0.10717269033193588

Extracted Metrics for IT, pred_len=24, iteration=1:
Scaled Metrics - MSE: 0.2462237924337387, RMSE: 0.49620941281318665, MAE: 0.30451908707618713, RSE: 0.4544472098350525
Unscaled Metrics - MSE: 2325943.5, RMSE: 1525.1043701171875, MAE: 940.2656860351562, RSE: 0.10717269033193588

=== Starting experiments for pred_len: 96 ===
Args in experiment:
Namespace(random_seed=2021, is_training=1, model_id='IT_96_96_scaler_choice_for_IT', model='Informer', data='custom', root_path='/vol/fob-vol3/nebenf24/riabchuv/my_work-1/datasets/', data_path='IT_data.csv', features='M', target='OT', freq='h', checkpoints='./checkpoints/', overlapping_windows=True, scaler_type='standard', if_relu=False, channel_mixing=0, seq_len=96, label_len=48, pred_len=96, inverse=True, loss_fnc='MSE', fc_dropout=0.05, head_dropout=0.0, patch_len=16, stride=8, padding_patch='end', revin=1, affine=0, subtract_last=0, decomposition=0, kernel_size=25, individual=0, embed_type=0, enc_in=3, dec_in=3, c_out=3, d_model=512, n_heads=8, e_layers=2, d_layers=1, d_ff=2048, moving_avg=25, factor=5, distil=True, dropout=0.1, embed='timeF', activation='gelu', output_attention=False, do_predict=False, num_workers=10, itr=1, train_epochs=20, batch_size=32, patience=5, learning_rate=0.0001, des='Exp', lradj='type3', pct_start=0.3, use_amp=False, use_gpu=True, gpu=0, use_multi_gpu=False, devices='0,1,2,3', test_flop=False)
Use GPU: cuda:0
>>>>>>>start training : IT_96_96_scaler_choice_for_IT_Informer_custom_ftM_sl96_ll48_pl96_dm512_nh8_el2_dl1_df2048_fc5_ebtimeF_dtTrue_lossMSE_Exp_0>>>>>>>>>>>>>>>>>>>>>>>>>>
train 28945
val 6145
test 6145
	iters: 100, epoch: 1 | loss: 1.0737864
	speed: 0.0831s/iter; left time: 1494.7004s
	iters: 200, epoch: 1 | loss: 1.0098399
	speed: 0.0518s/iter; left time: 926.7674s
	iters: 300, epoch: 1 | loss: 0.8668569
	speed: 0.0518s/iter; left time: 920.5025s
	iters: 400, epoch: 1 | loss: 0.8826305
	speed: 0.0516s/iter; left time: 912.5955s
	iters: 500, epoch: 1 | loss: 0.8849045
	speed: 0.0517s/iter; left time: 908.2073s
	iters: 600, epoch: 1 | loss: 0.7967799
	speed: 0.0517s/iter; left time: 904.6254s
	iters: 700, epoch: 1 | loss: 0.7579708
	speed: 0.0517s/iter; left time: 898.0212s
	iters: 800, epoch: 1 | loss: 0.7350165
	speed: 0.0515s/iter; left time: 890.7799s
	iters: 900, epoch: 1 | loss: 0.7763956
	speed: 0.0516s/iter; left time: 887.0178s
-------------------------------------------------------------------------------------
Epoch: 1
Cost time: 00h:00m:47.61s
Steps: 904 | Train Loss: 0.8732454 Vali Loss: 0.6784076 Test Loss: 0.7782529
Validation loss decreased (inf --> 0.678408).  Saving model ...
Updating learning rate to 0.0001
	iters: 100, epoch: 2 | loss: 0.6628851
	speed: 0.1179s/iter; left time: 2013.3727s
	iters: 200, epoch: 2 | loss: 0.5570996
	speed: 0.0516s/iter; left time: 876.6171s
	iters: 300, epoch: 2 | loss: 0.5401216
	speed: 0.0517s/iter; left time: 872.5737s
	iters: 400, epoch: 2 | loss: 0.4877618
	speed: 0.0517s/iter; left time: 867.4627s
	iters: 500, epoch: 2 | loss: 0.4567522
	speed: 0.0517s/iter; left time: 862.9420s
	iters: 600, epoch: 2 | loss: 0.3768754
	speed: 0.0517s/iter; left time: 857.3316s
	iters: 700, epoch: 2 | loss: 0.4163083
	speed: 0.0516s/iter; left time: 849.5398s
	iters: 800, epoch: 2 | loss: 0.3482113
	speed: 0.0516s/iter; left time: 845.7774s
	iters: 900, epoch: 2 | loss: 0.3422059
	speed: 0.0516s/iter; left time: 840.5550s
-------------------------------------------------------------------------------------
Epoch: 2
Cost time: 00h:00m:47.07s
Steps: 904 | Train Loss: 0.4753363 Vali Loss: 0.3555111 Test Loss: 0.4102994
Validation loss decreased (0.678408 --> 0.355511).  Saving model ...
Updating learning rate to 0.0001
	iters: 100, epoch: 3 | loss: 0.3416770
	speed: 0.1168s/iter; left time: 1888.6911s
	iters: 200, epoch: 3 | loss: 0.3394969
	speed: 0.0516s/iter; left time: 829.8194s
	iters: 300, epoch: 3 | loss: 0.3537698
	speed: 0.0518s/iter; left time: 828.0375s
	iters: 400, epoch: 3 | loss: 0.3339500
	speed: 0.0518s/iter; left time: 821.5301s
	iters: 500, epoch: 3 | loss: 0.3026560
	speed: 0.0516s/iter; left time: 813.5109s
	iters: 600, epoch: 3 | loss: 0.3234853
	speed: 0.0516s/iter; left time: 808.7656s
	iters: 700, epoch: 3 | loss: 0.2705842
	speed: 0.0516s/iter; left time: 804.0664s
	iters: 800, epoch: 3 | loss: 0.3298855
	speed: 0.0514s/iter; left time: 795.6295s
	iters: 900, epoch: 3 | loss: 0.2724562
	speed: 0.0513s/iter; left time: 789.2105s
-------------------------------------------------------------------------------------
Epoch: 3
Cost time: 00h:00m:46.99s
Steps: 904 | Train Loss: 0.3275198 Vali Loss: 0.3335762 Test Loss: 0.3880027
Validation loss decreased (0.355511 --> 0.333576).  Saving model ...
Updating learning rate to 0.0001
	iters: 100, epoch: 4 | loss: 0.2906321
	speed: 0.1173s/iter; left time: 1791.2677s
	iters: 200, epoch: 4 | loss: 0.3347478
	speed: 0.0517s/iter; left time: 784.3127s
	iters: 300, epoch: 4 | loss: 0.3311287
	speed: 0.0517s/iter; left time: 778.9295s
	iters: 400, epoch: 4 | loss: 0.2728124
	speed: 0.0516s/iter; left time: 772.2581s
	iters: 500, epoch: 4 | loss: 0.2741998
	speed: 0.0516s/iter; left time: 767.0768s
	iters: 600, epoch: 4 | loss: 0.2542885
	speed: 0.0510s/iter; left time: 752.7006s
	iters: 700, epoch: 4 | loss: 0.3259801
	speed: 0.0517s/iter; left time: 758.5140s
	iters: 800, epoch: 4 | loss: 0.2504831
	speed: 0.0516s/iter; left time: 752.0335s
	iters: 900, epoch: 4 | loss: 0.2904728
	speed: 0.0518s/iter; left time: 749.0984s
-------------------------------------------------------------------------------------
Epoch: 4
Cost time: 00h:00m:46.97s
Steps: 904 | Train Loss: 0.2964880 Vali Loss: 0.3177445 Test Loss: 0.3852187
Validation loss decreased (0.333576 --> 0.317744).  Saving model ...
Updating learning rate to 9e-05
	iters: 100, epoch: 5 | loss: 0.2898504
	speed: 0.1158s/iter; left time: 1663.9319s
	iters: 200, epoch: 5 | loss: 0.2491028
	speed: 0.0517s/iter; left time: 737.3204s
	iters: 300, epoch: 5 | loss: 0.2826107
	speed: 0.0518s/iter; left time: 733.4277s
	iters: 400, epoch: 5 | loss: 0.2733886
	speed: 0.0517s/iter; left time: 726.5299s
	iters: 500, epoch: 5 | loss: 0.2549545
	speed: 0.0512s/iter; left time: 714.7083s
	iters: 600, epoch: 5 | loss: 0.3018548
	speed: 0.0521s/iter; left time: 721.7491s
	iters: 700, epoch: 5 | loss: 0.2434069
	speed: 0.0521s/iter; left time: 716.7342s
	iters: 800, epoch: 5 | loss: 0.3028922
	speed: 0.0517s/iter; left time: 706.7857s
	iters: 900, epoch: 5 | loss: 0.2814904
	speed: 0.0518s/iter; left time: 702.9755s
-------------------------------------------------------------------------------------
Epoch: 5
Cost time: 00h:00m:47.10s
Steps: 904 | Train Loss: 0.2688890 Vali Loss: 0.3529716 Test Loss: 0.4241291
EarlyStopping counter: 1 out of 5
Updating learning rate to 8.1e-05
	iters: 100, epoch: 6 | loss: 0.3295359
	speed: 0.1135s/iter; left time: 1527.5366s
	iters: 200, epoch: 6 | loss: 0.2403131
	speed: 0.0516s/iter; left time: 688.9549s
	iters: 300, epoch: 6 | loss: 0.2798400
	speed: 0.0518s/iter; left time: 686.2594s
	iters: 400, epoch: 6 | loss: 0.2702154
	speed: 0.0515s/iter; left time: 677.7571s
	iters: 500, epoch: 6 | loss: 0.2289588
	speed: 0.0517s/iter; left time: 674.9058s
	iters: 600, epoch: 6 | loss: 0.2161679
	speed: 0.0516s/iter; left time: 669.0769s
	iters: 700, epoch: 6 | loss: 0.2424191
	speed: 0.0515s/iter; left time: 662.6651s
	iters: 800, epoch: 6 | loss: 0.2258888
	speed: 0.0518s/iter; left time: 661.3814s
	iters: 900, epoch: 6 | loss: 0.2196469
	speed: 0.0517s/iter; left time: 655.1008s
-------------------------------------------------------------------------------------
Epoch: 6
Cost time: 00h:00m:47.02s
Steps: 904 | Train Loss: 0.2440395 Vali Loss: 0.3611445 Test Loss: 0.4353454
EarlyStopping counter: 2 out of 5
Updating learning rate to 7.290000000000001e-05
	iters: 100, epoch: 7 | loss: 0.2200799
	speed: 0.1129s/iter; left time: 1417.6238s
	iters: 200, epoch: 7 | loss: 0.2501575
	speed: 0.0518s/iter; left time: 645.2019s
	iters: 300, epoch: 7 | loss: 0.2066524
	speed: 0.0517s/iter; left time: 639.3166s
	iters: 400, epoch: 7 | loss: 0.1980086
	speed: 0.0517s/iter; left time: 634.2420s
	iters: 500, epoch: 7 | loss: 0.1923607
	speed: 0.0519s/iter; left time: 630.4622s
	iters: 600, epoch: 7 | loss: 0.1719964
	speed: 0.0517s/iter; left time: 623.6747s
	iters: 700, epoch: 7 | loss: 0.2438216
	speed: 0.0517s/iter; left time: 618.0147s
	iters: 800, epoch: 7 | loss: 0.1751473
	speed: 0.0519s/iter; left time: 615.3588s
	iters: 900, epoch: 7 | loss: 0.2444810
	speed: 0.0518s/iter; left time: 608.9990s
-------------------------------------------------------------------------------------
Epoch: 7
Cost time: 00h:00m:47.15s
Steps: 904 | Train Loss: 0.2175637 Vali Loss: 0.3802153 Test Loss: 0.4351691
EarlyStopping counter: 3 out of 5
Updating learning rate to 6.561e-05
	iters: 100, epoch: 8 | loss: 0.2132299
	speed: 0.1130s/iter; left time: 1316.3507s
	iters: 200, epoch: 8 | loss: 0.1990463
	speed: 0.0516s/iter; left time: 596.1389s
	iters: 300, epoch: 8 | loss: 0.2054024
	speed: 0.0515s/iter; left time: 590.0050s
	iters: 400, epoch: 8 | loss: 0.1858490
	speed: 0.0516s/iter; left time: 585.9421s
	iters: 500, epoch: 8 | loss: 0.1914058
	speed: 0.0515s/iter; left time: 579.5616s
	iters: 600, epoch: 8 | loss: 0.1679373
	speed: 0.0515s/iter; left time: 574.9077s
	iters: 700, epoch: 8 | loss: 0.1738705
	speed: 0.0515s/iter; left time: 568.8606s
	iters: 800, epoch: 8 | loss: 0.1722076
	speed: 0.0517s/iter; left time: 566.3206s
	iters: 900, epoch: 8 | loss: 0.1838802
	speed: 0.0514s/iter; left time: 558.2551s
-------------------------------------------------------------------------------------
Epoch: 8
Cost time: 00h:00m:46.88s
Steps: 904 | Train Loss: 0.1922198 Vali Loss: 0.3816887 Test Loss: 0.4377359
EarlyStopping counter: 4 out of 5
Updating learning rate to 5.904900000000001e-05
	iters: 100, epoch: 9 | loss: 0.1975159
	speed: 0.1131s/iter; left time: 1215.4275s
	iters: 200, epoch: 9 | loss: 0.1883935
	speed: 0.0516s/iter; left time: 549.3837s
	iters: 300, epoch: 9 | loss: 0.1685865
	speed: 0.0516s/iter; left time: 544.1175s
	iters: 400, epoch: 9 | loss: 0.1531708
	speed: 0.0517s/iter; left time: 539.7590s
	iters: 500, epoch: 9 | loss: 0.1819919
	speed: 0.0516s/iter; left time: 534.2410s
	iters: 600, epoch: 9 | loss: 0.1596032
	speed: 0.0517s/iter; left time: 530.3409s
	iters: 700, epoch: 9 | loss: 0.1527569
	speed: 0.0517s/iter; left time: 525.0576s
	iters: 800, epoch: 9 | loss: 0.1634300
	speed: 0.0517s/iter; left time: 519.2757s
	iters: 900, epoch: 9 | loss: 0.1541090
	speed: 0.0516s/iter; left time: 513.8176s
-------------------------------------------------------------------------------------
Epoch: 9
Cost time: 00h:00m:47.01s
Steps: 904 | Train Loss: 0.1704146 Vali Loss: 0.4038353 Test Loss: 0.4542762
EarlyStopping counter: 5 out of 5
Early stopping
-------------------------------------------------------------------------------------
>>>>>>>testing : IT_96_96_scaler_choice_for_IT_Informer_custom_ftM_sl96_ll48_pl96_dm512_nh8_el2_dl1_df2048_fc5_ebtimeF_dtTrue_lossMSE_Exp_0<<<<<<<<<<<<<<<<<<<<<<<<<<<<<<<<<
test 6145
Scaled mse:0.3854016661643982, rmse:0.6208072900772095, mae:0.4134919345378876, rse:0.568414032459259
Original data scale mse:3884761.25, rmse:1970.979736328125, mae:1295.9857177734375, rse:0.13870589435100555

Extracted Metrics for IT, pred_len=96, iteration=1:
Scaled Metrics - MSE: 0.3854016661643982, RMSE: 0.6208072900772095, MAE: 0.4134919345378876, RSE: 0.568414032459259
Unscaled Metrics - MSE: 3884761.25, RMSE: 1970.979736328125, MAE: 1295.9857177734375, RSE: 0.13870589435100555

=== Starting experiments for pred_len: 168 ===
Args in experiment:
Namespace(random_seed=2021, is_training=1, model_id='IT_96_168_scaler_choice_for_IT', model='Informer', data='custom', root_path='/vol/fob-vol3/nebenf24/riabchuv/my_work-1/datasets/', data_path='IT_data.csv', features='M', target='OT', freq='h', checkpoints='./checkpoints/', overlapping_windows=True, scaler_type='standard', if_relu=False, channel_mixing=0, seq_len=96, label_len=48, pred_len=168, inverse=True, loss_fnc='MSE', fc_dropout=0.05, head_dropout=0.0, patch_len=16, stride=8, padding_patch='end', revin=1, affine=0, subtract_last=0, decomposition=0, kernel_size=25, individual=0, embed_type=0, enc_in=3, dec_in=3, c_out=3, d_model=512, n_heads=8, e_layers=2, d_layers=1, d_ff=2048, moving_avg=25, factor=5, distil=True, dropout=0.1, embed='timeF', activation='gelu', output_attention=False, do_predict=False, num_workers=10, itr=1, train_epochs=20, batch_size=32, patience=5, learning_rate=0.0001, des='Exp', lradj='type3', pct_start=0.3, use_amp=False, use_gpu=True, gpu=0, use_multi_gpu=False, devices='0,1,2,3', test_flop=False)
Use GPU: cuda:0
>>>>>>>start training : IT_96_168_scaler_choice_for_IT_Informer_custom_ftM_sl96_ll48_pl168_dm512_nh8_el2_dl1_df2048_fc5_ebtimeF_dtTrue_lossMSE_Exp_0>>>>>>>>>>>>>>>>>>>>>>>>>>
train 28873
val 6073
test 6073
	iters: 100, epoch: 1 | loss: 1.0599571
	speed: 0.0823s/iter; left time: 1476.1908s
	iters: 200, epoch: 1 | loss: 0.9146472
	speed: 0.0516s/iter; left time: 919.7708s
	iters: 300, epoch: 1 | loss: 0.9862018
	speed: 0.0517s/iter; left time: 916.3574s
	iters: 400, epoch: 1 | loss: 0.9430930
	speed: 0.0513s/iter; left time: 905.7961s
	iters: 500, epoch: 1 | loss: 0.9028535
	speed: 0.0515s/iter; left time: 904.1855s
	iters: 600, epoch: 1 | loss: 0.8925955
	speed: 0.0493s/iter; left time: 860.4688s
	iters: 700, epoch: 1 | loss: 0.8302385
	speed: 0.0518s/iter; left time: 898.2658s
	iters: 800, epoch: 1 | loss: 0.9435801
	speed: 0.0516s/iter; left time: 890.0281s
	iters: 900, epoch: 1 | loss: 0.8077694
	speed: 0.0516s/iter; left time: 884.3360s
-------------------------------------------------------------------------------------
Epoch: 1
Cost time: 00h:00m:47.12s
Steps: 902 | Train Loss: 0.9146074 Vali Loss: 0.7948765 Test Loss: 0.8959451
Validation loss decreased (inf --> 0.794877).  Saving model ...
Updating learning rate to 0.0001
	iters: 100, epoch: 2 | loss: 0.7416722
	speed: 0.1228s/iter; left time: 2093.1566s
	iters: 200, epoch: 2 | loss: 0.7197086
	speed: 0.0516s/iter; left time: 873.9553s
	iters: 300, epoch: 2 | loss: 0.6376743
	speed: 0.0516s/iter; left time: 869.4985s
	iters: 400, epoch: 2 | loss: 0.6235409
	speed: 0.0516s/iter; left time: 864.2817s
	iters: 500, epoch: 2 | loss: 0.4932248
	speed: 0.0516s/iter; left time: 858.9910s
	iters: 600, epoch: 2 | loss: 0.4522580
	speed: 0.0511s/iter; left time: 845.2259s
	iters: 700, epoch: 2 | loss: 0.4234111
	speed: 0.0501s/iter; left time: 823.2990s
	iters: 800, epoch: 2 | loss: 0.4185427
	speed: 0.0511s/iter; left time: 835.2608s
	iters: 900, epoch: 2 | loss: 0.4197146
	speed: 0.0516s/iter; left time: 838.7220s
-------------------------------------------------------------------------------------
Epoch: 2
Cost time: 00h:00m:46.61s
Steps: 902 | Train Loss: 0.5736095 Vali Loss: 0.3972848 Test Loss: 0.4653198
Validation loss decreased (0.794877 --> 0.397285).  Saving model ...
Updating learning rate to 0.0001
	iters: 100, epoch: 3 | loss: 0.4323506
	speed: 0.1291s/iter; left time: 2083.9764s
	iters: 200, epoch: 3 | loss: 0.3972625
	speed: 0.0517s/iter; left time: 829.1890s
	iters: 300, epoch: 3 | loss: 0.3877845
	speed: 0.0517s/iter; left time: 823.6793s
	iters: 400, epoch: 3 | loss: 0.3104851
	speed: 0.0517s/iter; left time: 818.6824s
	iters: 500, epoch: 3 | loss: 0.3706648
	speed: 0.0517s/iter; left time: 814.1062s
	iters: 600, epoch: 3 | loss: 0.3845878
	speed: 0.0516s/iter; left time: 806.5120s
	iters: 700, epoch: 3 | loss: 0.3442249
	speed: 0.0516s/iter; left time: 802.2507s
	iters: 800, epoch: 3 | loss: 0.3448684
	speed: 0.0515s/iter; left time: 795.0149s
	iters: 900, epoch: 3 | loss: 0.3636410
	speed: 0.0516s/iter; left time: 790.9849s
-------------------------------------------------------------------------------------
Epoch: 3
Cost time: 00h:00m:46.92s
Steps: 902 | Train Loss: 0.3729933 Vali Loss: 0.3829978 Test Loss: 0.4045010
Validation loss decreased (0.397285 --> 0.382998).  Saving model ...
Updating learning rate to 0.0001
	iters: 100, epoch: 4 | loss: 0.3502441
	speed: 0.1273s/iter; left time: 1938.6921s
	iters: 200, epoch: 4 | loss: 0.3205854
	speed: 0.0517s/iter; left time: 782.7661s
	iters: 300, epoch: 4 | loss: 0.3474055
	speed: 0.0517s/iter; left time: 776.6885s
	iters: 400, epoch: 4 | loss: 0.3215352
	speed: 0.0517s/iter; left time: 772.7155s
	iters: 500, epoch: 4 | loss: 0.3431256
	speed: 0.0517s/iter; left time: 767.3724s
	iters: 600, epoch: 4 | loss: 0.2975606
	speed: 0.0517s/iter; left time: 761.1627s
	iters: 700, epoch: 4 | loss: 0.3334012
	speed: 0.0517s/iter; left time: 756.9393s
	iters: 800, epoch: 4 | loss: 0.3398586
	speed: 0.0519s/iter; left time: 754.6424s
	iters: 900, epoch: 4 | loss: 0.3267857
	speed: 0.0518s/iter; left time: 747.9781s
-------------------------------------------------------------------------------------
Epoch: 4
Cost time: 00h:00m:46.99s
Steps: 902 | Train Loss: 0.3316460 Vali Loss: 0.3764287 Test Loss: 0.4217106
Validation loss decreased (0.382998 --> 0.376429).  Saving model ...
Updating learning rate to 9e-05
	iters: 100, epoch: 5 | loss: 0.3080970
	speed: 0.1256s/iter; left time: 1800.5005s
	iters: 200, epoch: 5 | loss: 0.2868743
	speed: 0.0519s/iter; left time: 739.0251s
	iters: 300, epoch: 5 | loss: 0.3161268
	speed: 0.0520s/iter; left time: 734.3758s
	iters: 400, epoch: 5 | loss: 0.3128489
	speed: 0.0518s/iter; left time: 726.7395s
	iters: 500, epoch: 5 | loss: 0.2708879
	speed: 0.0520s/iter; left time: 723.8270s
	iters: 600, epoch: 5 | loss: 0.3207425
	speed: 0.0521s/iter; left time: 720.5214s
	iters: 700, epoch: 5 | loss: 0.3223326
	speed: 0.0518s/iter; left time: 711.1901s
	iters: 800, epoch: 5 | loss: 0.2741796
	speed: 0.0518s/iter; left time: 706.7656s
	iters: 900, epoch: 5 | loss: 0.3119611
	speed: 0.0519s/iter; left time: 701.9715s
-------------------------------------------------------------------------------------
Epoch: 5
Cost time: 00h:00m:47.11s
Steps: 902 | Train Loss: 0.2968804 Vali Loss: 0.3735010 Test Loss: 0.4260625
Validation loss decreased (0.376429 --> 0.373501).  Saving model ...
Updating learning rate to 8.1e-05
	iters: 100, epoch: 6 | loss: 0.2857382
	speed: 0.1241s/iter; left time: 1666.4930s
	iters: 200, epoch: 6 | loss: 0.3208684
	speed: 0.0517s/iter; left time: 689.1320s
	iters: 300, epoch: 6 | loss: 0.3019917
	speed: 0.0517s/iter; left time: 683.6566s
	iters: 400, epoch: 6 | loss: 0.2456153
	speed: 0.0512s/iter; left time: 672.3353s
	iters: 500, epoch: 6 | loss: 0.2614456
	speed: 0.0518s/iter; left time: 674.4629s
	iters: 600, epoch: 6 | loss: 0.2548637
	speed: 0.0522s/iter; left time: 674.9946s
	iters: 700, epoch: 6 | loss: 0.2542764
	speed: 0.0519s/iter; left time: 665.6016s
	iters: 800, epoch: 6 | loss: 0.2772080
	speed: 0.0518s/iter; left time: 659.0721s
	iters: 900, epoch: 6 | loss: 0.2557196
	speed: 0.0519s/iter; left time: 656.0120s
-------------------------------------------------------------------------------------
Epoch: 6
Cost time: 00h:00m:47.07s
Steps: 902 | Train Loss: 0.2628448 Vali Loss: 0.3993384 Test Loss: 0.4352078
EarlyStopping counter: 1 out of 5
Updating learning rate to 7.290000000000001e-05
	iters: 100, epoch: 7 | loss: 0.2949790
	speed: 0.1216s/iter; left time: 1523.9224s
	iters: 200, epoch: 7 | loss: 0.2448027
	speed: 0.0517s/iter; left time: 642.3195s
	iters: 300, epoch: 7 | loss: 0.2382711
	speed: 0.0518s/iter; left time: 638.2055s
	iters: 400, epoch: 7 | loss: 0.2376073
	speed: 0.0519s/iter; left time: 635.1735s
	iters: 500, epoch: 7 | loss: 0.2278139
	speed: 0.0514s/iter; left time: 623.5473s
	iters: 600, epoch: 7 | loss: 0.2414389
	speed: 0.0519s/iter; left time: 624.0002s
	iters: 700, epoch: 7 | loss: 0.2097620
	speed: 0.0513s/iter; left time: 611.3947s
	iters: 800, epoch: 7 | loss: 0.2199466
	speed: 0.0515s/iter; left time: 609.3758s
	iters: 900, epoch: 7 | loss: 0.2336553
	speed: 0.0518s/iter; left time: 607.4826s
-------------------------------------------------------------------------------------
Epoch: 7
Cost time: 00h:00m:46.93s
Steps: 902 | Train Loss: 0.2334994 Vali Loss: 0.4261711 Test Loss: 0.4602007
EarlyStopping counter: 2 out of 5
Updating learning rate to 6.561e-05
	iters: 100, epoch: 8 | loss: 0.2245642
	speed: 0.1218s/iter; left time: 1415.9003s
	iters: 200, epoch: 8 | loss: 0.2025407
	speed: 0.0519s/iter; left time: 597.9041s
	iters: 300, epoch: 8 | loss: 0.2375422
	speed: 0.0512s/iter; left time: 584.9635s
	iters: 400, epoch: 8 | loss: 0.2024304
	speed: 0.0519s/iter; left time: 588.3409s
	iters: 500, epoch: 8 | loss: 0.2074630
	speed: 0.0512s/iter; left time: 575.3170s
	iters: 600, epoch: 8 | loss: 0.2052093
	speed: 0.0518s/iter; left time: 576.9294s
	iters: 700, epoch: 8 | loss: 0.2008850
	speed: 0.0519s/iter; left time: 571.7887s
	iters: 800, epoch: 8 | loss: 0.2065239
	speed: 0.0518s/iter; left time: 566.5132s
	iters: 900, epoch: 8 | loss: 0.1829730
	speed: 0.0508s/iter; left time: 550.4341s
-------------------------------------------------------------------------------------
Epoch: 8
Cost time: 00h:00m:46.80s
Steps: 902 | Train Loss: 0.2074005 Vali Loss: 0.4316106 Test Loss: 0.4637832
EarlyStopping counter: 3 out of 5
Updating learning rate to 5.904900000000001e-05
	iters: 100, epoch: 9 | loss: 0.1811360
	speed: 0.1206s/iter; left time: 1293.7010s
	iters: 200, epoch: 9 | loss: 0.1887605
	speed: 0.0511s/iter; left time: 543.3320s
	iters: 300, epoch: 9 | loss: 0.1895094
	speed: 0.0505s/iter; left time: 532.0015s
	iters: 400, epoch: 9 | loss: 0.1703750
	speed: 0.0512s/iter; left time: 533.4924s
	iters: 500, epoch: 9 | loss: 0.1833475
	speed: 0.0513s/iter; left time: 529.4879s
	iters: 600, epoch: 9 | loss: 0.1778692
	speed: 0.0518s/iter; left time: 529.1875s
	iters: 700, epoch: 9 | loss: 0.1967353
	speed: 0.0516s/iter; left time: 522.8551s
	iters: 800, epoch: 9 | loss: 0.1660226
	speed: 0.0517s/iter; left time: 518.6163s
	iters: 900, epoch: 9 | loss: 0.1866916
	speed: 0.0518s/iter; left time: 514.0871s
-------------------------------------------------------------------------------------
Epoch: 9
Cost time: 00h:00m:46.69s
Steps: 902 | Train Loss: 0.1851904 Vali Loss: 0.4627993 Test Loss: 0.4957201
EarlyStopping counter: 4 out of 5
Updating learning rate to 5.3144100000000005e-05
	iters: 100, epoch: 10 | loss: 0.1800543
	speed: 0.1197s/iter; left time: 1175.5895s
	iters: 200, epoch: 10 | loss: 0.1974288
	speed: 0.0502s/iter; left time: 488.5650s
	iters: 300, epoch: 10 | loss: 0.1635192
	speed: 0.0517s/iter; left time: 497.9180s
	iters: 400, epoch: 10 | loss: 0.1809885
	speed: 0.0516s/iter; left time: 491.3303s
	iters: 500, epoch: 10 | loss: 0.1682457
	speed: 0.0503s/iter; left time: 473.6145s
	iters: 600, epoch: 10 | loss: 0.1658060
	speed: 0.0516s/iter; left time: 481.3395s
	iters: 700, epoch: 10 | loss: 0.1527503
	speed: 0.0516s/iter; left time: 476.1106s
	iters: 800, epoch: 10 | loss: 0.1724045
	speed: 0.0511s/iter; left time: 465.7599s
	iters: 900, epoch: 10 | loss: 0.1535063
	speed: 0.0517s/iter; left time: 466.9235s
-------------------------------------------------------------------------------------
Epoch: 10
Cost time: 00h:00m:46.47s
Steps: 902 | Train Loss: 0.1671392 Vali Loss: 0.4554501 Test Loss: 0.4908405
EarlyStopping counter: 5 out of 5
Early stopping
-------------------------------------------------------------------------------------
>>>>>>>testing : IT_96_168_scaler_choice_for_IT_Informer_custom_ftM_sl96_ll48_pl168_dm512_nh8_el2_dl1_df2048_fc5_ebtimeF_dtTrue_lossMSE_Exp_0<<<<<<<<<<<<<<<<<<<<<<<<<<<<<<<<<
test 6073
Scaled mse:0.42608726024627686, rmse:0.6527535915374756, mae:0.42866116762161255, rse:0.5978423357009888
Original data scale mse:4238251.5, rmse:2058.701416015625, mae:1349.240234375, rse:0.14501526951789856

Extracted Metrics for IT, pred_len=168, iteration=1:
Scaled Metrics - MSE: 0.42608726024627686, RMSE: 0.6527535915374756, MAE: 0.42866116762161255, RSE: 0.5978423357009888
Unscaled Metrics - MSE: 4238251.5, RMSE: 2058.701416015625, MAE: 1349.240234375, RSE: 0.14501526951789856
