
=== Starting experiments for country: DE ===

=== Starting experiments for pred_len: 24 ===

--- Running model for DE, pred_len=24 ---
Args in experiment:
Namespace(random_seed=2021, is_training=1, model_id='DE_96_24_DE', model='Informer', data='custom', root_path='/vol/fob-vol3/nebenf24/riabchuv/my_work-1/datasets/', data_path='DE_data.csv', features='M', target='OT', freq='h', checkpoints='./checkpoints/', overlapping_windows=True, scaler_type='minmax', if_relu=True, channel_mixing=0, seq_len=96, label_len=48, pred_len=24, inverse=False, loss_fnc='MSE', fc_dropout=0.05, head_dropout=0.0, patch_len=16, stride=8, padding_patch='end', revin=1, affine=0, subtract_last=0, decomposition=0, kernel_size=25, individual=0, embed_type=0, enc_in=5, dec_in=5, c_out=5, d_model=512, n_heads=8, e_layers=2, d_layers=1, d_ff=2048, moving_avg=25, factor=5, distil=True, dropout=0.1, embed='timeF', activation='gelu', output_attention=False, do_predict=False, num_workers=10, itr=2, train_epochs=20, batch_size=32, patience=5, learning_rate=0.0001, des='Exp', lradj='type3', pct_start=0.3, use_amp=False, use_gpu=True, gpu=0, use_multi_gpu=False, devices='0,1,2,3', test_flop=False)
Use GPU: cuda:0
>>>>>>>start training : DE_96_24_DE_Informer_custom_ftM_sl96_ll48_pl24_dm512_nh8_el2_dl1_df2048_fc5_ebtimeF_dtTrue_lossMSE_Exp_0>>>>>>>>>>>>>>>>>>>>>>>>>>
train 29017
val 6217
test 6217
	iters: 100, epoch: 1 | loss: 0.0889540
	speed: 0.2069s/iter; left time: 3728.2265s
	iters: 200, epoch: 1 | loss: 0.0714957
	speed: 0.1735s/iter; left time: 3108.5000s
	iters: 300, epoch: 1 | loss: 0.0649580
	speed: 0.1727s/iter; left time: 3077.5057s
	iters: 400, epoch: 1 | loss: 0.0558894
	speed: 0.1754s/iter; left time: 3108.5349s
	iters: 500, epoch: 1 | loss: 0.0513557
	speed: 0.1746s/iter; left time: 3076.5704s
	iters: 600, epoch: 1 | loss: 0.0467323
	speed: 0.1720s/iter; left time: 3013.4940s
	iters: 700, epoch: 1 | loss: 0.0564197
	speed: 0.1721s/iter; left time: 2998.3119s
	iters: 800, epoch: 1 | loss: 0.0399588
	speed: 0.1759s/iter; left time: 3045.9196s
	iters: 900, epoch: 1 | loss: 0.0373530
	speed: 0.1744s/iter; left time: 3003.0206s
-------------------------------------------------------------------------------------
Epoch: 1
Cost time: 00h:02m:38.91s
Steps: 906 | Train Loss: 0.0623005 Vali Loss: 0.0411079 Test Loss: 0.0449583
Validation loss decreased (inf --> 0.041108).  Saving model ...
Updating learning rate to 0.0001
	iters: 100, epoch: 2 | loss: 0.0251013
	speed: 0.5419s/iter; left time: 9273.9893s
	iters: 200, epoch: 2 | loss: 0.0291056
	speed: 0.1744s/iter; left time: 2968.0396s
	iters: 300, epoch: 2 | loss: 0.0237322
	speed: 0.1745s/iter; left time: 2951.8621s
	iters: 400, epoch: 2 | loss: 0.0179212
	speed: 0.1744s/iter; left time: 2931.9447s
	iters: 500, epoch: 2 | loss: 0.0191282
	speed: 0.1751s/iter; left time: 2927.5687s
	iters: 600, epoch: 2 | loss: 0.0162809
	speed: 0.1751s/iter; left time: 2908.5466s
	iters: 700, epoch: 2 | loss: 0.0181878
	speed: 0.1751s/iter; left time: 2891.7289s
	iters: 800, epoch: 2 | loss: 0.0173230
	speed: 0.1743s/iter; left time: 2861.5360s
	iters: 900, epoch: 2 | loss: 0.0163690
	speed: 0.1757s/iter; left time: 2867.0520s
-------------------------------------------------------------------------------------
Epoch: 2
Cost time: 00h:02m:38.84s
Steps: 906 | Train Loss: 0.0212079 Vali Loss: 0.0231991 Test Loss: 0.0246498
Validation loss decreased (0.041108 --> 0.023199).  Saving model ...
Updating learning rate to 0.0001
	iters: 100, epoch: 3 | loss: 0.0189414
	speed: 0.5421s/iter; left time: 8786.3614s
	iters: 200, epoch: 3 | loss: 0.0161498
	speed: 0.1771s/iter; left time: 2853.3689s
	iters: 300, epoch: 3 | loss: 0.0150468
	speed: 0.1748s/iter; left time: 2798.9766s
	iters: 400, epoch: 3 | loss: 0.0135456
	speed: 0.1755s/iter; left time: 2792.6746s
	iters: 500, epoch: 3 | loss: 0.0156522
	speed: 0.1760s/iter; left time: 2781.6391s
	iters: 600, epoch: 3 | loss: 0.0142451
	speed: 0.1750s/iter; left time: 2749.8366s
	iters: 700, epoch: 3 | loss: 0.0127103
	speed: 0.1750s/iter; left time: 2732.2606s
	iters: 800, epoch: 3 | loss: 0.0153899
	speed: 0.1747s/iter; left time: 2709.3029s
	iters: 900, epoch: 3 | loss: 0.0145129
	speed: 0.1758s/iter; left time: 2708.7569s
-------------------------------------------------------------------------------------
Epoch: 3
Cost time: 00h:02m:39.43s
Steps: 906 | Train Loss: 0.0150910 Vali Loss: 0.0236837 Test Loss: 0.0250194
EarlyStopping counter: 1 out of 5
Updating learning rate to 0.0001
	iters: 100, epoch: 4 | loss: 0.0123212
	speed: 0.5318s/iter; left time: 8137.4269s
	iters: 200, epoch: 4 | loss: 0.0131628
	speed: 0.1754s/iter; left time: 2667.2937s
	iters: 300, epoch: 4 | loss: 0.0137543
	speed: 0.1752s/iter; left time: 2645.5209s
	iters: 400, epoch: 4 | loss: 0.0127360
	speed: 0.1749s/iter; left time: 2623.4008s
	iters: 500, epoch: 4 | loss: 0.0162075
	speed: 0.1755s/iter; left time: 2615.8156s
	iters: 600, epoch: 4 | loss: 0.0164934
	speed: 0.1761s/iter; left time: 2606.2134s
	iters: 700, epoch: 4 | loss: 0.0157711
	speed: 0.1744s/iter; left time: 2564.5541s
	iters: 800, epoch: 4 | loss: 0.0139742
	speed: 0.1764s/iter; left time: 2575.3632s
	iters: 900, epoch: 4 | loss: 0.0091856
	speed: 0.1748s/iter; left time: 2535.2420s
-------------------------------------------------------------------------------------
Epoch: 4
Cost time: 00h:02m:39.09s
Steps: 906 | Train Loss: 0.0137226 Vali Loss: 0.0223549 Test Loss: 0.0245243
Validation loss decreased (0.023199 --> 0.022355).  Saving model ...
Updating learning rate to 9e-05
	iters: 100, epoch: 5 | loss: 0.0122703
	speed: 0.5405s/iter; left time: 7781.3033s
	iters: 200, epoch: 5 | loss: 0.0130608
	speed: 0.1746s/iter; left time: 2496.0824s
	iters: 300, epoch: 5 | loss: 0.0119467
	speed: 0.1748s/iter; left time: 2481.0066s
	iters: 400, epoch: 5 | loss: 0.0161895
	speed: 0.1763s/iter; left time: 2486.0054s
	iters: 500, epoch: 5 | loss: 0.0131754
	speed: 0.1763s/iter; left time: 2467.1640s
	iters: 600, epoch: 5 | loss: 0.0152469
	speed: 0.1766s/iter; left time: 2453.7147s
	iters: 700, epoch: 5 | loss: 0.0146566
	speed: 0.1752s/iter; left time: 2416.7342s
	iters: 800, epoch: 5 | loss: 0.0132227
	speed: 0.1753s/iter; left time: 2401.4900s
	iters: 900, epoch: 5 | loss: 0.0157489
	speed: 0.1753s/iter; left time: 2383.6683s
-------------------------------------------------------------------------------------
Epoch: 5
Cost time: 00h:02m:39.36s
